#
# A fatal error has been detected by the Java Runtime Environment:
#
#  EXCEPTION_ACCESS_VIOLATION (0xc0000005) at pc=0x000000005f175ab8, pid=1776, tid=0x0000000000001ca8
#
# JRE version: OpenJDK Runtime Environment (8.0_242-b01) (build 1.8.0_242-release-1644-b01)
# Java VM: OpenJDK 64-Bit Server VM (25.242-b01 mixed mode windows-amd64 compressed oops)
# Problematic frame:
# V  [jvm.dll+0x115ab8]
#
# Failed to write core dump. Minidumps are not enabled by default on client versions of Windows
#
# If you would like to submit a bug report, please visit:
#   
#

---------------  T H R E A D  ---------------

Current thread (0x00000000027b8800):  GCTaskThread [stack: 0x0000000012b90000,0x0000000012c90000] [id=7336]

siginfo: ExceptionCode=0xc0000005, reading address 0xffffffffffffffff

Registers:
RAX=0x0000000012e90000, RBX=0x00000000000002e6, RCX=0x0000000000000000, RDX=0x0000000000000010
RSP=0x0000000012c8fb90, RBP=0x000000000288b0a0, RSI=0x00000006c1892b58, RDI=0x0000000000000080
R8 =0x007ffffffca00000, R9 =0x000000000288b0a0, R10=0x0000000000002bfe, R11=0x00000006c2b81348
R12=0x00000006c1893248, R13=0x0000000000001e00, R14=0x00000006c188ba38, R15=0x0000000000004000
RIP=0x000000005f175ab8, EFLAGS=0x0000000000010202

Top of Stack: (sp=0x0000000012c8fb90)
0x0000000012c8fb90:   000000001c71b030 000000005f14f85a
0x0000000012c8fba0:   00000007c0000ea8 00000006c0b5238c
0x0000000012c8fbb0:   0000000000000002 000000005f259622
0x0000000012c8fbc0:   0000000000000000 00000000027b8fd0
0x0000000012c8fbd0:   00000000027b1cb0 0000000000001c00
0x0000000012c8fbe0:   00000000000002e6 000000005f429cfa
0x0000000012c8fbf0:   000000000288b0a0 00000006c188ba38
0x0000000012c8fc00:   000000005f67d5d8 000000005f67d5d8
0x0000000012c8fc10:   00009f3d00002be2 00009f3e00002be2
0x0000000012c8fc20:   0000000028dad390 00000006c188ba38
0x0000000012c8fc30:   0000000000001c00 000000005f14e4d2
0x0000000012c8fc40:   00000006c0ed1ad0 0000000000000000
0x0000000012c8fc50:   0000000000000000 00000000027b1cb0
0x0000000012c8fc60:   00000000027b8fe0 00000000027b8fd0
0x0000000012c8fc70:   000000005f67d5d8 000000000288b0a0
0x0000000012c8fc80:   0000000000000000 0000000012c8fd09 

Instructions: (pc=0x000000005f175ab8)
0x000000005f175a98:   05 93 95 6b 00 49 c1 e8 03 49 d3 e8 41 0f b6 c0
0x000000005f175aa8:   49 c1 e8 06 24 3f 0f b6 d0 48 8b 05 a8 95 6b 00
0x000000005f175ab8:   4a 8b 0c c0 48 0f a3 d1 72 3e 48 8b cf e8 36 1d
0x000000005f175ac8:   fd ff 84 c0 74 32 48 8b d7 48 8b cd e8 f7 dd fc 


Register to memory mapping:

RAX=0x0000000012e90000 is an unknown value
RBX=0x00000000000002e6 is an unknown value
RCX=0x0000000000000000 is an unknown value
RDX=0x0000000000000010 is an unknown value
RSP=0x0000000012c8fb90 is an unknown value
RBP=0x000000000288b0a0 is an unknown value
RSI=0x00000006c1892b58 is pointing into object: 0x00000006c188ba38
[Ljava.util.concurrent.ConcurrentHashMap$Node; 
 - klass: 'java/util/concurrent/ConcurrentHashMap$Node'[]
 - length: 16384
RDI=0x0000000000000080 is an unknown value
R8 =0x007ffffffca00000 is an unknown value
R9 =0x000000000288b0a0 is an unknown value
R10=0x0000000000002bfe is an unknown value
R11=0x00000006c2b81348 is an oop
java.util.concurrent.ConcurrentHashMap$Node 
 - klass: 'java/util/concurrent/ConcurrentHashMap$Node'
R12=0x00000006c1893248 is pointing into object: 0x00000006c188ba38
[Ljava.util.concurrent.ConcurrentHashMap$Node; 
 - klass: 'java/util/concurrent/ConcurrentHashMap$Node'[]
 - length: 16384
R13=0x0000000000001e00 is an unknown value
R14=0x00000006c188ba38 is an oop
[Ljava.util.concurrent.ConcurrentHashMap$Node; 
 - klass: 'java/util/concurrent/ConcurrentHashMap$Node'[]
 - length: 16384
R15=0x0000000000004000 is an unknown value


Stack: [0x0000000012b90000,0x0000000012c90000],  sp=0x0000000012c8fb90,  free space=1022k
Native frames: (J=compiled Java code, j=interpreted, Vv=VM code, C=native code)
V  [jvm.dll+0x115ab8]
V  [jvm.dll+0x3c9cfa]
V  [jvm.dll+0x3c6cc0]
V  [jvm.dll+0x3c482e]
V  [jvm.dll+0x27276a]
C  [msvcr100.dll+0x21d9f]
C  [msvcr100.dll+0x21e3b]
C  [KERNEL32.DLL+0x17034]
C  [ntdll.dll+0x4cec1]


---------------  P R O C E S S  ---------------

Java Threads: ( => current thread )
  0x00000000359cc800 JavaThread "ForkJoinPool-19-worker-0" daemon [_thread_blocked, id=6664, stack(0x0000000041120000,0x0000000041220000)]
  0x00000000359d8800 JavaThread "ForkJoinPool-19-worker-1" daemon [_thread_blocked, id=5752, stack(0x000000002a920000,0x000000002aa20000)]
  0x00000000359cb000 JavaThread "WorkerExecutor Queue Thread 5" [_thread_blocked, id=8800, stack(0x0000000040e10000,0x0000000040f10000)]
  0x00000000359d2000 JavaThread "stdout" [_thread_in_native, id=5696, stack(0x0000000040b10000,0x0000000040c10000)]
  0x00000000359ca000 JavaThread "stderr" [_thread_in_native, id=5784, stack(0x0000000040a10000,0x0000000040b10000)]
  0x00000000359d1000 JavaThread "stdout" [_thread_in_native, id=10784, stack(0x0000000040910000,0x0000000040a10000)]
  0x00000000359cd800 JavaThread "stderr" [_thread_in_native, id=4276, stack(0x0000000040810000,0x0000000040910000)]
  0x00000000359cb800 JavaThread "WorkerExecutor Queue Thread 4" [_thread_blocked, id=11620, stack(0x000000003caf0000,0x000000003cbf0000)]
  0x00000000359d0800 JavaThread "stdout" [_thread_in_native, id=12844, stack(0x000000003c7a0000,0x000000003c8a0000)]
  0x00000000224da800 JavaThread "stderr" [_thread_in_native, id=2292, stack(0x000000003b410000,0x000000003b510000)]
  0x00000000224cd000 JavaThread "stdout" [_thread_in_native, id=1508, stack(0x000000003b310000,0x000000003b410000)]
  0x00000000224d3800 JavaThread "stderr" [_thread_in_native, id=8496, stack(0x000000003b210000,0x000000003b310000)]
  0x00000000224d1800 JavaThread "WorkerExecutor Queue Thread 3" [_thread_blocked, id=4180, stack(0x000000002ab20000,0x000000002ac20000)]
  0x00000000224cc000 JavaThread "pool-27-thread-1" [_thread_blocked, id=10904, stack(0x000000002aa20000,0x000000002ab20000)]
  0x00000000224cf000 JavaThread "WorkerExecutor Queue" [_thread_blocked, id=4176, stack(0x0000000029df0000,0x0000000029ef0000)]
  0x00000000240da000 JavaThread "Cache worker for execution history cache (D:\LocalDiskE\Madesh\Projects\SubamTamilCalendar\SubamCalendar\.gradle\6.5\executionHistory)" [_thread_blocked, id=7092, stack(0x0000000029cf0000,0x0000000029df0000)]
  0x00000000240d5800 JavaThread "Execution worker for ':' Thread 3" [_thread_blocked, id=9416, stack(0x00000000384d0000,0x00000000385d0000)]
  0x00000000240dc000 JavaThread "Execution worker for ':' Thread 2" [_thread_blocked, id=10960, stack(0x00000000383d0000,0x00000000384d0000)]
  0x00000000240da800 JavaThread "Execution worker for ':'" [_thread_blocked, id=4504, stack(0x00000000378b0000,0x00000000379b0000)]
  0x00000000240d7800 JavaThread "Cache worker for file content cache (D:\LocalDiskE\Madesh\Projects\SubamTamilCalendar\SubamCalendar\.gradle\6.5\fileContent)" [_thread_blocked, id=5664, stack(0x0000000036ec0000,0x0000000036fc0000)]
  0x00000000240d6000 JavaThread "pool-26-thread-1" [_thread_blocked, id=9288, stack(0x0000000036bc0000,0x0000000036cc0000)]
  0x00000000240d7000 JavaThread "Cache worker for Build Output Cleanup Cache (D:\LocalDiskE\Madesh\Projects\SubamTamilCalendar\SubamCalendar\.gradle\buildOutputCleanup)" [_thread_blocked, id=2260, stack(0x0000000036ac0000,0x0000000036bc0000)]
  0x00000000240d4800 JavaThread "jar transforms Thread 645" [_thread_blocked, id=9564, stack(0x00000000369c0000,0x0000000036ac0000)]
  0x00000000240db800 JavaThread "jar transforms Thread 644" [_thread_blocked, id=10664, stack(0x00000000368c0000,0x00000000369c0000)]
  0x00000000240ce000 JavaThread "jar transforms Thread 643" [_thread_blocked, id=3200, stack(0x00000000367c0000,0x00000000368c0000)]
  0x00000000240d3000 JavaThread "jar transforms Thread 642" [_thread_blocked, id=10584, stack(0x00000000366c0000,0x00000000367c0000)]
  0x00000000240d1000 JavaThread "jar transforms Thread 641" [_thread_blocked, id=8424, stack(0x00000000365c0000,0x00000000366c0000)]
  0x00000000240d2800 JavaThread "jar transforms Thread 640" [_thread_blocked, id=4808, stack(0x00000000364c0000,0x00000000365c0000)]
  0x00000000240d1800 JavaThread "jar transforms Thread 639" [_thread_blocked, id=6172, stack(0x00000000362c0000,0x00000000363c0000)]
  0x00000000240cd000 JavaThread "jar transforms Thread 638" [_thread_blocked, id=4532, stack(0x00000000361c0000,0x00000000362c0000)]
  0x000000002314e800 JavaThread "jar transforms Thread 637" [_thread_blocked, id=5608, stack(0x00000000360c0000,0x00000000361c0000)]
  0x000000002314d000 JavaThread "jar transforms Thread 636" [_thread_blocked, id=11252, stack(0x0000000035fc0000,0x00000000360c0000)]
  0x000000002314b800 JavaThread "jar transforms Thread 635" [_thread_blocked, id=12096, stack(0x0000000035ec0000,0x0000000035fc0000)]
  0x0000000023144000 JavaThread "jar transforms Thread 634" [_thread_blocked, id=9896, stack(0x0000000035dc0000,0x0000000035ec0000)]
  0x000000002314a800 JavaThread "jar transforms Thread 633" [_thread_blocked, id=12160, stack(0x0000000034a90000,0x0000000034b90000)]
  0x0000000023143000 JavaThread "jar transforms Thread 632" [_thread_blocked, id=5788, stack(0x0000000034990000,0x0000000034a90000)]
  0x000000002314a000 JavaThread "jar transforms Thread 631" [_thread_blocked, id=1892, stack(0x0000000034890000,0x0000000034990000)]
  0x0000000023148800 JavaThread "jar transforms Thread 630" [_thread_blocked, id=10872, stack(0x0000000034790000,0x0000000034890000)]
  0x0000000023149000 JavaThread "jar transforms Thread 629" [_thread_blocked, id=10312, stack(0x0000000034690000,0x0000000034790000)]
  0x0000000023146000 JavaThread "jar transforms Thread 628" [_thread_blocked, id=9540, stack(0x00000000340c0000,0x00000000341c0000)]
  0x0000000023141000 JavaThread "jar transforms Thread 627" [_thread_blocked, id=9920, stack(0x0000000031b10000,0x0000000031c10000)]
  0x0000000023147800 JavaThread "jar transforms Thread 626" [_thread_blocked, id=2620, stack(0x00000000307f0000,0x00000000308f0000)]
  0x0000000023144800 JavaThread "jar transforms Thread 625" [_thread_blocked, id=9864, stack(0x00000000304f0000,0x00000000305f0000)]
  0x0000000023141800 JavaThread "jar transforms Thread 624" [_thread_blocked, id=13168, stack(0x00000000303f0000,0x00000000304f0000)]
  0x0000000023142800 JavaThread "jar transforms Thread 623" [_thread_blocked, id=596, stack(0x00000000302f0000,0x00000000303f0000)]
  0x0000000023145800 JavaThread "jar transforms Thread 622" [_thread_blocked, id=3404, stack(0x00000000300f0000,0x00000000301f0000)]
  0x0000000023147000 JavaThread "jar transforms Thread 621" [_thread_blocked, id=12296, stack(0x000000002fff0000,0x00000000300f0000)]
  0x000000001e50e000 JavaThread "jar transforms Thread 620" [_thread_blocked, id=5700, stack(0x000000002fef0000,0x000000002fff0000)]
  0x000000001e510800 JavaThread "jar transforms Thread 619" [_thread_blocked, id=9876, stack(0x000000002fdf0000,0x000000002fef0000)]
  0x000000001e512000 JavaThread "jar transforms Thread 618" [_thread_blocked, id=12568, stack(0x000000002fcf0000,0x000000002fdf0000)]
  0x000000001e50f000 JavaThread "jar transforms Thread 617" [_thread_blocked, id=10892, stack(0x000000002fbf0000,0x000000002fcf0000)]
  0x000000001e511000 JavaThread "jar transforms Thread 616" [_thread_blocked, id=4760, stack(0x000000002faf0000,0x000000002fbf0000)]
  0x000000001e50f800 JavaThread "jar transforms Thread 615" [_thread_blocked, id=10480, stack(0x000000002f9f0000,0x000000002faf0000)]
  0x000000001e514000 JavaThread "jar transforms Thread 614" [_thread_blocked, id=1584, stack(0x000000002f8f0000,0x000000002f9f0000)]
  0x000000001e507000 JavaThread "jar transforms Thread 613" [_thread_blocked, id=2520, stack(0x000000002f7f0000,0x000000002f8f0000)]
  0x000000001e506800 JavaThread "jar transforms Thread 612" [_thread_blocked, id=2652, stack(0x000000002f6f0000,0x000000002f7f0000)]
  0x000000001e50d000 JavaThread "jar transforms Thread 611" [_thread_blocked, id=4752, stack(0x000000002f5f0000,0x000000002f6f0000)]
  0x000000001e50c800 JavaThread "jar transforms Thread 610" [_thread_blocked, id=4492, stack(0x000000002f4f0000,0x000000002f5f0000)]
  0x000000001e508000 JavaThread "jar transforms Thread 609" [_thread_blocked, id=11108, stack(0x000000002f3f0000,0x000000002f4f0000)]
  0x000000001e508800 JavaThread "jar transforms Thread 608" [_thread_blocked, id=11332, stack(0x000000002f2f0000,0x000000002f3f0000)]
  0x000000001e505000 JavaThread "jar transforms Thread 607" [_thread_blocked, id=6924, stack(0x000000002f1f0000,0x000000002f2f0000)]
  0x000000001e50a000 JavaThread "jar transforms Thread 606" [_thread_blocked, id=4848, stack(0x000000002f0f0000,0x000000002f1f0000)]
  0x000000001e509800 JavaThread "jar transforms Thread 605" [_thread_blocked, id=12900, stack(0x000000002eff0000,0x000000002f0f0000)]
  0x000000001e505800 JavaThread "jar transforms Thread 604" [_thread_blocked, id=2476, stack(0x000000002eef0000,0x000000002eff0000)]
  0x000000001e50b800 JavaThread "jar transforms Thread 603" [_thread_blocked, id=6856, stack(0x000000002edf0000,0x000000002eef0000)]
  0x000000001e50b000 JavaThread "jar transforms Thread 602" [_thread_blocked, id=13292, stack(0x000000002ecf0000,0x000000002edf0000)]
  0x00000000238aa800 JavaThread "jar transforms Thread 601" [_thread_blocked, id=2444, stack(0x000000002ebf0000,0x000000002ecf0000)]
  0x00000000238aa000 JavaThread "jar transforms Thread 600" [_thread_blocked, id=5884, stack(0x000000002eaf0000,0x000000002ebf0000)]
  0x00000000238a7800 JavaThread "jar transforms Thread 599" [_thread_blocked, id=12592, stack(0x000000002e9f0000,0x000000002eaf0000)]
  0x00000000238a7000 JavaThread "jar transforms Thread 598" [_thread_blocked, id=11188, stack(0x000000002e8f0000,0x000000002e9f0000)]
  0x00000000238a9000 JavaThread "jar transforms Thread 597" [_thread_blocked, id=11636, stack(0x000000002e7f0000,0x000000002e8f0000)]
  0x00000000238a6000 JavaThread "jar transforms Thread 596" [_thread_blocked, id=4804, stack(0x000000002e6f0000,0x000000002e7f0000)]
  0x00000000238ab800 JavaThread "jar transforms Thread 595" [_thread_blocked, id=6708, stack(0x000000002e5f0000,0x000000002e6f0000)]
  0x00000000238a8800 JavaThread "jar transforms Thread 594" [_thread_blocked, id=12564, stack(0x000000002e4f0000,0x000000002e5f0000)]
  0x00000000238a5800 JavaThread "jar transforms Thread 593" [_thread_blocked, id=10236, stack(0x000000002e3f0000,0x000000002e4f0000)]
  0x000000002389d000 JavaThread "jar transforms Thread 592" [_thread_blocked, id=11868, stack(0x000000002e0d0000,0x000000002e1d0000)]
  0x00000000238a4000 JavaThread "jar transforms Thread 591" [_thread_blocked, id=9220, stack(0x000000002dfd0000,0x000000002e0d0000)]
  0x00000000238a3000 JavaThread "jar transforms Thread 590" [_thread_blocked, id=3156, stack(0x000000002ded0000,0x000000002dfd0000)]
  0x00000000238a2800 JavaThread "jar transforms Thread 589" [_thread_blocked, id=7436, stack(0x000000002ddd0000,0x000000002ded0000)]
  0x000000002389e000 JavaThread "jar transforms Thread 588" [_thread_blocked, id=11548, stack(0x000000002dcd0000,0x000000002ddd0000)]
  0x00000000238a1800 JavaThread "jar transforms Thread 587" [_thread_blocked, id=10648, stack(0x000000002dbd0000,0x000000002dcd0000)]
  0x000000002389e800 JavaThread "jar transforms Thread 586" [_thread_blocked, id=12416, stack(0x000000002dad0000,0x000000002dbd0000)]
  0x000000002389b000 JavaThread "jar transforms Thread 585" [_thread_blocked, id=11940, stack(0x000000002d9d0000,0x000000002dad0000)]
  0x000000002389a000 JavaThread "jar transforms Thread 584" [_thread_blocked, id=4524, stack(0x000000002d8d0000,0x000000002d9d0000)]
  0x00000000238a1000 JavaThread "jar transforms Thread 583" [_thread_blocked, id=456, stack(0x000000002d7d0000,0x000000002d8d0000)]
  0x0000000023895800 JavaThread "jar transforms Thread 582" [_thread_blocked, id=3280, stack(0x000000002d6d0000,0x000000002d7d0000)]
  0x000000002388c800 JavaThread "jar transforms Thread 581" [_thread_blocked, id=4368, stack(0x000000002d5d0000,0x000000002d6d0000)]
  0x000000002388f800 JavaThread "jar transforms Thread 580" [_thread_blocked, id=1896, stack(0x000000002d4d0000,0x000000002d5d0000)]
  0x0000000023893800 JavaThread "jar transforms Thread 579" [_thread_blocked, id=11024, stack(0x000000002d3d0000,0x000000002d4d0000)]
  0x0000000023892800 JavaThread "jar transforms Thread 578" [_thread_blocked, id=7772, stack(0x000000002d2d0000,0x000000002d3d0000)]
  0x00000000350a0800 JavaThread "jar transforms Thread 577" [_thread_blocked, id=12360, stack(0x000000002d1d0000,0x000000002d2d0000)]
  0x000000003509f000 JavaThread "jar transforms Thread 576" [_thread_blocked, id=5280, stack(0x000000002d0d0000,0x000000002d1d0000)]
  0x000000003509f800 JavaThread "jar transforms Thread 575" [_thread_blocked, id=9144, stack(0x000000002cfd0000,0x000000002d0d0000)]
  0x000000003509b000 JavaThread "jar transforms Thread 574" [_thread_blocked, id=2948, stack(0x000000002ced0000,0x000000002cfd0000)]
  0x0000000035097800 JavaThread "jar transforms Thread 573" [_thread_blocked, id=412, stack(0x000000002cdd0000,0x000000002ced0000)]
  0x000000003509e000 JavaThread "jar transforms Thread 572" [_thread_blocked, id=6760, stack(0x000000002ccd0000,0x000000002cdd0000)]
  0x000000003509a800 JavaThread "jar transforms Thread 571" [_thread_blocked, id=4584, stack(0x000000002cbd0000,0x000000002ccd0000)]
  0x0000000035096800 JavaThread "jar transforms Thread 570" [_thread_blocked, id=12220, stack(0x000000002cad0000,0x000000002cbd0000)]
  0x0000000035099800 JavaThread "jar transforms Thread 569" [_thread_blocked, id=7488, stack(0x000000002c9d0000,0x000000002cad0000)]
  0x000000003508f000 JavaThread "jar transforms Thread 568" [_thread_blocked, id=6808, stack(0x000000002c8d0000,0x000000002c9d0000)]
  0x0000000035096000 JavaThread "jar transforms Thread 567" [_thread_blocked, id=10056, stack(0x000000002c7d0000,0x000000002c8d0000)]
  0x0000000035095000 JavaThread "jar transforms Thread 566" [_thread_blocked, id=6764, stack(0x000000002c6d0000,0x000000002c7d0000)]
  0x000000003508e000 JavaThread "jar transforms Thread 565" [_thread_blocked, id=4192, stack(0x000000002c5d0000,0x000000002c6d0000)]
  0x0000000035094800 JavaThread "jar transforms Thread 564" [_thread_blocked, id=10368, stack(0x000000002c4d0000,0x000000002c5d0000)]
  0x0000000035093800 JavaThread "jar transforms Thread 563" [_thread_blocked, id=12904, stack(0x000000002c3d0000,0x000000002c4d0000)]
  0x000000003508b000 JavaThread "jar transforms Thread 562" [_thread_blocked, id=11572, stack(0x000000002c2d0000,0x000000002c3d0000)]
  0x0000000035092000 JavaThread "jar transforms Thread 561" [_thread_blocked, id=11484, stack(0x000000002c1d0000,0x000000002c2d0000)]
  0x000000003508c800 JavaThread "jar transforms Thread 560" [_thread_blocked, id=12164, stack(0x000000002c0d0000,0x000000002c1d0000)]
  0x000000003508d800 JavaThread "jar transforms Thread 559" [_thread_blocked, id=5068, stack(0x000000002bfd0000,0x000000002c0d0000)]
  0x000000003508a800 JavaThread "jar transforms Thread 558" [_thread_blocked, id=12244, stack(0x000000002bed0000,0x000000002bfd0000)]
  0x0000000035089800 JavaThread "jar transforms Thread 557" [_thread_blocked, id=10172, stack(0x000000002bdd0000,0x000000002bed0000)]
  0x0000000035082000 JavaThread "jar transforms Thread 556" [_thread_blocked, id=1824, stack(0x000000002bcd0000,0x000000002bdd0000)]
  0x0000000035086000 JavaThread "jar transforms Thread 555" [_thread_blocked, id=1224, stack(0x000000002bbd0000,0x000000002bcd0000)]
  0x0000000035085000 JavaThread "jar transforms Thread 554" [_thread_blocked, id=8720, stack(0x000000002bad0000,0x000000002bbd0000)]
  0x0000000035089000 JavaThread "jar transforms Thread 553" [_thread_blocked, id=3212, stack(0x000000002b9d0000,0x000000002bad0000)]
  0x0000000035088000 JavaThread "jar transforms Thread 552" [_thread_blocked, id=6528, stack(0x000000002b8d0000,0x000000002b9d0000)]
  0x0000000035087800 JavaThread "jar transforms Thread 551" [_thread_blocked, id=6248, stack(0x000000002b7d0000,0x000000002b8d0000)]
  0x0000000035084800 JavaThread "jar transforms Thread 550" [_thread_blocked, id=9352, stack(0x000000002b6d0000,0x000000002b7d0000)]
  0x0000000035083800 JavaThread "jar transforms Thread 549" [_thread_blocked, id=10652, stack(0x000000002b5d0000,0x000000002b6d0000)]
  0x0000000035081800 JavaThread "jar transforms Thread 548" [_thread_blocked, id=2412, stack(0x000000002b4d0000,0x000000002b5d0000)]
  0x0000000035083000 JavaThread "jar transforms Thread 547" [_thread_blocked, id=3344, stack(0x000000002b3d0000,0x000000002b4d0000)]
  0x000000003f01a800 JavaThread "jar transforms Thread 546" [_thread_blocked, id=12028, stack(0x000000002b2d0000,0x000000002b3d0000)]
  0x000000003f019800 JavaThread "jar transforms Thread 545" [_thread_blocked, id=13204, stack(0x000000002b1d0000,0x000000002b2d0000)]
  0x000000003f012000 JavaThread "jar transforms Thread 544" [_thread_blocked, id=13052, stack(0x000000002b0d0000,0x000000002b1d0000)]
  0x000000003f015000 JavaThread "jar transforms Thread 543" [_thread_blocked, id=452, stack(0x000000002afd0000,0x000000002b0d0000)]
  0x000000003f019000 JavaThread "jar transforms Thread 542" [_thread_blocked, id=7652, stack(0x000000002ac90000,0x000000002ad90000)]
  0x000000003f011800 JavaThread "jar transforms Thread 541" [_thread_blocked, id=8804, stack(0x000000002a820000,0x000000002a920000)]
  0x000000003f018000 JavaThread "jar transforms Thread 540" [_thread_blocked, id=12280, stack(0x000000002a720000,0x000000002a820000)]
  0x000000003f017800 JavaThread "jar transforms Thread 539" [_thread_blocked, id=1188, stack(0x000000002a620000,0x000000002a720000)]
  0x000000003f016800 JavaThread "jar transforms Thread 538" [_thread_blocked, id=5396, stack(0x000000002a520000,0x000000002a620000)]
  0x000000003f00f000 JavaThread "jar transforms Thread 537" [_thread_blocked, id=4392, stack(0x000000002a420000,0x000000002a520000)]
  0x000000003f010800 JavaThread "jar transforms Thread 536" [_thread_blocked, id=5220, stack(0x000000002a320000,0x000000002a420000)]
  0x000000003f014800 JavaThread "jar transforms Thread 535" [_thread_blocked, id=4300, stack(0x000000002a220000,0x000000002a320000)]
  0x000000003f013800 JavaThread "jar transforms Thread 534" [_thread_blocked, id=11876, stack(0x000000002a120000,0x000000002a220000)]
  0x000000003f016000 JavaThread "jar transforms Thread 533" [_thread_blocked, id=1680, stack(0x00000000299f0000,0x0000000029af0000)]
  0x000000003f013000 JavaThread "jar transforms Thread 532" [_thread_blocked, id=11544, stack(0x00000000298f0000,0x00000000299f0000)]
  0x000000003f007800 JavaThread "jar transforms Thread 531" [_thread_blocked, id=13244, stack(0x00000000297f0000,0x00000000298f0000)]
  0x000000003f009000 JavaThread "jar transforms Thread 530" [_thread_blocked, id=4704, stack(0x00000000296f0000,0x00000000297f0000)]
  0x000000003f00e800 JavaThread "jar transforms Thread 529" [_thread_blocked, id=6648, stack(0x00000000295f0000,0x00000000296f0000)]
  0x000000003f007000 JavaThread "jar transforms Thread 528" [_thread_blocked, id=3708, stack(0x00000000294f0000,0x00000000295f0000)]
  0x000000003f008800 JavaThread "jar transforms Thread 527" [_thread_blocked, id=9184, stack(0x00000000293f0000,0x00000000294f0000)]
  0x000000003f00d000 JavaThread "jar transforms Thread 526" [_thread_blocked, id=5780, stack(0x00000000278d0000,0x00000000279d0000)]
  0x000000003f005800 JavaThread "jar transforms Thread 525" [_thread_blocked, id=6460, stack(0x0000000026dd0000,0x0000000026ed0000)]
  0x000000003f006000 JavaThread "jar transforms Thread 524" [_thread_blocked, id=13300, stack(0x0000000026ad0000,0x0000000026bd0000)]
  0x000000003f00b800 JavaThread "jar transforms Thread 523" [_thread_blocked, id=11044, stack(0x00000000268d0000,0x00000000269d0000)]
  0x000000003f00c000 JavaThread "jar transforms Thread 522" [_thread_blocked, id=11604, stack(0x00000000267d0000,0x00000000268d0000)]
  0x000000003f004800 JavaThread "jar transforms Thread 521" [_thread_blocked, id=5480, stack(0x00000000266d0000,0x00000000267d0000)]
  0x000000003f00a800 JavaThread "jar transforms Thread 520" [_thread_blocked, id=6968, stack(0x00000000265d0000,0x00000000266d0000)]
  0x000000003f00a000 JavaThread "jar transforms Thread 519" [_thread_blocked, id=11276, stack(0x00000000262d0000,0x00000000263d0000)]
  0x000000003effd000 JavaThread "jar transforms Thread 518" [_thread_blocked, id=9596, stack(0x0000000025fd0000,0x00000000260d0000)]
  0x000000003f004000 JavaThread "jar transforms Thread 517" [_thread_blocked, id=12136, stack(0x0000000025ed0000,0x0000000025fd0000)]
  0x000000003effc000 JavaThread "Build operations Thread 4" [_thread_blocked, id=13232, stack(0x0000000025dd0000,0x0000000025ed0000)]
  0x000000003f003000 JavaThread "Build operations Thread 3" [_thread_blocked, id=4272, stack(0x0000000025cd0000,0x0000000025dd0000)]
  0x000000003effb800 JavaThread "Build operations Thread 2" [_thread_blocked, id=9704, stack(0x0000000025bd0000,0x0000000025cd0000)]
  0x000000003f001800 JavaThread "Build operations" [_thread_blocked, id=5468, stack(0x0000000025ad0000,0x0000000025bd0000)]
  0x000000003f001000 JavaThread "Cache worker for cache directory md-rule (C:\Users\Madeshwaran.Softcraft\.gradle\caches\6.5\md-rule)" [_thread_blocked, id=12084, stack(0x00000000259d0000,0x0000000025ad0000)]
  0x000000003f002800 JavaThread "Cache worker for cache directory md-supplier (C:\Users\Madeshwaran.Softcraft\.gradle\caches\6.5\md-supplier)" [_thread_blocked, id=9552, stack(0x0000000024620000,0x0000000024720000)]
  0x000000003efff000 JavaThread "Cache worker for checksums cache (D:\LocalDiskE\Madesh\Projects\SubamTamilCalendar\SubamCalendar\.gradle\checksums)" [_thread_blocked, id=6352, stack(0x0000000023490000,0x0000000023590000)]
  0x000000003effe800 JavaThread "Cache worker for file hash cache (D:\LocalDiskE\Madesh\Projects\SubamTamilCalendar\SubamCalendar\.gradle\6.5\fileHashes)" [_thread_blocked, id=12972, stack(0x0000000021ac0000,0x0000000021bc0000)]
  0x000000003effd800 JavaThread "Thread-748" [_thread_blocked, id=5520, stack(0x00000000217c0000,0x00000000218c0000)]
  0x000000003f000000 JavaThread "Stdin handler" [_thread_blocked, id=11700, stack(0x00000000216c0000,0x00000000217c0000)]
  0x000000001f9b4800 JavaThread "Asynchronous log dispatcher for DefaultDaemonConnection: socket connection from /127.0.0.1:58039 to /127.0.0.1:59284" [_thread_blocked, id=1412, stack(0x00000000215c0000,0x00000000216c0000)]
  0x000000001f9af800 JavaThread "Daemon worker Thread 4" [_thread_blocked, id=12700, stack(0x00000000214c0000,0x00000000215c0000)]
  0x000000001f9b4000 JavaThread "Cancel handler" [_thread_blocked, id=4380, stack(0x0000000000d70000,0x0000000000e70000)]
  0x000000001f9b5800 JavaThread "Handler for socket connection from /127.0.0.1:58039 to /127.0.0.1:59284" [_thread_in_native, id=9732, stack(0x0000000000c70000,0x0000000000d70000)]
  0x000000001f9b3000 JavaThread "Daemon Thread 4" [_thread_blocked, id=12596, stack(0x0000000000b70000,0x0000000000c70000)]
  0x0000000023896800 JavaThread "Cache worker for Java compile cache (C:\Users\Madeshwaran.Softcraft\.gradle\caches\6.5\javaCompile)" [_thread_blocked, id=2332, stack(0x00000000363c0000,0x00000000364c0000)]
  0x000000002314f000 JavaThread "Memory manager" [_thread_blocked, id=872, stack(0x00000000308f0000,0x00000000309f0000)]
  0x00000000224d5000 JavaThread "Cache worker for file content cache (C:\Users\Madeshwaran.Softcraft\.gradle\caches\6.5\fileContent)" [_thread_blocked, id=12208, stack(0x00000000277d0000,0x00000000278d0000)]
  0x00000000224d6800 JavaThread "Cache worker for execution history cache (C:\Users\Madeshwaran.Softcraft\.gradle\caches\6.5\executionHistory)" [_thread_blocked, id=8736, stack(0x00000000272d0000,0x00000000273d0000)]
  0x000000001f9ae800 JavaThread "Cache worker for file hash cache (C:\Users\Madeshwaran.Softcraft\.gradle\caches\6.5\fileHashes)" [_thread_blocked, id=6536, stack(0x0000000021fc0000,0x00000000220c0000)]
  0x000000001f9b0000 JavaThread "File lock request listener" [_thread_in_native, id=4216, stack(0x0000000021ec0000,0x0000000021fc0000)]
  0x000000001f967800 JavaThread "Cache worker for journal cache (C:\Users\Madeshwaran.Softcraft\.gradle\caches\journal-1)" [_thread_blocked, id=12616, stack(0x0000000021dc0000,0x0000000021ec0000)]
  0x000000001eba5800 JavaThread "Daemon periodic checks" [_thread_blocked, id=6312, stack(0x00000000211c0000,0x00000000212c0000)]
  0x000000001f881800 JavaThread "Incoming local TCP Connector on port 58039" [_thread_in_native, id=7192, stack(0x0000000020f80000,0x0000000021080000)]
  0x000000001f7fe800 JavaThread "Daemon health stats" [_thread_blocked, id=10792, stack(0x0000000020940000,0x0000000020a40000)]
  0x000000001d9c3000 JavaThread "Service Thread" daemon [_thread_blocked, id=13180, stack(0x000000001dda0000,0x000000001dea0000)]
  0x000000001c043000 JavaThread "C1 CompilerThread2" daemon [_thread_blocked, id=2496, stack(0x000000001d8a0000,0x000000001d9a0000)]
  0x000000001c039800 JavaThread "C2 CompilerThread1" daemon [_thread_blocked, id=10052, stack(0x000000001d7a0000,0x000000001d8a0000)]
  0x000000001c036800 JavaThread "C2 CompilerThread0" daemon [_thread_blocked, id=12216, stack(0x000000001d6a0000,0x000000001d7a0000)]
  0x000000001c035000 JavaThread "Attach Listener" daemon [_thread_blocked, id=12728, stack(0x000000001d5a0000,0x000000001d6a0000)]
  0x000000001c031800 JavaThread "Signal Dispatcher" daemon [_thread_blocked, id=11816, stack(0x000000001d4a0000,0x000000001d5a0000)]
  0x000000000289c000 JavaThread "Finalizer" daemon [_thread_blocked, id=6784, stack(0x000000001d2a0000,0x000000001d3a0000)]
  0x000000001c019000 JavaThread "Reference Handler" daemon [_thread_blocked, id=11536, stack(0x000000001d1a0000,0x000000001d2a0000)]
  0x000000000295e000 JavaThread "main" [_thread_blocked, id=11440, stack(0x0000000000e70000,0x0000000000f70000)]

Other Threads:
  0x000000001bff7000 VMThread [stack: 0x000000001d0a0000,0x000000001d1a0000] [id=11892]
  0x000000001d9c3800 WatcherThread [stack: 0x000000001dea0000,0x000000001dfa0000] [id=12436]

=>0x00000000027b8800 (exited) GCTaskThread [stack: 0x0000000012b90000,0x0000000012c90000] [id=7336]

VM state:at safepoint (normal execution)

VM Mutex/Monitor currently owned by a thread:  ([mutex/lock_event])
[0x000000000295d380] Threads_lock - owner thread: 0x000000001bff7000
[0x000000000295cb00] Heap_lock - owner thread: 0x00000000359cc800

heap address: 0x00000006c0000000, size: 4096 MB, Compressed Oops mode: Zero based, Oop shift amount: 3
Narrow klass base: 0x0000000000000000, Narrow klass shift: 3
Compressed class space size: 1073741824 Address: 0x00000007c0000000

Heap:
 PSYoungGen      total 1181184K, used 55971K [0x000000076ab00000, 0x00000007c0000000, 0x00000007c0000000)
  eden space 964608K, 0% used [0x000000076ab00000,0x000000076ab00000,0x00000007a5900000)
  from space 216576K, 25% used [0x00000007a5900000,0x00000007a8fa8e80,0x00000007b2c80000)
  to   space 202752K, 0% used [0x00000007b3a00000,0x00000007b3a00000,0x00000007c0000000)
 ParOldGen       total 658432K, used 530807K [0x00000006c0000000, 0x00000006e8300000, 0x000000076ab00000)
  object space 658432K, 80% used [0x00000006c0000000,0x00000006e065ddc0,0x00000006e8300000)
 Metaspace       used 181562K, capacity 193457K, committed 193624K, reserved 1218560K
  class space    used 22538K, capacity 24816K, committed 24960K, reserved 1048576K

Card table byte_map: [0x0000000011d20000,0x0000000012530000] byte_map_base: 0x000000000e720000

Marking Bits: (ParMarkBitMap*) 0x000000005f82f030
 Begin Bits: [0x0000000012e90000, 0x0000000016e90000)
 End Bits:   [0x0000000016e90000, 0x000000001ae90000)

Polling page: 0x00000000009f0000

CodeCache: size=245760Kb used=129713Kb max_used=129993Kb free=116046Kb
 bounds [0x0000000002960000, 0x000000000a970000, 0x0000000011960000]
 total_blobs=35629 nmethods=34580 adapters=955
 compilation: enabled

Compilation events (10 events):
Event: 718.008 Thread 0x000000001c036800 nmethod 48500 0x000000000375ae10 code [0x000000000375af80, 0x000000000375b478]
Event: 718.008 Thread 0x000000001c036800 48510 %     4       java.util.Arrays::hashCode @ 16 (44 bytes)
Event: 718.011 Thread 0x000000001c036800 nmethod 48510% 0x0000000006799290 code [0x00000000067993e0, 0x00000000067995b8]
Event: 718.011 Thread 0x000000001c036800 48511       4       com.android.tools.r8.s.b.k0::f (26 bytes)
Event: 718.013 Thread 0x000000001c043000 48514       3       com.android.tools.r8.ir.optimize.j$a::<init> (10 bytes)
Event: 718.013 Thread 0x000000001c043000 nmethod 48514 0x00000000067df710 code [0x00000000067df860, 0x00000000067dfa30]
Event: 718.014 Thread 0x000000001c043000 48515       3       com.android.tools.r8.s.a.i.a$$Lambda$1638/781386024::apply (12 bytes)
Event: 718.014 Thread 0x000000001c043000 nmethod 48515 0x0000000004928690 code [0x0000000004928800, 0x0000000004928b88]
Event: 718.015 Thread 0x000000001c043000 48517       3       com.android.tools.r8.ir.optimize.info.q::<init> (98 bytes)
Event: 718.015 Thread 0x000000001c043000 nmethod 48517 0x000000000375bd90 code [0x000000000375bf00, 0x000000000375c128]

GC Heap History (10 events):
Event: 706.040 GC heap after
Heap after GC invocations=78 (full 10):
 PSYoungGen      total 1293824K, used 56110K [0x000000076ab00000, 0x00000007c0000000, 0x00000007c0000000)
  eden space 1199104K, 0% used [0x000000076ab00000,0x000000076ab00000,0x00000007b3e00000)
  from space 94720K, 59% used [0x00000007ba380000,0x00000007bda4b878,0x00000007c0000000)
  to   space 99328K, 0% used [0x00000007b3e00000,0x00000007b3e00000,0x00000007b9f00000)
 ParOldGen       total 367104K, used 152926K [0x00000006c0000000, 0x00000006d6680000, 0x000000076ab00000)
  object space 367104K, 41% used [0x00000006c0000000,0x00000006c9557978,0x00000006d6680000)
 Metaspace       used 181260K, capacity 193153K, committed 193368K, reserved 1218560K
  class space    used 22533K, capacity 24784K, committed 24960K, reserved 1048576K
}
Event: 709.495 GC heap before
{Heap before GC invocations=79 (full 10):
 PSYoungGen      total 1293824K, used 1255214K [0x000000076ab00000, 0x00000007c0000000, 0x00000007c0000000)
  eden space 1199104K, 100% used [0x000000076ab00000,0x00000007b3e00000,0x00000007b3e00000)
  from space 94720K, 59% used [0x00000007ba380000,0x00000007bda4b878,0x00000007c0000000)
  to   space 99328K, 0% used [0x00000007b3e00000,0x00000007b3e00000,0x00000007b9f00000)
 ParOldGen       total 367104K, used 152926K [0x00000006c0000000, 0x00000006d6680000, 0x000000076ab00000)
  object space 367104K, 41% used [0x00000006c0000000,0x00000006c9557978,0x00000006d6680000)
 Metaspace       used 181526K, capacity 193353K, committed 193624K, reserved 1218560K
  class space    used 22535K, capacity 24784K, committed 24960K, reserved 1048576K
Event: 709.743 GC heap after
Heap after GC invocations=79 (full 10):
 PSYoungGen      total 1298432K, used 99311K [0x000000076ab00000, 0x00000007c0000000, 0x00000007c0000000)
  eden space 1199104K, 0% used [0x000000076ab00000,0x000000076ab00000,0x00000007b3e00000)
  from space 99328K, 99% used [0x00000007b3e00000,0x00000007b9efbc78,0x00000007b9f00000)
  to   space 99328K, 0% used [0x00000007b9f00000,0x00000007b9f00000,0x00000007c0000000)
 ParOldGen       total 367104K, used 342214K [0x00000006c0000000, 0x00000006d6680000, 0x000000076ab00000)
  object space 367104K, 93% used [0x00000006c0000000,0x00000006d4e31990,0x00000006d6680000)
 Metaspace       used 181526K, capacity 193353K, committed 193624K, reserved 1218560K
  class space    used 22535K, capacity 24784K, committed 24960K, reserved 1048576K
}
Event: 709.743 GC heap before
{Heap before GC invocations=80 (full 11):
 PSYoungGen      total 1298432K, used 99311K [0x000000076ab00000, 0x00000007c0000000, 0x00000007c0000000)
  eden space 1199104K, 0% used [0x000000076ab00000,0x000000076ab00000,0x00000007b3e00000)
  from space 99328K, 99% used [0x00000007b3e00000,0x00000007b9efbc78,0x00000007b9f00000)
  to   space 99328K, 0% used [0x00000007b9f00000,0x00000007b9f00000,0x00000007c0000000)
 ParOldGen       total 367104K, used 342214K [0x00000006c0000000, 0x00000006d6680000, 0x000000076ab00000)
  object space 367104K, 93% used [0x00000006c0000000,0x00000006d4e31990,0x00000006d6680000)
 Metaspace       used 181526K, capacity 193353K, committed 193624K, reserved 1218560K
  class space    used 22535K, capacity 24784K, committed 24960K, reserved 1048576K
Event: 710.852 GC heap after
Heap after GC invocations=80 (full 11):
 PSYoungGen      total 1298432K, used 41601K [0x000000076ab00000, 0x00000007c0000000, 0x00000007c0000000)
  eden space 1199104K, 0% used [0x000000076ab00000,0x000000076ab00000,0x00000007b3e00000)
  from space 99328K, 41% used [0x00000007b3e00000,0x00000007b66a0760,0x00000007b9f00000)
  to   space 99328K, 0% used [0x00000007b9f00000,0x00000007b9f00000,0x00000007c0000000)
 ParOldGen       total 658432K, used 367043K [0x00000006c0000000, 0x00000006e8300000, 0x000000076ab00000)
  object space 658432K, 55% used [0x00000006c0000000,0x00000006d6670e98,0x00000006e8300000)
 Metaspace       used 181526K, capacity 193353K, committed 193624K, reserved 1218560K
  class space    used 22535K, capacity 24784K, committed 24960K, reserved 1048576K
}
Event: 714.126 GC heap before
{Heap before GC invocations=81 (full 11):
 PSYoungGen      total 1298432K, used 1240705K [0x000000076ab00000, 0x00000007c0000000, 0x00000007c0000000)
  eden space 1199104K, 100% used [0x000000076ab00000,0x00000007b3e00000,0x00000007b3e00000)
  from space 99328K, 41% used [0x00000007b3e00000,0x00000007b66a0760,0x00000007b9f00000)
  to   space 99328K, 0% used [0x00000007b9f00000,0x00000007b9f00000,0x00000007c0000000)
 ParOldGen       total 658432K, used 367043K [0x00000006c0000000, 0x00000006e8300000, 0x000000076ab00000)
  object space 658432K, 55% used [0x00000006c0000000,0x00000006d6670e98,0x00000006e8300000)
 Metaspace       used 181536K, capacity 193385K, committed 193624K, reserved 1218560K
  class space    used 22537K, capacity 24816K, committed 24960K, reserved 1048576K
Event: 714.285 GC heap after
Heap after GC invocations=81 (full 11):
 PSYoungGen      total 1063936K, used 99304K [0x000000076ab00000, 0x00000007c0000000, 0x00000007c0000000)
  eden space 964608K, 0% used [0x000000076ab00000,0x000000076ab00000,0x00000007a5900000)
  from space 99328K, 99% used [0x00000007b9f00000,0x00000007bfffa350,0x00000007c0000000)
  to   space 216576K, 0% used [0x00000007a5900000,0x00000007a5900000,0x00000007b2c80000)
 ParOldGen       total 658432K, used 432896K [0x00000006c0000000, 0x00000006e8300000, 0x000000076ab00000)
  object space 658432K, 65% used [0x00000006c0000000,0x00000006da6c0350,0x00000006e8300000)
 Metaspace       used 181536K, capacity 193385K, committed 193624K, reserved 1218560K
  class space    used 22537K, capacity 24816K, committed 24960K, reserved 1048576K
}
Event: 718.023 GC heap before
{Heap before GC invocations=82 (full 11):
 PSYoungGen      total 1063936K, used 1063912K [0x000000076ab00000, 0x00000007c0000000, 0x00000007c0000000)
  eden space 964608K, 100% used [0x000000076ab00000,0x00000007a5900000,0x00000007a5900000)
  from space 99328K, 99% used [0x00000007b9f00000,0x00000007bfffa350,0x00000007c0000000)
  to   space 216576K, 0% used [0x00000007a5900000,0x00000007a5900000,0x00000007b2c80000)
 ParOldGen       total 658432K, used 432896K [0x00000006c0000000, 0x00000006e8300000, 0x000000076ab00000)
  object space 658432K, 65% used [0x00000006c0000000,0x00000006da6c0350,0x00000006e8300000)
 Metaspace       used 181562K, capacity 193457K, committed 193624K, reserved 1218560K
  class space    used 22538K, capacity 24816K, committed 24960K, reserved 1048576K
Event: 718.184 GC heap after
Heap after GC invocations=82 (full 11):
 PSYoungGen      total 1181184K, used 55971K [0x000000076ab00000, 0x00000007c0000000, 0x00000007c0000000)
  eden space 964608K, 0% used [0x000000076ab00000,0x000000076ab00000,0x00000007a5900000)
  from space 216576K, 25% used [0x00000007a5900000,0x00000007a8fa8e80,0x00000007b2c80000)
  to   space 202752K, 0% used [0x00000007b3a00000,0x00000007b3a00000,0x00000007c0000000)
 ParOldGen       total 658432K, used 530807K [0x00000006c0000000, 0x00000006e8300000, 0x000000076ab00000)
  object space 658432K, 80% used [0x00000006c0000000,0x00000006e065ddc0,0x00000006e8300000)
 Metaspace       used 181562K, capacity 193457K, committed 193624K, reserved 1218560K
  class space    used 22538K, capacity 24816K, committed 24960K, reserved 1048576K
}
Event: 718.185 GC heap before
{Heap before GC invocations=83 (full 12):
 PSYoungGen      total 1181184K, used 55971K [0x000000076ab00000, 0x00000007c0000000, 0x00000007c0000000)
  eden space 964608K, 0% used [0x000000076ab00000,0x000000076ab00000,0x00000007a5900000)
  from space 216576K, 25% used [0x00000007a5900000,0x00000007a8fa8e80,0x00000007b2c80000)
  to   space 202752K, 0% used [0x00000007b3a00000,0x00000007b3a00000,0x00000007c0000000)
 ParOldGen       total 658432K, used 530807K [0x00000006c0000000, 0x00000006e8300000, 0x000000076ab00000)
  object space 658432K, 80% used [0x00000006c0000000,0x00000006e065ddc0,0x00000006e8300000)
 Metaspace       used 181562K, capacity 193457K, committed 193624K, reserved 1218560K
  class space    used 22538K, capacity 24816K, committed 24960K, reserved 1048576K

Deoptimization events (10 events):
Event: 716.220 Thread 0x00000000359cc800 Uncommon trap: reason=bimorphic action=maybe_recompile pc=0x000000000a8c7118 method=com.android.tools.r8.utils.a1.a(Lcom/android/tools/r8/utils/e1;Ljava/lang/Object;I)V @ 2
Event: 716.226 Thread 0x00000000359cc800 Uncommon trap: reason=unstable_if action=reinterpret pc=0x0000000009a93dc4 method=com.android.tools.r8.ir.conversion.g$b.a(Lcom/android/tools/r8/graph/n1;Z)V @ 21
Event: 716.455 Thread 0x00000000359cc800 Uncommon trap: reason=unstable_if action=reinterpret pc=0x000000000a8ee70c method=com.android.tools.r8.ir.conversion.g$b.a(Lcom/android/tools/r8/graph/n1;Z)V @ 35
Event: 716.979 Thread 0x000000001f9af800 Uncommon trap: reason=unstable_if action=reinterpret pc=0x000000000721d73c method=com.android.tools.r8.ir.conversion.g$a.b(Ljava/util/Collection;)V @ 110
Event: 717.788 Thread 0x00000000359cc800 Uncommon trap: reason=unstable_if action=reinterpret pc=0x000000000765b4d8 method=com.android.tools.r8.naming.p.a(Lcom/android/tools/r8/s/b/A0;Lcom/android/tools/r8/graph/Z;)Z @ 42
Event: 717.858 Thread 0x00000000359cc800 Uncommon trap: reason=unstable_if action=reinterpret pc=0x0000000005a50238 method=com.android.tools.r8.ir.optimize.d0.c()V @ 31
Event: 717.895 Thread 0x00000000359cc800 Uncommon trap: reason=unstable_if action=reinterpret pc=0x000000000a4ec6f8 method=com.android.tools.r8.ir.conversion.o.a(Lcom/android/tools/r8/ir/conversion/N;)V @ 295
Event: 717.936 Thread 0x00000000359cc800 Uncommon trap: reason=class_check action=maybe_recompile pc=0x0000000009b515ec method=com.android.tools.r8.s.b.y0.a(Lcom/android/tools/r8/graph/f;Lcom/android/tools/r8/graph/n1;Lcom/android/tools/r8/s/b/k0$a;)Z @ 107
Event: 717.937 Thread 0x00000000359cc800 Uncommon trap: reason=class_check action=maybe_recompile pc=0x0000000009b515ec method=com.android.tools.r8.s.b.y0.a(Lcom/android/tools/r8/graph/f;Lcom/android/tools/r8/graph/n1;Lcom/android/tools/r8/s/b/k0$a;)Z @ 107
Event: 717.937 Thread 0x00000000359cc800 Uncommon trap: reason=class_check action=maybe_recompile pc=0x0000000009b515ec method=com.android.tools.r8.s.b.y0.a(Lcom/android/tools/r8/graph/f;Lcom/android/tools/r8/graph/n1;Lcom/android/tools/r8/s/b/k0$a;)Z @ 107

Classes redefined (0 events):
No events

Internal exceptions (10 events):
Event: 707.926 Thread 0x000000001f9af800 Exception <a 'sun/nio/fs/WindowsException'> (0x0000000784b7fe10) thrown at [C:\src\AOSP-openjdk-git\hotspot\src\share\vm\prims\jni.cpp, line 710]
Event: 707.928 Thread 0x000000001f9af800 Exception <a 'sun/nio/fs/WindowsException'> (0x0000000784b86938) thrown at [C:\src\AOSP-openjdk-git\hotspot\src\share\vm\prims\jni.cpp, line 710]
Event: 707.928 Thread 0x000000001f9af800 Exception <a 'sun/nio/fs/WindowsException'> (0x0000000784b877a0) thrown at [C:\src\AOSP-openjdk-git\hotspot\src\share\vm\prims\jni.cpp, line 710]
Event: 707.928 Thread 0x000000001f9af800 Exception <a 'sun/nio/fs/WindowsException'> (0x0000000784b88608) thrown at [C:\src\AOSP-openjdk-git\hotspot\src\share\vm\prims\jni.cpp, line 710]
Event: 707.928 Thread 0x000000001f9af800 Exception <a 'sun/nio/fs/WindowsException'> (0x0000000784b89480) thrown at [C:\src\AOSP-openjdk-git\hotspot\src\share\vm\prims\jni.cpp, line 710]
Event: 707.928 Thread 0x000000001f9af800 Exception <a 'sun/nio/fs/WindowsException'> (0x0000000784b8a3f0) thrown at [C:\src\AOSP-openjdk-git\hotspot\src\share\vm\prims\jni.cpp, line 710]
Event: 711.281 Thread 0x000000001f9af800 Implicit null exception at 0x00000000095e75fa to 0x00000000095e7aad
Event: 711.295 Thread 0x000000001f9af800 Implicit null exception at 0x0000000007543776 to 0x0000000007543b61
Event: 712.772 Thread 0x000000001f9af800 Implicit null exception at 0x000000000964fd8c to 0x00000000096509bb
Event: 715.458 Thread 0x000000001f9af800 Implicit null exception at 0x0000000007a958b6 to 0x0000000007a961f9

Events (10 events):
Event: 717.936 Thread 0x00000000359cc800 Uncommon trap: trap_request=0xffffffde fr.pc=0x0000000009b515ec
Event: 717.936 Thread 0x00000000359cc800 DEOPT PACKING pc=0x0000000009b515ec sp=0x000000004121e9e0
Event: 717.936 Thread 0x00000000359cc800 DEOPT UNPACKING pc=0x00000000029a557b sp=0x000000004121e990 mode 2
Event: 717.937 Thread 0x00000000359cc800 Uncommon trap: trap_request=0xffffffde fr.pc=0x0000000009b515ec
Event: 717.937 Thread 0x00000000359cc800 DEOPT PACKING pc=0x0000000009b515ec sp=0x000000004121e460
Event: 717.937 Thread 0x00000000359cc800 DEOPT UNPACKING pc=0x00000000029a557b sp=0x000000004121e410 mode 2
Event: 717.937 Thread 0x00000000359cc800 Uncommon trap: trap_request=0xffffffde fr.pc=0x0000000009b515ec
Event: 717.937 Thread 0x00000000359cc800 DEOPT PACKING pc=0x0000000009b515ec sp=0x000000004121e460
Event: 717.937 Thread 0x00000000359cc800 DEOPT UNPACKING pc=0x00000000029a557b sp=0x000000004121e410 mode 2
Event: 718.022 Executing VM operation: ParallelGCFailedAllocation


Dynamic libraries:
0x00007ff7a1c50000 - 0x00007ff7a1c81000 	C:\Program Files\Android\Android Studio\jre\bin\java.exe
0x00007ffbdaf50000 - 0x00007ffbdb146000 	C:\WINDOWS\SYSTEM32\ntdll.dll
0x00007ffbda6e0000 - 0x00007ffbda79d000 	C:\WINDOWS\System32\KERNEL32.DLL
0x00007ffbd8720000 - 0x00007ffbd89e8000 	C:\WINDOWS\System32\KERNELBASE.dll
0x00007ffbda880000 - 0x00007ffbda92c000 	C:\WINDOWS\System32\ADVAPI32.dll
0x00007ffbd9fa0000 - 0x00007ffbda03e000 	C:\WINDOWS\System32\msvcrt.dll
0x00007ffbda040000 - 0x00007ffbda0db000 	C:\WINDOWS\System32\sechost.dll
0x00007ffbda4d0000 - 0x00007ffbda5f4000 	C:\WINDOWS\System32\RPCRT4.dll
0x00007ffbdaa60000 - 0x00007ffbdac00000 	C:\WINDOWS\System32\USER32.dll
0x00007ffbd8cf0000 - 0x00007ffbd8d12000 	C:\WINDOWS\System32\win32u.dll
0x00007ffbdacf0000 - 0x00007ffbdad1a000 	C:\WINDOWS\System32\GDI32.dll
0x00007ffbd8dd0000 - 0x00007ffbd8ed9000 	C:\WINDOWS\System32\gdi32full.dll
0x00007ffbd8c50000 - 0x00007ffbd8ced000 	C:\WINDOWS\System32\msvcp_win.dll
0x00007ffbd8b00000 - 0x00007ffbd8c00000 	C:\WINDOWS\System32\ucrtbase.dll
0x00007ffbc0230000 - 0x00007ffbc04cb000 	C:\WINDOWS\WinSxS\amd64_microsoft.windows.common-controls_6595b64144ccf1df_6.0.19041.488_none_ca04af081b815d21\COMCTL32.dll
0x00007ffbda0e0000 - 0x00007ffbda110000 	C:\WINDOWS\System32\IMM32.DLL
0x000000005eea0000 - 0x000000005ef72000 	C:\Program Files\Android\Android Studio\jre\jre\bin\msvcr100.dll
0x000000005f060000 - 0x000000005f8ab000 	C:\Program Files\Android\Android Studio\jre\jre\bin\server\jvm.dll
0x00007ffbda600000 - 0x00007ffbda608000 	C:\WINDOWS\System32\PSAPI.DLL
0x00007ffbc1720000 - 0x00007ffbc1747000 	C:\WINDOWS\SYSTEM32\WINMM.dll
0x00007ffbcc670000 - 0x00007ffbcc67a000 	C:\WINDOWS\SYSTEM32\VERSION.dll
0x00007ffbd4280000 - 0x00007ffbd4289000 	C:\WINDOWS\SYSTEM32\WSOCK32.dll
0x00007ffbda800000 - 0x00007ffbda86b000 	C:\WINDOWS\System32\WS2_32.dll
0x00007ffbcb900000 - 0x00007ffbcb90f000 	C:\Program Files\Android\Android Studio\jre\jre\bin\verify.dll
0x00007ffbcb8d0000 - 0x00007ffbcb8f9000 	C:\Program Files\Android\Android Studio\jre\jre\bin\java.dll
0x00007ffbcb840000 - 0x00007ffbcb856000 	C:\Program Files\Android\Android Studio\jre\jre\bin\zip.dll
0x00007ffbd9730000 - 0x00007ffbd9e71000 	C:\WINDOWS\System32\SHELL32.dll
0x00007ffbd6890000 - 0x00007ffbd7025000 	C:\WINDOWS\SYSTEM32\windows.storage.dll
0x00007ffbda170000 - 0x00007ffbda4c5000 	C:\WINDOWS\System32\combase.dll
0x00007ffbd80c0000 - 0x00007ffbd80ec000 	C:\WINDOWS\SYSTEM32\Wldp.dll
0x00007ffbda610000 - 0x00007ffbda6be000 	C:\WINDOWS\System32\SHCORE.dll
0x00007ffbda110000 - 0x00007ffbda165000 	C:\WINDOWS\System32\shlwapi.dll
0x00007ffbd8650000 - 0x00007ffbd8676000 	C:\WINDOWS\SYSTEM32\profapi.dll
0x00007ffbcb800000 - 0x00007ffbcb81a000 	C:\Program Files\Android\Android Studio\jre\jre\bin\net.dll
0x00007ffbd7e40000 - 0x00007ffbd7eaa000 	C:\WINDOWS\system32\mswsock.dll
0x00007ffbcb7e0000 - 0x00007ffbcb7f3000 	C:\Program Files\Android\Android Studio\jre\jre\bin\nio.dll
0x00007ffbc7e10000 - 0x00007ffbc7e37000 	C:\Users\Madeshwaran.Softcraft\.gradle\native\f6784746aeab05261644944871eae4fe03e0ef1612fff0a4a95f87b438bc6780\windows-amd64\native-platform.dll
0x00007ffbcb8c0000 - 0x00007ffbcb8cd000 	C:\Program Files\Android\Android Studio\jre\jre\bin\management.dll
0x00007ffbd8010000 - 0x00007ffbd8028000 	C:\WINDOWS\SYSTEM32\CRYPTSP.dll
0x00007ffbd77d0000 - 0x00007ffbd7804000 	C:\WINDOWS\system32\rsaenh.dll
0x00007ffbd8a70000 - 0x00007ffbd8a97000 	C:\WINDOWS\System32\bcrypt.dll
0x00007ffbd85c0000 - 0x00007ffbd85ee000 	C:\WINDOWS\SYSTEM32\USERENV.dll
0x00007ffbd89f0000 - 0x00007ffbd8a6f000 	C:\WINDOWS\System32\bcryptprimitives.dll
0x00007ffbd8030000 - 0x00007ffbd803c000 	C:\WINDOWS\SYSTEM32\CRYPTBASE.dll
0x00007ffbd7b30000 - 0x00007ffbd7b6b000 	C:\WINDOWS\SYSTEM32\IPHLPAPI.DLL
0x00007ffbda870000 - 0x00007ffbda878000 	C:\WINDOWS\System32\NSI.dll
0x00007ffbd2a50000 - 0x00007ffbd2a67000 	C:\WINDOWS\SYSTEM32\dhcpcsvc6.DLL
0x00007ffbd2950000 - 0x00007ffbd296d000 	C:\WINDOWS\SYSTEM32\dhcpcsvc.DLL
0x00007ffbd7b70000 - 0x00007ffbd7c3b000 	C:\WINDOWS\SYSTEM32\DNSAPI.dll
0x00007ffbd2ad0000 - 0x00007ffbd2adb000 	C:\WINDOWS\SYSTEM32\WINNSI.DLL
0x00007ffbc8190000 - 0x00007ffbc81b4000 	C:\Program Files\Android\Android Studio\jre\jre\bin\sunec.dll
0x00007ffbd1bf0000 - 0x00007ffbd1bfa000 	C:\Windows\System32\rasadhlp.dll
0x00007ffbd0690000 - 0x00007ffbd070f000 	C:\WINDOWS\System32\fwpuclnt.dll
0x00007ffbc8180000 - 0x00007ffbc818b000 	C:\Program Files\Android\Android Studio\jre\jre\bin\sunmscapi.dll
0x00007ffbd8ee0000 - 0x00007ffbd903d000 	C:\WINDOWS\System32\CRYPT32.dll
0x00007ffbd7460000 - 0x00007ffbd7493000 	C:\WINDOWS\SYSTEM32\ntmarta.dll
0x00007ffbcaad0000 - 0x00007ffbcacb4000 	C:\WINDOWS\SYSTEM32\dbghelp.dll

VM Arguments:
jvm_args: -Xmx4096m -Dfile.encoding=windows-1252 -Duser.country=US -Duser.language=en -Duser.variant 
java_command: org.gradle.launcher.daemon.bootstrap.GradleDaemon 6.5
java_class_path (initial): C:\Users\Madeshwaran.Softcraft\.gradle\wrapper\dists\gradle-6.5-all\2oz4ud9k3tuxjg84bbf55q0tn\gradle-6.5\lib\gradle-launcher-6.5.jar
Launcher Type: SUN_STANDARD

Environment Variables:
PATH=C:\WINDOWS\system32;C:\WINDOWS;C:\WINDOWS\System32\Wbem;C:\WINDOWS\System32\WindowsPowerShell\v1.0\;C:\Program Files\Java\jdk-13.0.2\bin;C:\Program Files\Git\cmd;C:\WINDOWS\System32\OpenSSH\;C:\Users\Madeshwaran.Softcraft\AppData\Local\Microsoft\WindowsApps;
USERNAME=Madeshwaran
OS=Windows_NT
PROCESSOR_IDENTIFIER=Intel64 Family 6 Model 58 Stepping 9, GenuineIntel



---------------  S Y S T E M  ---------------

OS: Windows 10.0 , 64 bit Build 19041 (10.0.19041.546)

CPU:total 4 (initial active 4) (4 cores per cpu, 1 threads per core) family 6 model 58 stepping 9, cmov, cx8, fxsr, mmx, sse, sse2, sse3, ssse3, sse4.1, sse4.2, popcnt, avx, aes, clmul, erms, tsc, tscinvbit, tscinv

Memory: 4k page, physical 8282164k(928004k free), swap 13525044k(1699184k free)

vm_info: OpenJDK 64-Bit Server VM (25.242-b01) for windows-amd64 JRE (1.8.0_242-release-1644-b01), built by "builder" with MS VC++ 10.0 (VS2010)

time: Mon Dec 07 15:25:27 2020
timezone: India Standard Time
elapsed time: 718 seconds (0d 0h 11m 58s)

