#
# A fatal error has been detected by the Java Runtime Environment:
#
#  EXCEPTION_ACCESS_VIOLATION (0xc0000005) at pc=0x000000005f0bae56, pid=5316, tid=0x0000000000002d60
#
# JRE version: OpenJDK Runtime Environment (8.0_242-b01) (build 1.8.0_242-release-1644-b01)
# Java VM: OpenJDK 64-Bit Server VM (25.242-b01 mixed mode windows-amd64 compressed oops)
# Problematic frame:
# V  [jvm.dll+0x10ae56]
#
# Failed to write core dump. Minidumps are not enabled by default on client versions of Windows
#
# If you would like to submit a bug report, please visit:
#   
#

---------------  T H R E A D  ---------------

Current thread (0x0000000013847000):  VMThread [stack: 0x00000000148e0000,0x00000000149e0000] [id=11616]

siginfo: ExceptionCode=0xc0000005, reading address 0x000000004e5772ac

Registers:
RAX=0x000000004c10246c, RBX=0x0000000000000002, RCX=0x000000004e5772ac, RDX=0x000000005f7416c0
RSP=0x00000000149df4c0, RBP=0x0000000000000000, RSI=0x0000000002474d40, RDI=0x0000000000000010
R8 =0x0000000000000036, R9 =0x000000002b9a6bb0, R10=0x00000000000001fe, R11=0x00000000149df4e8
R12=0x000000005f7416c0, R13=0x0000000000000000, R14=0x000000005f5837d0, R15=0x000000005f741630
RIP=0x000000005f0bae56, EFLAGS=0x0000000000010206

Top of Stack: (sp=0x00000000149df4c0)
0x00000000149df4c0:   0000000000000000 000000005f7416c0
0x00000000149df4d0:   000000002a1adce8 0000000000000000
0x00000000149df4e0:   0000000000000002 000000005f0bc6d8
0x00000000149df4f0:   000000002a1ade38 000000005efbfbfc
0x00000000149df500:   0000000000000048 000000001aad7330
0x00000000149df510:   000000005f5840d0 000000005f7416c0
0x00000000149df520:   0000000000000001 000000005f093026
0x00000000149df530:   0000000000000002 0000000000000010
0x00000000149df540:   000000005f7416c0 000000010099cda0
0x00000000149df550:   000000010099cda0 000000005f099560
0x00000000149df560:   000000010099cda0 000000005f7416c0
0x00000000149df570:   00000000149df600 000000000571daa0
0x00000000149df580:   000000005f7416c0 000000005f0b161c
0x00000000149df590:   000000010099cbc8 0000000000000004
0x00000000149df5a0:   0000000000000000 000000005eff389d
0x00000000149df5b0:   000000005f5837d0 00000000000001fe 

Instructions: (pc=0x000000005f0bae56)
0x000000005f0bae36:   24 40 48 8b 74 24 48 48 83 c4 20 41 5c c3 cc cc
0x000000005f0bae46:   cc cc cc cc cc cc cc cc cc cc 40 53 48 83 ec 20
0x000000005f0bae56:   0f b6 01 48 8b d9 ff c8 83 f8 0b 0f 87 b9 02 00
0x000000005f0bae66:   00 48 8d 0d 92 51 ef ff 48 98 8b 94 81 40 b1 10 


Register to memory mapping:

RAX=0x000000004c10246c is an unknown value
RBX=0x0000000000000002 is an unknown value
RCX=0x000000004e5772ac is an unknown value
RDX=0x000000005f7416c0 is an unknown value
RSP=0x00000000149df4c0 is an unknown value
RBP=0x0000000000000000 is an unknown value
RSI=0x0000000002474d40 is at code_begin+0 in an Interpreter codelet
method entry point (kind = abstract)  [0x0000000002474d40, 0x0000000002474e80]  320 bytes
RDI=0x0000000000000010 is an unknown value
R8 =0x0000000000000036 is an unknown value
R9 =0x000000002b9a6bb0 is an unknown value
R10=0x00000000000001fe is an unknown value
R11=0x00000000149df4e8 is an unknown value
R12=0x000000005f7416c0 is an unknown value
R13=0x0000000000000000 is an unknown value
R14=0x000000005f5837d0 is an unknown value
R15=0x000000005f741630 is an unknown value


Stack: [0x00000000148e0000,0x00000000149e0000],  sp=0x00000000149df4c0,  free space=1021k
Native frames: (J=compiled Java code, j=interpreted, Vv=VM code, C=native code)

VM_Operation (0x00000000190f72c0): ParallelGCFailedAllocation, mode: safepoint, requested by thread 0x00000000172f3800


---------------  P R O C E S S  ---------------

Java Threads: ( => current thread )
  0x000000001b4cc800 JavaThread "Cache worker for Java compile cache (D:\LocalDiskE\Madesh\Projects\SubamTamilCalendar\SubamCalendar\.gradle\6.5\javaCompile)" [_thread_blocked, id=1104, stack(0x000000002a940000,0x000000002aa40000)]
  0x000000001b4c0800 JavaThread "Cache worker for Java compile cache (C:\Users\Madeshwaran.Softcraft\.gradle\caches\6.5\javaCompile)" [_thread_blocked, id=3324, stack(0x0000000000740000,0x0000000000840000)]
  0x000000001b4ca800 JavaThread "WorkerExecutor Queue Thread 5" [_thread_blocked, id=456, stack(0x000000002cae0000,0x000000002cbe0000)]
  0x000000001b4c2000 JavaThread "stdout" daemon [_thread_in_native, id=10304, stack(0x000000002cce0000,0x000000002cde0000)]
  0x000000001b4c9000 JavaThread "stderr" daemon [_thread_in_native, id=6412, stack(0x000000002cbe0000,0x000000002cce0000)]
  0x000000001b4c8000 JavaThread "ForkJoinPool-1-worker-2" daemon [_thread_blocked, id=12020, stack(0x0000000000840000,0x0000000000940000)]
  0x000000001b4c3000 JavaThread "stdout" [_thread_in_native, id=5916, stack(0x000000002c7e0000,0x000000002c8e0000)]
  0x000000001b4c6800 JavaThread "stderr" [_thread_in_native, id=1900, stack(0x000000002c6e0000,0x000000002c7e0000)]
  0x000000001b4c5000 JavaThread "stdout" [_thread_in_native, id=8772, stack(0x000000002c5e0000,0x000000002c6e0000)]
  0x000000001b4c6000 JavaThread "stderr" [_thread_in_native, id=6408, stack(0x000000002c4e0000,0x000000002c5e0000)]
  0x000000001b4c7800 JavaThread "stdout" [_thread_in_native, id=10544, stack(0x000000002c3e0000,0x000000002c4e0000)]
  0x000000001b4c4800 JavaThread "stderr" [_thread_in_native, id=4084, stack(0x000000002c2e0000,0x000000002c3e0000)]
  0x000000001b4c3800 JavaThread "stdout" [_thread_in_native, id=1924, stack(0x000000002c1e0000,0x000000002c2e0000)]
  0x000000001b4c0000 JavaThread "stderr" [_thread_in_native, id=10992, stack(0x000000002ae40000,0x000000002af40000)]
  0x000000001ae63000 JavaThread "pool-3-thread-1" [_thread_blocked, id=1424, stack(0x000000002ad40000,0x000000002ae40000)]
  0x000000001ae62800 JavaThread "WorkerExecutor Queue Thread 4" [_thread_blocked, id=11472, stack(0x000000002ac40000,0x000000002ad40000)]
  0x000000001ae57000 JavaThread "WorkerExecutor Queue Thread 3" [_thread_blocked, id=2948, stack(0x000000002ab40000,0x000000002ac40000)]
  0x000000001ae5e000 JavaThread "WorkerExecutor Queue Thread 2" [_thread_blocked, id=11880, stack(0x000000002aa40000,0x000000002ab40000)]
  0x000000001ae55000 JavaThread "Cache worker for execution history cache (D:\LocalDiskE\Madesh\Projects\SubamTamilCalendar\SubamCalendar\.gradle\6.5\executionHistory)" [_thread_blocked, id=10676, stack(0x000000002a580000,0x000000002a680000)]
  0x000000001ae5b000 JavaThread "Execution worker for ':' Thread 3" [_thread_blocked, id=2284, stack(0x000000002a480000,0x000000002a580000)]
  0x000000001ae5a000 JavaThread "Execution worker for ':' Thread 2" [_thread_blocked, id=9648, stack(0x000000002a380000,0x000000002a480000)]
  0x000000001ae59800 JavaThread "Execution worker for ':'" [_thread_blocked, id=11912, stack(0x000000002a280000,0x000000002a380000)]
  0x000000001ae54000 JavaThread "Cache worker for file content cache (D:\LocalDiskE\Madesh\Projects\SubamTamilCalendar\SubamCalendar\.gradle\6.5\fileContent)" [_thread_blocked, id=1148, stack(0x0000000029f80000,0x000000002a080000)]
  0x000000001ae56800 JavaThread "Memory manager" [_thread_blocked, id=8496, stack(0x0000000029880000,0x0000000029980000)]
  0x000000001c616000 JavaThread "pool-2-thread-1" [_thread_blocked, id=1808, stack(0x00000000293a0000,0x00000000294a0000)]
  0x000000001c61d000 JavaThread "Cache worker for Build Output Cleanup Cache (D:\LocalDiskE\Madesh\Projects\SubamTamilCalendar\SubamCalendar\.gradle\buildOutputCleanup)" [_thread_blocked, id=3300, stack(0x0000000027a40000,0x0000000027b40000)]
  0x000000001c61b800 JavaThread "Build operations Thread 4" [_thread_blocked, id=7428, stack(0x0000000027940000,0x0000000027a40000)]
  0x000000001c61c800 JavaThread "Build operations Thread 3" [_thread_blocked, id=6784, stack(0x0000000027230000,0x0000000027330000)]
  0x0000000015908000 JavaThread "Build operations Thread 2" [_thread_blocked, id=7608, stack(0x0000000026d30000,0x0000000026e30000)]
  0x0000000015905800 JavaThread "Build operations" [_thread_blocked, id=6488, stack(0x0000000026a30000,0x0000000026b30000)]
  0x0000000015907000 JavaThread "Cache worker for cache directory md-rule (C:\Users\Madeshwaran.Softcraft\.gradle\caches\6.5\md-rule)" [_thread_blocked, id=2640, stack(0x000000001e3a0000,0x000000001e4a0000)]
  0x0000000015909800 JavaThread "Cache worker for cache directory md-supplier (C:\Users\Madeshwaran.Softcraft\.gradle\caches\6.5\md-supplier)" [_thread_blocked, id=9528, stack(0x000000001e2a0000,0x000000001e3a0000)]
  0x000000001c6f2800 JavaThread "Cache worker for checksums cache (D:\LocalDiskE\Madesh\Projects\SubamTamilCalendar\SubamCalendar\.gradle\checksums)" [_thread_blocked, id=7084, stack(0x000000001d000000,0x000000001d100000)]
  0x000000001c6ee000 JavaThread "Cache worker for file hash cache (D:\LocalDiskE\Madesh\Projects\SubamTamilCalendar\SubamCalendar\.gradle\6.5\fileHashes)" [_thread_blocked, id=11736, stack(0x000000001cf00000,0x000000001d000000)]
  0x000000001c6f1000 JavaThread "Thread-160" [_thread_blocked, id=9328, stack(0x000000001bda0000,0x000000001bea0000)]
  0x000000001c6f2000 JavaThread "Stdin handler" [_thread_blocked, id=8024, stack(0x000000001bca0000,0x000000001bda0000)]
  0x000000001c6f3800 JavaThread "Asynchronous log dispatcher for DefaultDaemonConnection: socket connection from /127.0.0.1:51240 to /127.0.0.1:51248" [_thread_blocked, id=10112, stack(0x0000000019100000,0x0000000019200000)]
  0x000000001c6f0800 JavaThread "Cancel handler" [_thread_blocked, id=12264, stack(0x0000000018f00000,0x0000000019000000)]
  0x000000001c6ef800 JavaThread "Handler for socket connection from /127.0.0.1:51240 to /127.0.0.1:51248" [_thread_in_native, id=7400, stack(0x0000000018e00000,0x0000000018f00000)]
  0x000000001c6ed800 JavaThread "jar transforms Thread 129" [_thread_blocked, id=7276, stack(0x0000000026730000,0x0000000026830000)]
  0x000000001c6ec800 JavaThread "jar transforms Thread 128" [_thread_blocked, id=3904, stack(0x0000000026630000,0x0000000026730000)]
  0x000000001c6ec000 JavaThread "jar transforms Thread 127" [_thread_blocked, id=9552, stack(0x0000000026530000,0x0000000026630000)]
  0x000000001c6e7800 JavaThread "jar transforms Thread 126" [_thread_blocked, id=11572, stack(0x0000000026430000,0x0000000026530000)]
  0x000000001c6e4800 JavaThread "jar transforms Thread 125" [_thread_blocked, id=9684, stack(0x0000000026330000,0x0000000026430000)]
  0x000000001c6ea800 JavaThread "jar transforms Thread 124" [_thread_blocked, id=10044, stack(0x0000000026230000,0x0000000026330000)]
  0x000000001c6eb000 JavaThread "jar transforms Thread 123" [_thread_blocked, id=10132, stack(0x0000000026130000,0x0000000026230000)]
  0x000000001c6e9000 JavaThread "jar transforms Thread 122" [_thread_blocked, id=6600, stack(0x0000000026030000,0x0000000026130000)]
  0x000000001c6e8000 JavaThread "jar transforms Thread 121" [_thread_blocked, id=3224, stack(0x0000000025f30000,0x0000000026030000)]
  0x000000001c6e6000 JavaThread "jar transforms Thread 120" [_thread_blocked, id=9928, stack(0x0000000025e30000,0x0000000025f30000)]
  0x000000001c6e9800 JavaThread "jar transforms Thread 119" [_thread_blocked, id=1048, stack(0x0000000025d30000,0x0000000025e30000)]
  0x000000001c6e5000 JavaThread "jar transforms Thread 118" [_thread_blocked, id=5076, stack(0x0000000025c30000,0x0000000025d30000)]
  0x00000000158c1800 JavaThread "jar transforms Thread 117" [_thread_blocked, id=8236, stack(0x0000000025b30000,0x0000000025c30000)]
  0x00000000158c0800 JavaThread "jar transforms Thread 116" [_thread_blocked, id=5312, stack(0x0000000025a30000,0x0000000025b30000)]
  0x00000000158c0000 JavaThread "jar transforms Thread 115" [_thread_blocked, id=10948, stack(0x0000000025930000,0x0000000025a30000)]
  0x00000000158be800 JavaThread "jar transforms Thread 114" [_thread_blocked, id=1144, stack(0x0000000025830000,0x0000000025930000)]
  0x00000000158c5000 JavaThread "jar transforms Thread 113" [_thread_blocked, id=11964, stack(0x0000000025730000,0x0000000025830000)]
  0x00000000158c3000 JavaThread "jar transforms Thread 112" [_thread_blocked, id=1016, stack(0x0000000025630000,0x0000000025730000)]
  0x00000000158bd800 JavaThread "jar transforms Thread 111" [_thread_blocked, id=2716, stack(0x0000000025530000,0x0000000025630000)]
  0x00000000158c2000 JavaThread "jar transforms Thread 110" [_thread_blocked, id=8672, stack(0x0000000025430000,0x0000000025530000)]
  0x00000000158bf000 JavaThread "jar transforms Thread 109" [_thread_blocked, id=11128, stack(0x0000000025330000,0x0000000025430000)]
  0x00000000158c4800 JavaThread "jar transforms Thread 108" [_thread_blocked, id=2636, stack(0x0000000025230000,0x0000000025330000)]
  0x00000000158c3800 JavaThread "jar transforms Thread 107" [_thread_blocked, id=11804, stack(0x0000000025130000,0x0000000025230000)]
  0x00000000158b6000 JavaThread "jar transforms Thread 106" [_thread_blocked, id=11132, stack(0x0000000025030000,0x0000000025130000)]
  0x00000000158b8800 JavaThread "jar transforms Thread 105" [_thread_blocked, id=10536, stack(0x0000000024f30000,0x0000000025030000)]
  0x00000000158bb800 JavaThread "jar transforms Thread 104" [_thread_blocked, id=8800, stack(0x0000000024e30000,0x0000000024f30000)]
  0x00000000158b7000 JavaThread "jar transforms Thread 103" [_thread_blocked, id=10664, stack(0x0000000024d30000,0x0000000024e30000)]
  0x00000000158ba000 JavaThread "jar transforms Thread 102" [_thread_blocked, id=5712, stack(0x0000000024c30000,0x0000000024d30000)]
  0x00000000158bc000 JavaThread "jar transforms Thread 101" [_thread_blocked, id=6116, stack(0x0000000024b30000,0x0000000024c30000)]
  0x00000000158bd000 JavaThread "jar transforms Thread 100" [_thread_blocked, id=248, stack(0x0000000024a30000,0x0000000024b30000)]
  0x00000000158b9000 JavaThread "jar transforms Thread 99" [_thread_blocked, id=5136, stack(0x0000000024930000,0x0000000024a30000)]
  0x00000000158b7800 JavaThread "jar transforms Thread 98" [_thread_blocked, id=11556, stack(0x0000000024830000,0x0000000024930000)]
  0x00000000158ba800 JavaThread "jar transforms Thread 97" [_thread_blocked, id=11324, stack(0x0000000024730000,0x0000000024830000)]
  0x000000001b01a800 JavaThread "jar transforms Thread 96" [_thread_blocked, id=6632, stack(0x0000000024630000,0x0000000024730000)]
  0x000000001b01a000 JavaThread "jar transforms Thread 95" [_thread_blocked, id=12132, stack(0x0000000024530000,0x0000000024630000)]
  0x000000001b01f000 JavaThread "jar transforms Thread 94" [_thread_blocked, id=4868, stack(0x0000000024430000,0x0000000024530000)]
  0x000000001b01e800 JavaThread "jar transforms Thread 93" [_thread_blocked, id=11520, stack(0x0000000024330000,0x0000000024430000)]
  0x000000001b01d800 JavaThread "jar transforms Thread 92" [_thread_blocked, id=11864, stack(0x0000000024230000,0x0000000024330000)]
  0x000000001b01d000 JavaThread "jar transforms Thread 91" [_thread_blocked, id=10932, stack(0x0000000024130000,0x0000000024230000)]
  0x000000001b01c000 JavaThread "jar transforms Thread 90" [_thread_blocked, id=4400, stack(0x0000000024030000,0x0000000024130000)]
  0x000000001b019000 JavaThread "jar transforms Thread 89" [_thread_blocked, id=8364, stack(0x0000000023f30000,0x0000000024030000)]
  0x000000001b020000 JavaThread "jar transforms Thread 88" [_thread_blocked, id=6008, stack(0x0000000023e30000,0x0000000023f30000)]
  0x000000001b01b800 JavaThread "jar transforms Thread 87" [_thread_blocked, id=7540, stack(0x0000000023d30000,0x0000000023e30000)]
  0x000000001b011800 JavaThread "jar transforms Thread 86" [_thread_blocked, id=9532, stack(0x0000000023c30000,0x0000000023d30000)]
  0x000000001b018800 JavaThread "jar transforms Thread 85" [_thread_blocked, id=9280, stack(0x0000000023b30000,0x0000000023c30000)]
  0x000000001b011000 JavaThread "jar transforms Thread 84" [_thread_blocked, id=6436, stack(0x0000000023a30000,0x0000000023b30000)]
  0x000000001b017800 JavaThread "jar transforms Thread 83" [_thread_blocked, id=6804, stack(0x0000000023930000,0x0000000023a30000)]
  0x000000001b017000 JavaThread "jar transforms Thread 82" [_thread_blocked, id=4352, stack(0x0000000023830000,0x0000000023930000)]
  0x000000001b014800 JavaThread "jar transforms Thread 81" [_thread_blocked, id=11484, stack(0x0000000023730000,0x0000000023830000)]
  0x000000001b015800 JavaThread "jar transforms Thread 80" [_thread_blocked, id=8316, stack(0x0000000023630000,0x0000000023730000)]
  0x000000001b013000 JavaThread "jar transforms Thread 79" [_thread_blocked, id=2936, stack(0x0000000023530000,0x0000000023630000)]
  0x000000001b014000 JavaThread "jar transforms Thread 78" [_thread_blocked, id=4008, stack(0x0000000023430000,0x0000000023530000)]
  0x000000001b012800 JavaThread "jar transforms Thread 77" [_thread_blocked, id=4448, stack(0x0000000023330000,0x0000000023430000)]
  0x000000001b016000 JavaThread "jar transforms Thread 76" [_thread_blocked, id=4200, stack(0x0000000023230000,0x0000000023330000)]
  0x000000001c7f0800 JavaThread "jar transforms Thread 75" [_thread_blocked, id=3852, stack(0x0000000023130000,0x0000000023230000)]
  0x000000001c7e9000 JavaThread "jar transforms Thread 74" [_thread_blocked, id=4560, stack(0x0000000023030000,0x0000000023130000)]
  0x000000001c7ef800 JavaThread "jar transforms Thread 73" [_thread_blocked, id=6800, stack(0x0000000022f30000,0x0000000023030000)]
  0x000000001c7ef000 JavaThread "jar transforms Thread 72" [_thread_blocked, id=11364, stack(0x0000000022e30000,0x0000000022f30000)]
  0x000000001c7eb000 JavaThread "jar transforms Thread 71" [_thread_blocked, id=5188, stack(0x0000000022d30000,0x0000000022e30000)]
  0x000000001c7ee000 JavaThread "jar transforms Thread 70" [_thread_blocked, id=11136, stack(0x0000000022c30000,0x0000000022d30000)]
  0x000000001c7ed800 JavaThread "jar transforms Thread 69" [_thread_blocked, id=6140, stack(0x0000000022b30000,0x0000000022c30000)]
  0x000000001c7ec000 JavaThread "jar transforms Thread 68" [_thread_blocked, id=10556, stack(0x0000000022a30000,0x0000000022b30000)]
  0x000000001c7ec800 JavaThread "jar transforms Thread 67" [_thread_blocked, id=4988, stack(0x0000000022930000,0x0000000022a30000)]
  0x000000001c7ea800 JavaThread "jar transforms Thread 66" [_thread_blocked, id=3164, stack(0x0000000022830000,0x0000000022930000)]
  0x000000001c7e9800 JavaThread "jar transforms Thread 65" [_thread_blocked, id=10504, stack(0x0000000022730000,0x0000000022830000)]
  0x000000001c7e1800 JavaThread "jar transforms Thread 64" [_thread_blocked, id=10188, stack(0x0000000022630000,0x0000000022730000)]
  0x000000001c7e6800 JavaThread "jar transforms Thread 63" [_thread_blocked, id=6548, stack(0x0000000022530000,0x0000000022630000)]
  0x000000001c7e6000 JavaThread "jar transforms Thread 62" [_thread_blocked, id=6652, stack(0x0000000022430000,0x0000000022530000)]
  0x000000001c7e3000 JavaThread "jar transforms Thread 61" [_thread_blocked, id=3016, stack(0x0000000022330000,0x0000000022430000)]
  0x000000001c7e4800 JavaThread "jar transforms Thread 60" [_thread_blocked, id=5540, stack(0x0000000022230000,0x0000000022330000)]
  0x000000001c7e8000 JavaThread "jar transforms Thread 59" [_thread_blocked, id=6712, stack(0x0000000022130000,0x0000000022230000)]
  0x000000001c7e5000 JavaThread "jar transforms Thread 58" [_thread_blocked, id=9836, stack(0x0000000022030000,0x0000000022130000)]
  0x000000001c7e3800 JavaThread "jar transforms Thread 57" [_thread_blocked, id=1540, stack(0x0000000021f30000,0x0000000022030000)]
  0x000000001c7e7800 JavaThread "jar transforms Thread 56" [_thread_blocked, id=3504, stack(0x0000000021e30000,0x0000000021f30000)]
  0x000000001c7e2000 JavaThread "jar transforms Thread 55" [_thread_blocked, id=9616, stack(0x0000000021d30000,0x0000000021e30000)]
  0x000000001af60000 JavaThread "jar transforms Thread 54" [_thread_blocked, id=7520, stack(0x0000000021c30000,0x0000000021d30000)]
  0x000000001af61800 JavaThread "jar transforms Thread 53" [_thread_blocked, id=3000, stack(0x0000000021b30000,0x0000000021c30000)]
  0x000000001af5d800 JavaThread "jar transforms Thread 52" [_thread_blocked, id=11560, stack(0x0000000021a30000,0x0000000021b30000)]
  0x000000001af60800 JavaThread "jar transforms Thread 51" [_thread_blocked, id=9856, stack(0x0000000021930000,0x0000000021a30000)]
  0x000000001af62000 JavaThread "jar transforms Thread 50" [_thread_blocked, id=12036, stack(0x0000000021830000,0x0000000021930000)]
  0x000000001af63000 JavaThread "jar transforms Thread 49" [_thread_blocked, id=8288, stack(0x0000000021730000,0x0000000021830000)]
  0x000000001af5e800 JavaThread "jar transforms Thread 48" [_thread_blocked, id=11776, stack(0x0000000021630000,0x0000000021730000)]
  0x000000001af64800 JavaThread "jar transforms Thread 47" [_thread_blocked, id=5072, stack(0x0000000021530000,0x0000000021630000)]
  0x000000001af63800 JavaThread "jar transforms Thread 46" [_thread_blocked, id=9576, stack(0x0000000021430000,0x0000000021530000)]
  0x000000001af5f000 JavaThread "jar transforms Thread 45" [_thread_blocked, id=10160, stack(0x0000000021330000,0x0000000021430000)]
  0x000000001af56000 JavaThread "jar transforms Thread 44" [_thread_blocked, id=2352, stack(0x0000000021230000,0x0000000021330000)]
  0x000000001af5d000 JavaThread "jar transforms Thread 43" [_thread_blocked, id=2124, stack(0x0000000021130000,0x0000000021230000)]
  0x000000001af55800 JavaThread "jar transforms Thread 42" [_thread_blocked, id=3260, stack(0x0000000021030000,0x0000000021130000)]
  0x000000001af5c000 JavaThread "jar transforms Thread 41" [_thread_blocked, id=1076, stack(0x0000000020f30000,0x0000000021030000)]
  0x000000001af59000 JavaThread "jar transforms Thread 40" [_thread_blocked, id=12112, stack(0x0000000020e30000,0x0000000020f30000)]
  0x000000001af5b800 JavaThread "jar transforms Thread 39" [_thread_blocked, id=6204, stack(0x0000000020d30000,0x0000000020e30000)]
  0x000000001af5a800 JavaThread "jar transforms Thread 38" [_thread_blocked, id=4748, stack(0x0000000020c30000,0x0000000020d30000)]
  0x000000001af57800 JavaThread "jar transforms Thread 37" [_thread_blocked, id=5632, stack(0x0000000020b30000,0x0000000020c30000)]
  0x000000001af58800 JavaThread "jar transforms Thread 36" [_thread_blocked, id=11536, stack(0x0000000020a30000,0x0000000020b30000)]
  0x000000001af5a000 JavaThread "jar transforms Thread 35" [_thread_blocked, id=5620, stack(0x0000000020930000,0x0000000020a30000)]
  0x000000001af57000 JavaThread "jar transforms Thread 34" [_thread_blocked, id=7088, stack(0x0000000020830000,0x0000000020930000)]
  0x0000000017843000 JavaThread "jar transforms Thread 33" [_thread_blocked, id=9248, stack(0x0000000020730000,0x0000000020830000)]
  0x0000000017842800 JavaThread "jar transforms Thread 32" [_thread_blocked, id=10764, stack(0x0000000020630000,0x0000000020730000)]
  0x000000001783c800 JavaThread "jar transforms Thread 31" [_thread_blocked, id=1868, stack(0x0000000020530000,0x0000000020630000)]
  0x000000001783e800 JavaThread "jar transforms Thread 30" [_thread_blocked, id=7580, stack(0x0000000020430000,0x0000000020530000)]
  0x000000001783e000 JavaThread "jar transforms Thread 29" [_thread_blocked, id=9240, stack(0x0000000020330000,0x0000000020430000)]
  0x000000001783b800 JavaThread "jar transforms Thread 28" [_thread_blocked, id=2164, stack(0x0000000020230000,0x0000000020330000)]
  0x0000000017841800 JavaThread "jar transforms Thread 27" [_thread_blocked, id=5392, stack(0x0000000020130000,0x0000000020230000)]
  0x0000000017840000 JavaThread "jar transforms Thread 26" [_thread_blocked, id=3408, stack(0x0000000020030000,0x0000000020130000)]
  0x000000001783d000 JavaThread "jar transforms Thread 25" [_thread_blocked, id=9960, stack(0x000000001ff30000,0x0000000020030000)]
  0x000000001783a000 JavaThread "jar transforms Thread 24" [_thread_blocked, id=11272, stack(0x000000001fe30000,0x000000001ff30000)]
  0x0000000017841000 JavaThread "jar transforms Thread 23" [_thread_blocked, id=5280, stack(0x000000001fd30000,0x000000001fe30000)]
  0x000000001783f800 JavaThread "jar transforms Thread 22" [_thread_blocked, id=8900, stack(0x000000001fc30000,0x000000001fd30000)]
  0x0000000017834000 JavaThread "jar transforms Thread 21" [_thread_blocked, id=236, stack(0x000000001fb30000,0x000000001fc30000)]
  0x0000000017838800 JavaThread "jar transforms Thread 20" [_thread_blocked, id=10904, stack(0x000000001fa30000,0x000000001fb30000)]
  0x0000000017837000 JavaThread "jar transforms Thread 19" [_thread_blocked, id=8824, stack(0x000000001f930000,0x000000001fa30000)]
  0x0000000017838000 JavaThread "jar transforms Thread 18" [_thread_blocked, id=10204, stack(0x000000001f830000,0x000000001f930000)]
  0x000000001783b000 JavaThread "jar transforms Thread 17" [_thread_blocked, id=10052, stack(0x000000001f730000,0x000000001f830000)]
  0x0000000017839800 JavaThread "jar transforms Thread 16" [_thread_blocked, id=5844, stack(0x000000001f630000,0x000000001f730000)]
  0x0000000017836800 JavaThread "jar transforms Thread 15" [_thread_blocked, id=4484, stack(0x000000001f530000,0x000000001f630000)]
  0x0000000017835000 JavaThread "jar transforms Thread 14" [_thread_blocked, id=5700, stack(0x000000001f430000,0x000000001f530000)]
  0x0000000017835800 JavaThread "jar transforms Thread 13" [_thread_blocked, id=7688, stack(0x000000001f330000,0x000000001f430000)]
  0x000000001c625800 JavaThread "jar transforms Thread 12" [_thread_blocked, id=6272, stack(0x000000001f230000,0x000000001f330000)]
  0x000000001c624000 JavaThread "jar transforms Thread 11" [_thread_blocked, id=10668, stack(0x000000001f130000,0x000000001f230000)]
  0x000000001c61e000 JavaThread "jar transforms Thread 10" [_thread_blocked, id=9712, stack(0x000000001ef30000,0x000000001f030000)]
  0x000000001c61e800 JavaThread "jar transforms Thread 9" [_thread_blocked, id=11420, stack(0x000000001e8a0000,0x000000001e9a0000)]
  0x000000001c623000 JavaThread "jar transforms Thread 8" [_thread_blocked, id=7860, stack(0x000000001e7a0000,0x000000001e8a0000)]
  0x000000001c621800 JavaThread "jar transforms Thread 7" [_thread_blocked, id=4724, stack(0x000000001e6a0000,0x000000001e7a0000)]
  0x000000001c61f800 JavaThread "jar transforms Thread 6" [_thread_blocked, id=10200, stack(0x000000001ee30000,0x000000001ef30000)]
  0x000000001c624800 JavaThread "jar transforms Thread 5" [_thread_blocked, id=11936, stack(0x000000001ed30000,0x000000001ee30000)]
  0x000000001c620000 JavaThread "jar transforms Thread 4" [_thread_blocked, id=6404, stack(0x000000001ec30000,0x000000001ed30000)]
  0x000000001c622800 JavaThread "jar transforms Thread 3" [_thread_blocked, id=12136, stack(0x000000001eb30000,0x000000001ec30000)]
  0x000000001c621000 JavaThread "jar transforms Thread 2" [_thread_blocked, id=10016, stack(0x000000001ea30000,0x000000001eb30000)]
  0x000000001590b000 JavaThread "Cache worker for file content cache (C:\Users\Madeshwaran.Softcraft\.gradle\caches\6.5\fileContent)" [_thread_blocked, id=9720, stack(0x000000001dba0000,0x000000001dca0000)]
  0x000000001590a000 JavaThread "jar transforms" [_thread_blocked, id=4236, stack(0x000000001daa0000,0x000000001dba0000)]
  0x0000000015908800 JavaThread "Cache worker for execution history cache (C:\Users\Madeshwaran.Softcraft\.gradle\caches\6.5\executionHistory)" [_thread_blocked, id=10940, stack(0x000000001d100000,0x000000001d200000)]
  0x0000000015906800 JavaThread "Cache worker for file hash cache (C:\Users\Madeshwaran.Softcraft\.gradle\caches\6.5\fileHashes)" [_thread_blocked, id=8920, stack(0x0000000019800000,0x0000000019900000)]
  0x0000000015905000 JavaThread "File lock request listener" [_thread_in_native, id=7652, stack(0x0000000019700000,0x0000000019800000)]
  0x000000001738f800 JavaThread "Cache worker for journal cache (C:\Users\Madeshwaran.Softcraft\.gradle\caches\journal-1)" [_thread_blocked, id=7548, stack(0x0000000019600000,0x0000000019700000)]
  0x00000000172f3800 JavaThread "Daemon worker" [_thread_blocked, id=9580, stack(0x0000000019000000,0x0000000019100000)]
  0x000000001725b000 JavaThread "Daemon" [_thread_blocked, id=11684, stack(0x0000000018d00000,0x0000000018e00000)]
  0x000000001723d000 JavaThread "Daemon periodic checks" [_thread_blocked, id=10140, stack(0x0000000018a00000,0x0000000018b00000)]
  0x000000001730e800 JavaThread "Incoming local TCP Connector on port 51240" [_thread_in_native, id=6612, stack(0x00000000187c0000,0x00000000188c0000)]
  0x0000000017209000 JavaThread "Daemon health stats" [_thread_blocked, id=10080, stack(0x0000000018180000,0x0000000018280000)]
  0x000000001520d000 JavaThread "Service Thread" daemon [_thread_blocked, id=6212, stack(0x00000000155e0000,0x00000000156e0000)]
  0x0000000013899800 JavaThread "C1 CompilerThread2" daemon [_thread_blocked, id=3396, stack(0x00000000150e0000,0x00000000151e0000)]
  0x0000000013894800 JavaThread "C2 CompilerThread1" daemon [_thread_blocked, id=3212, stack(0x0000000014fe0000,0x00000000150e0000)]
  0x0000000013886800 JavaThread "C2 CompilerThread0" daemon [_thread_blocked, id=10780, stack(0x0000000014ee0000,0x0000000014fe0000)]
  0x0000000013885000 JavaThread "Attach Listener" daemon [_thread_blocked, id=9360, stack(0x0000000014de0000,0x0000000014ee0000)]
  0x0000000013881800 JavaThread "Signal Dispatcher" daemon [_thread_blocked, id=9644, stack(0x0000000014ce0000,0x0000000014de0000)]
  0x000000000245c000 JavaThread "Finalizer" daemon [_thread_blocked, id=9464, stack(0x0000000014ae0000,0x0000000014be0000)]
  0x0000000013869000 JavaThread "Reference Handler" daemon [_thread_blocked, id=3288, stack(0x00000000149e0000,0x0000000014ae0000)]
  0x00000000022dd800 JavaThread "main" [_thread_blocked, id=6968, stack(0x0000000002160000,0x0000000002260000)]

Other Threads:
=>0x0000000013847000 VMThread [stack: 0x00000000148e0000,0x00000000149e0000] [id=11616]
  0x0000000015225800 WatcherThread [stack: 0x00000000156e0000,0x00000000157e0000] [id=12004]

VM state:at safepoint (normal execution)

VM Mutex/Monitor currently owned by a thread:  ([mutex/lock_event])
[0x00000000022dc880] Threads_lock - owner thread: 0x0000000013847000
[0x00000000022dc800] Heap_lock - owner thread: 0x00000000172f3800

heap address: 0x00000000e0000000, size: 512 MB, Compressed Oops mode: 32-bit
Narrow klass base: 0x0000000000000000, Narrow klass shift: 3
Compressed class space size: 1073741824 Address: 0x0000000100000000

Heap:
 PSYoungGen      total 116736K, used 19042K [0x00000000f5580000, 0x0000000100000000, 0x0000000100000000)
  eden space 58880K, 0% used [0x00000000f5580000,0x00000000f5580000,0x00000000f8f00000)
  from space 57856K, 32% used [0x00000000fc780000,0x00000000fda18ae8,0x0000000100000000)
  to   space 57856K, 0% used [0x00000000f8f00000,0x00000000f8f00000,0x00000000fc780000)
 ParOldGen       total 196608K, used 175726K [0x00000000e0000000, 0x00000000ec000000, 0x00000000f5580000)
  object space 196608K, 89% used [0x00000000e0000000,0x00000000eab9b838,0x00000000ec000000)
 Metaspace       used 93284K, capacity 97582K, committed 97832K, reserved 1134592K
  class space    used 11979K, capacity 12805K, committed 12848K, reserved 1048576K

Card table byte_map: [0x0000000011820000,0x0000000011930000] byte_map_base: 0x0000000011120000

Marking Bits: (ParMarkBitMap*) 0x000000005f77f030
 Begin Bits: [0x0000000011de0000, 0x00000000125e0000)
 End Bits:   [0x00000000125e0000, 0x0000000012de0000)

Polling page: 0x0000000000940000

CodeCache: size=245760Kb used=51692Kb max_used=51692Kb free=194067Kb
 bounds [0x0000000002460000, 0x0000000005720000, 0x0000000011460000]
 total_blobs=15771 nmethods=14874 adapters=808
 compilation: enabled

Compilation events (10 events):
Event: 72.137 Thread 0x0000000013899800 18160   !   2       com.sun.tools.javac.jvm.ClassWriter::writeClass (115 bytes)
Event: 72.138 Thread 0x0000000013899800 nmethod 18160 0x000000000571a210 code [0x000000000571a4a0, 0x000000000571af88]
Event: 72.138 Thread 0x0000000013899800 18161   !   2       com.sun.tools.javac.api.ClientCodeWrapper$WrappedJavaFileManager::getJavaFileForOutput (58 bytes)
Event: 72.138 Thread 0x0000000013899800 nmethod 18161 0x000000000571bc50 code [0x000000000571be00, 0x000000000571c2a8]
Event: 72.138 Thread 0x0000000013899800 18158       2       com.sun.tools.javac.jvm.Pool::reset (15 bytes)
Event: 72.139 Thread 0x0000000013899800 nmethod 18158 0x000000000571c7d0 code [0x000000000571c940, 0x000000000571cac8]
Event: 72.147 Thread 0x0000000013899800 18162       2       com.sun.tools.javac.code.Types::prune (136 bytes)
Event: 72.148 Thread 0x0000000013899800 nmethod 18162 0x000000000571cb50 code [0x000000000571cd40, 0x000000000571d3b8]
Event: 72.175 Thread 0x0000000013899800 18163       2       com.sun.tools.javac.comp.Flow$BaseAnalyzer::<init> (5 bytes)
Event: 72.175 Thread 0x0000000013899800 nmethod 18163 0x000000000571d950 code [0x000000000571daa0, 0x000000000571dbf0]

GC Heap History (10 events):
Event: 69.894 GC heap after
Heap after GC invocations=29 (full 3):
 PSYoungGen      total 114688K, used 40429K [0x00000000f5580000, 0x0000000100000000, 0x0000000100000000)
  eden space 74240K, 0% used [0x00000000f5580000,0x00000000f5580000,0x00000000f9e00000)
  from space 40448K, 99% used [0x00000000fd880000,0x00000000ffffb758,0x0000000100000000)
  to   space 50176K, 0% used [0x00000000f9e00000,0x00000000f9e00000,0x00000000fcf00000)
 ParOldGen       total 196608K, used 123353K [0x00000000e0000000, 0x00000000ec000000, 0x00000000f5580000)
  object space 196608K, 62% used [0x00000000e0000000,0x00000000e7876790,0x00000000ec000000)
 Metaspace       used 92133K, capacity 96298K, committed 96552K, reserved 1132544K
  class space    used 11898K, capacity 12741K, committed 12848K, reserved 1048576K
}
Event: 70.318 GC heap before
{Heap before GC invocations=30 (full 3):
 PSYoungGen      total 114688K, used 114669K [0x00000000f5580000, 0x0000000100000000, 0x0000000100000000)
  eden space 74240K, 100% used [0x00000000f5580000,0x00000000f9e00000,0x00000000f9e00000)
  from space 40448K, 99% used [0x00000000fd880000,0x00000000ffffb758,0x0000000100000000)
  to   space 50176K, 0% used [0x00000000f9e00000,0x00000000f9e00000,0x00000000fcf00000)
 ParOldGen       total 196608K, used 123353K [0x00000000e0000000, 0x00000000ec000000, 0x00000000f5580000)
  object space 196608K, 62% used [0x00000000e0000000,0x00000000e7876790,0x00000000ec000000)
 Metaspace       used 92640K, capacity 96906K, committed 97064K, reserved 1134592K
  class space    used 11945K, capacity 12773K, committed 12848K, reserved 1048576K
Event: 70.368 GC heap after
Heap after GC invocations=30 (full 3):
 PSYoungGen      total 124416K, used 50158K [0x00000000f5580000, 0x0000000100000000, 0x0000000100000000)
  eden space 74240K, 0% used [0x00000000f5580000,0x00000000f5580000,0x00000000f9e00000)
  from space 50176K, 99% used [0x00000000f9e00000,0x00000000fcefbb30,0x00000000fcf00000)
  to   space 50176K, 0% used [0x00000000fcf00000,0x00000000fcf00000,0x0000000100000000)
 ParOldGen       total 196608K, used 131219K [0x00000000e0000000, 0x00000000ec000000, 0x00000000f5580000)
  object space 196608K, 66% used [0x00000000e0000000,0x00000000e8024d08,0x00000000ec000000)
 Metaspace       used 92640K, capacity 96906K, committed 97064K, reserved 1134592K
  class space    used 11945K, capacity 12773K, committed 12848K, reserved 1048576K
}
Event: 70.815 GC heap before
{Heap before GC invocations=31 (full 3):
 PSYoungGen      total 124416K, used 124398K [0x00000000f5580000, 0x0000000100000000, 0x0000000100000000)
  eden space 74240K, 100% used [0x00000000f5580000,0x00000000f9e00000,0x00000000f9e00000)
  from space 50176K, 99% used [0x00000000f9e00000,0x00000000fcefbb30,0x00000000fcf00000)
  to   space 50176K, 0% used [0x00000000fcf00000,0x00000000fcf00000,0x0000000100000000)
 ParOldGen       total 196608K, used 131219K [0x00000000e0000000, 0x00000000ec000000, 0x00000000f5580000)
  object space 196608K, 66% used [0x00000000e0000000,0x00000000e8024d08,0x00000000ec000000)
 Metaspace       used 92939K, capacity 97198K, committed 97320K, reserved 1134592K
  class space    used 11969K, capacity 12805K, committed 12848K, reserved 1048576K
Event: 70.859 GC heap after
Heap after GC invocations=31 (full 3):
 PSYoungGen      total 109056K, used 50160K [0x00000000f5580000, 0x0000000100000000, 0x0000000100000000)
  eden space 58880K, 0% used [0x00000000f5580000,0x00000000f5580000,0x00000000f8f00000)
  from space 50176K, 99% used [0x00000000fcf00000,0x00000000ffffc220,0x0000000100000000)
  to   space 57856K, 0% used [0x00000000f8f00000,0x00000000f8f00000,0x00000000fc780000)
 ParOldGen       total 196608K, used 140189K [0x00000000e0000000, 0x00000000ec000000, 0x00000000f5580000)
  object space 196608K, 71% used [0x00000000e0000000,0x00000000e88e7540,0x00000000ec000000)
 Metaspace       used 92939K, capacity 97198K, committed 97320K, reserved 1134592K
  class space    used 11969K, capacity 12805K, committed 12848K, reserved 1048576K
}
Event: 71.562 GC heap before
{Heap before GC invocations=32 (full 3):
 PSYoungGen      total 109056K, used 109040K [0x00000000f5580000, 0x0000000100000000, 0x0000000100000000)
  eden space 58880K, 100% used [0x00000000f5580000,0x00000000f8f00000,0x00000000f8f00000)
  from space 50176K, 99% used [0x00000000fcf00000,0x00000000ffffc220,0x0000000100000000)
  to   space 57856K, 0% used [0x00000000f8f00000,0x00000000f8f00000,0x00000000fc780000)
 ParOldGen       total 196608K, used 140189K [0x00000000e0000000, 0x00000000ec000000, 0x00000000f5580000)
  object space 196608K, 71% used [0x00000000e0000000,0x00000000e88e7540,0x00000000ec000000)
 Metaspace       used 93227K, capacity 97518K, committed 97832K, reserved 1134592K
  class space    used 11979K, capacity 12805K, committed 12848K, reserved 1048576K
Event: 71.599 GC heap after
Heap after GC invocations=32 (full 3):
 PSYoungGen      total 116736K, used 45133K [0x00000000f5580000, 0x0000000100000000, 0x0000000100000000)
  eden space 58880K, 0% used [0x00000000f5580000,0x00000000f5580000,0x00000000f8f00000)
  from space 57856K, 78% used [0x00000000f8f00000,0x00000000fbb13758,0x00000000fc780000)
  to   space 57856K, 0% used [0x00000000fc780000,0x00000000fc780000,0x0000000100000000)
 ParOldGen       total 196608K, used 147746K [0x00000000e0000000, 0x00000000ec000000, 0x00000000f5580000)
  object space 196608K, 75% used [0x00000000e0000000,0x00000000e9048878,0x00000000ec000000)
 Metaspace       used 93227K, capacity 97518K, committed 97832K, reserved 1134592K
  class space    used 11979K, capacity 12805K, committed 12848K, reserved 1048576K
}
Event: 72.198 GC heap before
{Heap before GC invocations=33 (full 3):
 PSYoungGen      total 116736K, used 104013K [0x00000000f5580000, 0x0000000100000000, 0x0000000100000000)
  eden space 58880K, 100% used [0x00000000f5580000,0x00000000f8f00000,0x00000000f8f00000)
  from space 57856K, 78% used [0x00000000f8f00000,0x00000000fbb13758,0x00000000fc780000)
  to   space 57856K, 0% used [0x00000000fc780000,0x00000000fc780000,0x0000000100000000)
 ParOldGen       total 196608K, used 147746K [0x00000000e0000000, 0x00000000ec000000, 0x00000000f5580000)
  object space 196608K, 75% used [0x00000000e0000000,0x00000000e9048878,0x00000000ec000000)
 Metaspace       used 93284K, capacity 97582K, committed 97832K, reserved 1134592K
  class space    used 11979K, capacity 12805K, committed 12848K, reserved 1048576K
Event: 72.241 GC heap after
Heap after GC invocations=33 (full 3):
 PSYoungGen      total 116736K, used 19042K [0x00000000f5580000, 0x0000000100000000, 0x0000000100000000)
  eden space 58880K, 0% used [0x00000000f5580000,0x00000000f5580000,0x00000000f8f00000)
  from space 57856K, 32% used [0x00000000fc780000,0x00000000fda18ae8,0x0000000100000000)
  to   space 57856K, 0% used [0x00000000f8f00000,0x00000000f8f00000,0x00000000fc780000)
 ParOldGen       total 196608K, used 175726K [0x00000000e0000000, 0x00000000ec000000, 0x00000000f5580000)
  object space 196608K, 89% used [0x00000000e0000000,0x00000000eab9b838,0x00000000ec000000)
 Metaspace       used 93284K, capacity 97582K, committed 97832K, reserved 1134592K
  class space    used 11979K, capacity 12805K, committed 12848K, reserved 1048576K
}
Event: 72.241 GC heap before
{Heap before GC invocations=34 (full 4):
 PSYoungGen      total 116736K, used 19042K [0x00000000f5580000, 0x0000000100000000, 0x0000000100000000)
  eden space 58880K, 0% used [0x00000000f5580000,0x00000000f5580000,0x00000000f8f00000)
  from space 57856K, 32% used [0x00000000fc780000,0x00000000fda18ae8,0x0000000100000000)
  to   space 57856K, 0% used [0x00000000f8f00000,0x00000000f8f00000,0x00000000fc780000)
 ParOldGen       total 196608K, used 175726K [0x00000000e0000000, 0x00000000ec000000, 0x00000000f5580000)
  object space 196608K, 89% used [0x00000000e0000000,0x00000000eab9b838,0x00000000ec000000)
 Metaspace       used 93284K, capacity 97582K, committed 97832K, reserved 1134592K
  class space    used 11979K, capacity 12805K, committed 12848K, reserved 1048576K

Deoptimization events (10 events):
Event: 71.642 Thread 0x00000000172f3800 Uncommon trap: reason=class_check action=maybe_recompile pc=0x0000000005227e38 method=com.sun.tools.javac.code.Symbol$ClassSymbol.isSubClass(Lcom/sun/tools/javac/code/Symbol;Lcom/sun/tools/javac/code/Types;)Z @ 55
Event: 71.642 Thread 0x00000000172f3800 Uncommon trap: reason=class_check action=maybe_recompile pc=0x0000000005227e38 method=com.sun.tools.javac.code.Symbol$ClassSymbol.isSubClass(Lcom/sun/tools/javac/code/Symbol;Lcom/sun/tools/javac/code/Types;)Z @ 55
Event: 71.642 Thread 0x00000000172f3800 Uncommon trap: reason=class_check action=maybe_recompile pc=0x0000000005227e38 method=com.sun.tools.javac.code.Symbol$ClassSymbol.isSubClass(Lcom/sun/tools/javac/code/Symbol;Lcom/sun/tools/javac/code/Types;)Z @ 55
Event: 71.861 Thread 0x00000000172f3800 Uncommon trap: reason=class_check action=maybe_recompile pc=0x00000000053311d8 method=com.sun.tools.javac.code.Types.covariantReturnType(Lcom/sun/tools/javac/code/Type;Lcom/sun/tools/javac/code/Type;Lcom/sun/tools/javac/util/Warner;)Z @ 17
Event: 71.930 Thread 0x00000000172f3800 Uncommon trap: reason=class_check action=maybe_recompile pc=0x00000000053311d8 method=com.sun.tools.javac.code.Types.covariantReturnType(Lcom/sun/tools/javac/code/Type;Lcom/sun/tools/javac/code/Type;Lcom/sun/tools/javac/util/Warner;)Z @ 17
Event: 72.111 Thread 0x00000000172f3800 Uncommon trap: reason=unstable_if action=reinterpret pc=0x0000000005050de4 method=com.sun.tools.javac.code.Symbol.hiddenInInternal(Lcom/sun/tools/javac/code/Symbol$ClassSymbol;Lcom/sun/tools/javac/code/Types;)Lcom/sun/tools/javac/code/Symbol; @ 40
Event: 72.131 Thread 0x00000000172f3800 Uncommon trap: reason=class_check action=maybe_recompile pc=0x000000000569a23c method=com.sun.tools.javac.code.Types$ImplementationCache.implementationInternal(Lcom/sun/tools/javac/code/Symbol$MethodSymbol;Lcom/sun/tools/javac/code/Symbol$TypeSymbol;ZLcom
Event: 72.131 Thread 0x00000000172f3800 Uncommon trap: reason=class_check action=maybe_recompile pc=0x000000000569a23c method=com.sun.tools.javac.code.Types$ImplementationCache.implementationInternal(Lcom/sun/tools/javac/code/Symbol$MethodSymbol;Lcom/sun/tools/javac/code/Symbol$TypeSymbol;ZLcom
Event: 72.132 Thread 0x00000000172f3800 Uncommon trap: reason=class_check action=maybe_recompile pc=0x000000000569a23c method=com.sun.tools.javac.code.Types$ImplementationCache.implementationInternal(Lcom/sun/tools/javac/code/Symbol$MethodSymbol;Lcom/sun/tools/javac/code/Symbol$TypeSymbol;ZLcom
Event: 72.132 Thread 0x00000000172f3800 Uncommon trap: reason=class_check action=maybe_recompile pc=0x000000000569a23c method=com.sun.tools.javac.code.Types$ImplementationCache.implementationInternal(Lcom/sun/tools/javac/code/Symbol$MethodSymbol;Lcom/sun/tools/javac/code/Symbol$TypeSymbol;ZLcom

Classes redefined (0 events):
No events

Internal exceptions (10 events):
Event: 68.614 Thread 0x000000001b4ca800 Exception <a 'sun/nio/fs/WindowsException'> (0x00000000f82a7de0) thrown at [C:\src\AOSP-openjdk-git\hotspot\src\share\vm\prims\jni.cpp, line 710]
Event: 68.877 Thread 0x00000000172f3800 Exception <a 'sun/nio/fs/WindowsException'> (0x00000000f9311528) thrown at [C:\src\AOSP-openjdk-git\hotspot\src\share\vm\prims\jni.cpp, line 710]
Event: 68.877 Thread 0x00000000172f3800 Exception <a 'sun/nio/fs/WindowsException'> (0x00000000f9312db0) thrown at [C:\src\AOSP-openjdk-git\hotspot\src\share\vm\prims\jni.cpp, line 710]
Event: 68.878 Thread 0x00000000172f3800 Exception <a 'sun/nio/fs/WindowsException'> (0x00000000f931ac68) thrown at [C:\src\AOSP-openjdk-git\hotspot\src\share\vm\prims\jni.cpp, line 710]
Event: 68.878 Thread 0x00000000172f3800 Exception <a 'sun/nio/fs/WindowsException'> (0x00000000f931c538) thrown at [C:\src\AOSP-openjdk-git\hotspot\src\share\vm\prims\jni.cpp, line 710]
Event: 68.878 Thread 0x00000000172f3800 Exception <a 'sun/nio/fs/WindowsException'> (0x00000000f931efe0) thrown at [C:\src\AOSP-openjdk-git\hotspot\src\share\vm\prims\jni.cpp, line 710]
Event: 68.878 Thread 0x00000000172f3800 Exception <a 'sun/nio/fs/WindowsException'> (0x00000000f93208c0) thrown at [C:\src\AOSP-openjdk-git\hotspot\src\share\vm\prims\jni.cpp, line 710]
Event: 69.581 Thread 0x00000000172f3800 Exception <a 'java/io/FileNotFoundException'> (0x00000000f7fe46c8) thrown at [C:\src\AOSP-openjdk-git\hotspot\src\share\vm\prims\jni.cpp, line 710]
Event: 69.585 Thread 0x00000000172f3800 Exception <a 'java/io/FileNotFoundException'> (0x00000000f7fe8668) thrown at [C:\src\AOSP-openjdk-git\hotspot\src\share\vm\prims\jni.cpp, line 710]
Event: 69.639 Thread 0x00000000172f3800 Implicit null exception at 0x0000000004f3b15a to 0x0000000004f3b3f5

Events (10 events):
Event: 72.131 Thread 0x00000000172f3800 Uncommon trap: trap_request=0xffffffde fr.pc=0x000000000569a23c
Event: 72.131 Thread 0x00000000172f3800 DEOPT PACKING pc=0x000000000569a23c sp=0x00000000190f7790
Event: 72.131 Thread 0x00000000172f3800 DEOPT UNPACKING pc=0x00000000024a557b sp=0x00000000190f75d0 mode 2
Event: 72.132 Thread 0x00000000172f3800 Uncommon trap: trap_request=0xffffffde fr.pc=0x000000000569a23c
Event: 72.132 Thread 0x00000000172f3800 DEOPT PACKING pc=0x000000000569a23c sp=0x00000000190f7790
Event: 72.132 Thread 0x00000000172f3800 DEOPT UNPACKING pc=0x00000000024a557b sp=0x00000000190f75d0 mode 2
Event: 72.132 Thread 0x00000000172f3800 Uncommon trap: trap_request=0xffffffde fr.pc=0x000000000569a23c
Event: 72.132 Thread 0x00000000172f3800 DEOPT PACKING pc=0x000000000569a23c sp=0x00000000190f7790
Event: 72.132 Thread 0x00000000172f3800 DEOPT UNPACKING pc=0x00000000024a557b sp=0x00000000190f75d0 mode 2
Event: 72.198 Executing VM operation: ParallelGCFailedAllocation


Dynamic libraries:
0x00007ff7a1c50000 - 0x00007ff7a1c81000 	C:\Program Files\Android\Android Studio\jre\bin\java.exe
0x00007ffbdaf50000 - 0x00007ffbdb146000 	C:\WINDOWS\SYSTEM32\ntdll.dll
0x00007ffbda6e0000 - 0x00007ffbda79d000 	C:\WINDOWS\System32\KERNEL32.DLL
0x00007ffbd8720000 - 0x00007ffbd89e8000 	C:\WINDOWS\System32\KERNELBASE.dll
0x00007ffbda880000 - 0x00007ffbda92c000 	C:\WINDOWS\System32\ADVAPI32.dll
0x00007ffbd9fa0000 - 0x00007ffbda03e000 	C:\WINDOWS\System32\msvcrt.dll
0x00007ffbda040000 - 0x00007ffbda0db000 	C:\WINDOWS\System32\sechost.dll
0x00007ffbda4d0000 - 0x00007ffbda5f4000 	C:\WINDOWS\System32\RPCRT4.dll
0x00007ffbdaa60000 - 0x00007ffbdac00000 	C:\WINDOWS\System32\USER32.dll
0x00007ffbd8cf0000 - 0x00007ffbd8d12000 	C:\WINDOWS\System32\win32u.dll
0x00007ffbdacf0000 - 0x00007ffbdad1a000 	C:\WINDOWS\System32\GDI32.dll
0x00007ffbd8dd0000 - 0x00007ffbd8ed9000 	C:\WINDOWS\System32\gdi32full.dll
0x00007ffbd8c50000 - 0x00007ffbd8ced000 	C:\WINDOWS\System32\msvcp_win.dll
0x00007ffbd8b00000 - 0x00007ffbd8c00000 	C:\WINDOWS\System32\ucrtbase.dll
0x00007ffbc0230000 - 0x00007ffbc04cb000 	C:\WINDOWS\WinSxS\amd64_microsoft.windows.common-controls_6595b64144ccf1df_6.0.19041.488_none_ca04af081b815d21\COMCTL32.dll
0x00007ffbda0e0000 - 0x00007ffbda110000 	C:\WINDOWS\System32\IMM32.DLL
0x000000005edf0000 - 0x000000005eec2000 	C:\Program Files\Android\Android Studio\jre\jre\bin\msvcr100.dll
0x000000005efb0000 - 0x000000005f7fb000 	C:\Program Files\Android\Android Studio\jre\jre\bin\server\jvm.dll
0x00007ffbda600000 - 0x00007ffbda608000 	C:\WINDOWS\System32\PSAPI.DLL
0x00007ffbd4280000 - 0x00007ffbd4289000 	C:\WINDOWS\SYSTEM32\WSOCK32.dll
0x00007ffbc1720000 - 0x00007ffbc1747000 	C:\WINDOWS\SYSTEM32\WINMM.dll
0x00007ffbda800000 - 0x00007ffbda86b000 	C:\WINDOWS\System32\WS2_32.dll
0x00007ffbcc670000 - 0x00007ffbcc67a000 	C:\WINDOWS\SYSTEM32\VERSION.dll
0x00007ffbcb810000 - 0x00007ffbcb81f000 	C:\Program Files\Android\Android Studio\jre\jre\bin\verify.dll
0x00007ffbc81c0000 - 0x00007ffbc81e9000 	C:\Program Files\Android\Android Studio\jre\jre\bin\java.dll
0x00007ffbc81a0000 - 0x00007ffbc81b6000 	C:\Program Files\Android\Android Studio\jre\jre\bin\zip.dll
0x00007ffbd9730000 - 0x00007ffbd9e71000 	C:\WINDOWS\System32\SHELL32.dll
0x00007ffbd6890000 - 0x00007ffbd7025000 	C:\WINDOWS\SYSTEM32\windows.storage.dll
0x00007ffbda170000 - 0x00007ffbda4c5000 	C:\WINDOWS\System32\combase.dll
0x00007ffbd80c0000 - 0x00007ffbd80ec000 	C:\WINDOWS\SYSTEM32\Wldp.dll
0x00007ffbda610000 - 0x00007ffbda6be000 	C:\WINDOWS\System32\SHCORE.dll
0x00007ffbda110000 - 0x00007ffbda165000 	C:\WINDOWS\System32\shlwapi.dll
0x00007ffbd8650000 - 0x00007ffbd8676000 	C:\WINDOWS\SYSTEM32\profapi.dll
0x00007ffbc8180000 - 0x00007ffbc819a000 	C:\Program Files\Android\Android Studio\jre\jre\bin\net.dll
0x00007ffbd7e40000 - 0x00007ffbd7eaa000 	C:\WINDOWS\system32\mswsock.dll
0x00007ffbc8130000 - 0x00007ffbc8143000 	C:\Program Files\Android\Android Studio\jre\jre\bin\nio.dll
0x00007ffbcb7e0000 - 0x00007ffbcb807000 	C:\Users\Madeshwaran.Softcraft\.gradle\native\f6784746aeab05261644944871eae4fe03e0ef1612fff0a4a95f87b438bc6780\windows-amd64\native-platform.dll
0x00007ffbcb7c0000 - 0x00007ffbcb7cd000 	C:\Program Files\Android\Android Studio\jre\jre\bin\management.dll
0x00007ffbd8010000 - 0x00007ffbd8028000 	C:\WINDOWS\SYSTEM32\CRYPTSP.dll
0x00007ffbd77d0000 - 0x00007ffbd7804000 	C:\WINDOWS\system32\rsaenh.dll
0x00007ffbd8a70000 - 0x00007ffbd8a97000 	C:\WINDOWS\System32\bcrypt.dll
0x00007ffbd85c0000 - 0x00007ffbd85ee000 	C:\WINDOWS\SYSTEM32\USERENV.dll
0x00007ffbd89f0000 - 0x00007ffbd8a6f000 	C:\WINDOWS\System32\bcryptprimitives.dll
0x00007ffbd8030000 - 0x00007ffbd803c000 	C:\WINDOWS\SYSTEM32\CRYPTBASE.dll
0x00007ffbd7b30000 - 0x00007ffbd7b6b000 	C:\WINDOWS\SYSTEM32\IPHLPAPI.DLL
0x00007ffbda870000 - 0x00007ffbda878000 	C:\WINDOWS\System32\NSI.dll
0x00007ffbd2a50000 - 0x00007ffbd2a67000 	C:\WINDOWS\SYSTEM32\dhcpcsvc6.DLL
0x00007ffbd2950000 - 0x00007ffbd296d000 	C:\WINDOWS\SYSTEM32\dhcpcsvc.DLL
0x00007ffbd7b70000 - 0x00007ffbd7c3b000 	C:\WINDOWS\SYSTEM32\DNSAPI.dll
0x00007ffbd2ad0000 - 0x00007ffbd2adb000 	C:\WINDOWS\SYSTEM32\WINNSI.DLL
0x00007ffbc6c70000 - 0x00007ffbc6c94000 	C:\Program Files\Android\Android Studio\jre\jre\bin\sunec.dll
0x00007ffbd1bf0000 - 0x00007ffbd1bfa000 	C:\Windows\System32\rasadhlp.dll
0x00007ffbd0690000 - 0x00007ffbd070f000 	C:\WINDOWS\System32\fwpuclnt.dll
0x00007ffbc7c90000 - 0x00007ffbc7c9b000 	C:\Program Files\Android\Android Studio\jre\jre\bin\sunmscapi.dll
0x00007ffbd8ee0000 - 0x00007ffbd903d000 	C:\WINDOWS\System32\CRYPT32.dll
0x00007ffbd7460000 - 0x00007ffbd7493000 	C:\WINDOWS\SYSTEM32\ntmarta.dll
0x00007ffbcaad0000 - 0x00007ffbcacb4000 	C:\WINDOWS\SYSTEM32\dbghelp.dll

VM Arguments:
jvm_args: -XX:MaxMetaspaceSize=256m -XX:+HeapDumpOnOutOfMemoryError -Xms256m -Xmx512m -Dfile.encoding=windows-1252 -Duser.country=US -Duser.language=en -Duser.variant 
java_command: org.gradle.launcher.daemon.bootstrap.GradleDaemon 6.5
java_class_path (initial): C:\Users\Madeshwaran.Softcraft\.gradle\wrapper\dists\gradle-6.5-all\2oz4ud9k3tuxjg84bbf55q0tn\gradle-6.5\lib\gradle-launcher-6.5.jar
Launcher Type: SUN_STANDARD

Environment Variables:
PATH=C:\WINDOWS\system32;C:\WINDOWS;C:\WINDOWS\System32\Wbem;C:\WINDOWS\System32\WindowsPowerShell\v1.0\;C:\Program Files\Java\jdk-13.0.2\bin;C:\Program Files\Git\cmd;C:\WINDOWS\System32\OpenSSH\;C:\Users\Madeshwaran.Softcraft\AppData\Local\Microsoft\WindowsApps;
USERNAME=Madeshwaran
OS=Windows_NT
PROCESSOR_IDENTIFIER=Intel64 Family 6 Model 58 Stepping 9, GenuineIntel



---------------  S Y S T E M  ---------------

OS: Windows 10.0 , 64 bit Build 19041 (10.0.19041.546)

CPU:total 4 (initial active 4) (4 cores per cpu, 1 threads per core) family 6 model 58 stepping 9, cmov, cx8, fxsr, mmx, sse, sse2, sse3, ssse3, sse4.1, sse4.2, popcnt, avx, aes, clmul, erms, tsc, tscinvbit, tscinv

Memory: 4k page, physical 8282164k(2971824k free), swap 13525044k(7901544k free)

vm_info: OpenJDK 64-Bit Server VM (25.242-b01) for windows-amd64 JRE (1.8.0_242-release-1644-b01), built by "builder" with MS VC++ 10.0 (VS2010)

time: Mon Dec 07 12:07:24 2020
timezone: India Standard Time
elapsed time: 72 seconds (0d 0h 1m 12s)

