#
# A fatal error has been detected by the Java Runtime Environment:
#
#  EXCEPTION_ACCESS_VIOLATION (0xc0000005) at pc=0x00000ea800000000, pid=4220, tid=0x000000000000143c
#
# JRE version: OpenJDK Runtime Environment (8.0_152-b01) (build 1.8.0_152-release-915-b01)
# Java VM: OpenJDK 64-Bit Server VM (25.152-b01 mixed mode windows-amd64 compressed oops)
# Problematic frame:
# C  0x00000ea800000000
#
# Failed to write core dump. Minidumps are not enabled by default on client versions of Windows
#
# If you would like to submit a bug report, please visit:
#   http://bugreport.java.com/bugreport/crash.jsp
#

---------------  T H R E A D  ---------------

Current thread (0x0000000019689800):  JavaThread "Task worker for ':' Thread 3" [_thread_in_Java, id=5180, stack(0x0000000025620000,0x0000000025720000)]

siginfo: ExceptionCode=0xc0000005, ExceptionInformation=0x0000000000000008 0x00000ea800000000

Registers:
RAX=0x0000000100be8db8, RBX=0x000000010000000c, RCX=0x000000002017b7b9, RDX=0x00000000c69e4dd0
RSP=0x000000002571d1d8, RBP=0x000000000000006d, RSI=0x0000000011e80000, RDI=0x00000000c7106fb0
R8 =0x00000000c69dc3c8, R9 =0x00000000ece8ceb8, R10=0x00000000c69dc418, R11=0x00000000c69e4dd0
R12=0x0000000000000000, R13=0x000000010008ac28, R14=0x00000000c7106f88, R15=0x0000000019689800
RIP=0x00000ea800000000, EFLAGS=0x0000000000010206

Top of Stack: (sp=0x000000002571d1d8)
0x000000002571d1d8:   0000000007ae59f0 00000000c69dc3c8
0x000000002571d1e8:   0000000400000004 00000000ece8ceb8
0x000000002571d1f8:   00000000ece8ceb8 00000000c68eb400
0x000000002571d208:   00000000ece8cec8 00000000ece8cec8
0x000000002571d218:   0000000000000002 00000000ece8cec8
0x000000002571d228:   00000000030c809d 000000002571d290
0x000000002571d238:   00000000030c809d 000000002571d2a0
0x000000002571d248:   00000000030c809d 00000000c69dbc20
0x000000002571d258:   0000000007bb6bfc 00000000ece8ceb8
0x000000002571d268:   00001521c5bed0e8 00000000c5bed0e8
0x000000002571d278:   00000000c69edd38 0000000000000000
0x000000002571d288:   0000000025ef6698 0000000000000000
0x000000002571d298:   000000002571d2b0 000000002571d310
0x000000002571d2a8:   00000000030c809d 00000000ece8cec8
0x000000002571d2b8:   00000000030c809d 00000000ece8ceb8
0x000000002571d2c8:   00000000c5bed140 000000002571d2d0 

Instructions: (pc=0x00000ea800000000)
0x00000ea7ffffffe0:   
[error occurred during error reporting (printing registers, top of stack, instructions near pc), id 0xc0000005]

Register to memory mapping:

RAX=0x0000000100be8db8 is pointing into metadata
RBX=0x000000010000000c is pointing into metadata
RCX=0x000000002017b7b9 is an unknown value
RDX=0x00000000c69e4dd0 is an oop

[error occurred during error reporting (printing register info), id 0xc0000005]

Stack: [0x0000000025620000,0x0000000025720000],  sp=0x000000002571d1d8,  free space=1012k
Native frames: (J=compiled Java code, j=interpreted, Vv=VM code, C=native code)
C  0x00000ea800000000


---------------  P R O C E S S  ---------------

Java Threads: ( => current thread )
  0x0000000021365800 JavaThread "ForkJoinPool.commonPool-worker-1" daemon [_thread_blocked, id=4140, stack(0x0000000027560000,0x0000000027660000)]
  0x0000000021363000 JavaThread "ForkJoinPool.commonPool-worker-0" daemon [_thread_blocked, id=3828, stack(0x0000000027460000,0x0000000027560000)]
  0x0000000021368800 JavaThread "ForkJoinPool.commonPool-worker-3" daemon [_thread_blocked, id=5196, stack(0x0000000026320000,0x0000000026420000)]
  0x0000000021361800 JavaThread "Worker Daemon Execution Thread 4" [_thread_blocked, id=1704, stack(0x0000000026220000,0x0000000026320000)]
  0x000000001989d800 JavaThread "Worker Daemon Execution Thread 3" [_thread_blocked, id=4092, stack(0x0000000025b20000,0x0000000025c20000)]
  0x000000001989f000 JavaThread "Worker Daemon Execution Thread 2" [_thread_blocked, id=6092, stack(0x0000000025a20000,0x0000000025b20000)]
  0x000000001989c000 JavaThread "Worker Daemon Execution" [_thread_blocked, id=4560, stack(0x0000000025920000,0x0000000025a20000)]
  0x0000000019687800 JavaThread "Cache worker for Java compile cache (E:\SubamTamilCalendar(version1.4)\Tamil Calendar11\.gradle\4.1\javaCompile)" [_thread_blocked, id=5272, stack(0x0000000025820000,0x0000000025920000)]
=>0x0000000019689800 JavaThread "Task worker for ':' Thread 3" [_thread_in_Java, id=5180, stack(0x0000000025620000,0x0000000025720000)]
  0x0000000019689000 JavaThread "Task worker for ':' Thread 2" [_thread_blocked, id=6820, stack(0x0000000025520000,0x0000000025620000)]
  0x0000000019684800 JavaThread "Task worker for ':'" [_thread_blocked, id=3904, stack(0x0000000025420000,0x0000000025520000)]
  0x0000000019686800 JavaThread "Cache worker for task history cache (E:\SubamTamilCalendar(version1.4)\Tamil Calendar11\.gradle\4.1\taskHistory)" [_thread_blocked, id=2688, stack(0x0000000025120000,0x0000000025220000)]
  0x0000000019688000 JavaThread "Cache worker for file content cache (E:\SubamTamilCalendar(version1.4)\Tamil Calendar11\.gradle\4.1\fileContent)" [_thread_blocked, id=3324, stack(0x0000000024d20000,0x0000000024e20000)]
  0x0000000019685000 JavaThread "build operations Thread 4" [_thread_blocked, id=4100, stack(0x0000000021ef0000,0x0000000021ff0000)]
  0x000000001968b000 JavaThread "build operations Thread 3" [_thread_blocked, id=4912, stack(0x000000001e8f0000,0x000000001e9f0000)]
  0x00000000190ab000 JavaThread "build operations Thread 2" [_thread_blocked, id=5024, stack(0x000000001d220000,0x000000001d320000)]
  0x00000000190aa800 JavaThread "build operations" [_thread_blocked, id=6880, stack(0x000000001cc20000,0x000000001cd20000)]
  0x00000000190ae800 JavaThread "Cache worker for Artifact transforms cache (C:\Users\softcraft\.gradle\caches\transforms-1)" [_thread_blocked, id=1588, stack(0x000000001b4f0000,0x000000001b5f0000)]
  0x00000000190a9800 JavaThread "Cache worker for file hash cache (E:\SubamTamilCalendar(version1.4)\Tamil Calendar11\.gradle\4.1\fileHashes)" [_thread_blocked, id=1656, stack(0x000000001aff0000,0x000000001b0f0000)]
  0x00000000190af000 JavaThread "Asynchronous log dispatcher for DefaultDaemonConnection: socket connection from /127.0.0.1:60712 to /127.0.0.1:51636" [_thread_blocked, id=464, stack(0x000000001adf0000,0x000000001aef0000)]
  0x00000000190ad800 JavaThread "Cancel handler" [_thread_blocked, id=1944, stack(0x000000001a9f0000,0x000000001aaf0000)]
  0x00000000190ad000 JavaThread "Handler for socket connection from /127.0.0.1:60712 to /127.0.0.1:51636" [_thread_in_native, id=5748, stack(0x000000001a8f0000,0x000000001a9f0000)]
  0x000000001bbdf800 JavaThread "Daemon worker Thread 11" [_thread_blocked, id=6516, stack(0x000000001acf0000,0x000000001adf0000)]
  0x000000001bbe4000 JavaThread "Daemon Thread 11" [_thread_blocked, id=236, stack(0x000000001a1f0000,0x000000001a2f0000)]
  0x000000001989a800 JavaThread "Memory manager" [_thread_blocked, id=1012, stack(0x000000001eff0000,0x000000001f0f0000)]
  0x0000000018aec000 JavaThread "File lock request listener" [_thread_in_native, id=3340, stack(0x000000001b1f0000,0x000000001b2f0000)]
  0x0000000018aeb000 JavaThread "Cache worker for file hash cache (C:\Users\softcraft\.gradle\caches\4.1\fileHashes)" [_thread_blocked, id=2612, stack(0x000000001b0f0000,0x000000001b1f0000)]
  0x0000000018712800 JavaThread "Daemon periodic checks" [_thread_blocked, id=3748, stack(0x000000001a7f0000,0x000000001a8f0000)]
  0x0000000018c56000 JavaThread "Incoming local TCP Connector on port 60712" [_thread_in_native, id=5840, stack(0x000000001a2f0000,0x000000001a3f0000)]
  0x0000000017278800 JavaThread "Service Thread" daemon [_thread_blocked, id=3684, stack(0x0000000017650000,0x0000000017750000)]
  0x0000000015797000 JavaThread "C1 CompilerThread2" daemon [_thread_blocked, id=2816, stack(0x0000000017150000,0x0000000017250000)]
  0x000000001578d800 JavaThread "C2 CompilerThread1" daemon [_thread_blocked, id=4064, stack(0x0000000017050000,0x0000000017150000)]
  0x0000000015789800 JavaThread "C2 CompilerThread0" daemon [_thread_blocked, id=6388, stack(0x0000000016f50000,0x0000000017050000)]
  0x0000000015788800 JavaThread "Attach Listener" daemon [_thread_blocked, id=2064, stack(0x0000000016e50000,0x0000000016f50000)]
  0x0000000015795800 JavaThread "Signal Dispatcher" daemon [_thread_blocked, id=2820, stack(0x0000000016d50000,0x0000000016e50000)]
  0x00000000030bc800 JavaThread "Finalizer" daemon [_thread_in_native, id=3520, stack(0x00000000169f0000,0x0000000016af0000)]
  0x00000000030b1000 JavaThread "Reference Handler" daemon [_thread_blocked, id=7132, stack(0x00000000168f0000,0x00000000169f0000)]
  0x0000000002bdd800 JavaThread "main" [_thread_blocked, id=3112, stack(0x0000000002be0000,0x0000000002ce0000)]

Other Threads:
  0x0000000015756800 VMThread [stack: 0x00000000167f0000,0x00000000168f0000] [id=244]
  0x00000000157a9800 WatcherThread [stack: 0x0000000017750000,0x0000000017850000] [id=6672]

VM state:not at safepoint (normal execution)

VM Mutex/Monitor currently owned by a thread: None

Heap:
 PSYoungGen      total 273920K, used 37201K [0x00000000eab00000, 0x0000000100000000, 0x0000000100000000)
  eden space 231424K, 16% used [0x00000000eab00000,0x00000000ecf54780,0x00000000f8d00000)
  from space 42496K, 0% used [0x00000000fd680000,0x00000000fd680000,0x0000000100000000)
  to   space 58880K, 0% used [0x00000000f8d00000,0x00000000f8d00000,0x00000000fc680000)
 ParOldGen       total 251904K, used 158125K [0x00000000c0000000, 0x00000000cf600000, 0x00000000eab00000)
  object space 251904K, 62% used [0x00000000c0000000,0x00000000c9a6b758,0x00000000cf600000)
 Metaspace       used 92362K, capacity 100426K, committed 101268K, reserved 1136640K
  class space    used 11532K, capacity 13307K, committed 13500K, reserved 1048576K

Card table byte_map: [0x0000000012480000,0x0000000012690000] byte_map_base: 0x0000000011e80000

Marking Bits: (ParMarkBitMap*) 0x0000000061813950
 Begin Bits: [0x0000000012bf0000, 0x0000000013bf0000)
 End Bits:   [0x0000000013bf0000, 0x0000000014bf0000)

Polling page: 0x0000000002a70000

CodeCache: size=245760Kb used=89178Kb max_used=89217Kb free=156581Kb
 bounds [0x00000000030c0000, 0x0000000008880000, 0x00000000120c0000]
 total_blobs=24217 nmethods=23359 adapters=768
 compilation: enabled

Compilation events (10 events):
Event: 5513.200 Thread 0x0000000015789800 31863   !   4       proguard.classfile.util.MemberFinder::findMember (76 bytes)
Event: 5513.206 Thread 0x0000000015789800 nmethod 31863 0x0000000004f7fe10 code [0x0000000004f7ffc0, 0x0000000004f80598]
Event: 5513.206 Thread 0x0000000015789800 31865       4       proguard.classfile.visitor.MemberClassAccessFilter::<init> (15 bytes)
Event: 5513.207 Thread 0x0000000015789800 nmethod 31865 0x0000000006e90910 code [0x0000000006e90a40, 0x0000000006e90ab8]
Event: 5513.207 Thread 0x0000000015789800 31864       4       proguard.classfile.visitor.NamedFieldVisitor::<init> (20 bytes)
Event: 5513.207 Thread 0x0000000015789800 nmethod 31864 0x0000000006faf750 code [0x0000000006faf880, 0x0000000006faf8f8]
Event: 5541.958 Thread 0x0000000015789800 31866       4       proguard.classfile.LibraryClass::findMethod (73 bytes)
Event: 5541.962 Thread 0x0000000015789800 nmethod 31866 0x0000000006f309d0 code [0x0000000006f30b20, 0x0000000006f30df8]
Event: 5541.962 Thread 0x0000000015789800 31867       4       proguard.classfile.visitor.NamedMethodVisitor::visitLibraryClass (17 bytes)
Event: 5541.966 Thread 0x0000000015789800 nmethod 31867 0x00000000058a7cd0 code [0x00000000058a7e20, 0x00000000058a8198]

GC Heap History (10 events):
Event: 5509.801 GC heap before
{Heap before GC invocations=67 (full 6):
 PSYoungGen      total 296448K, used 257256K [0x00000000eab00000, 0x00000000ffa80000, 0x0000000100000000)
  eden space 252416K, 100% used [0x00000000eab00000,0x00000000fa180000,0x00000000fa180000)
  from space 44032K, 10% used [0x00000000fcf80000,0x00000000fd43a090,0x00000000ffa80000)
  to   space 45568K, 0% used [0x00000000fa180000,0x00000000fa180000,0x00000000fce00000)
 ParOldGen       total 201728K, used 156254K [0x00000000c0000000, 0x00000000cc500000, 0x00000000eab00000)
  object space 201728K, 77% used [0x00000000c0000000,0x00000000c9897b90,0x00000000cc500000)
 Metaspace       used 92683K, capacity 101070K, committed 101268K, reserved 1136640K
  class space    used 11595K, capacity 13461K, committed 13500K, reserved 1048576K
Event: 5509.940 GC heap after
Heap after GC invocations=67 (full 6):
 PSYoungGen      total 297984K, used 4256K [0x00000000eab00000, 0x00000000ffe80000, 0x0000000100000000)
  eden space 252416K, 0% used [0x00000000eab00000,0x00000000eab00000,0x00000000fa180000)
  from space 45568K, 9% used [0x00000000fa180000,0x00000000fa5a8070,0x00000000fce00000)
  to   space 44032K, 0% used [0x00000000fd380000,0x00000000fd380000,0x00000000ffe80000)
 ParOldGen       total 201728K, used 159222K [0x00000000c0000000, 0x00000000cc500000, 0x00000000eab00000)
  object space 201728K, 78% used [0x00000000c0000000,0x00000000c9b7db90,0x00000000cc500000)
 Metaspace       used 92683K, capacity 101070K, committed 101268K, reserved 1136640K
  class space    used 11595K, capacity 13461K, committed 13500K, reserved 1048576K
}
Event: 5510.550 GC heap before
{Heap before GC invocations=68 (full 6):
 PSYoungGen      total 297984K, used 256672K [0x00000000eab00000, 0x00000000ffe80000, 0x0000000100000000)
  eden space 252416K, 100% used [0x00000000eab00000,0x00000000fa180000,0x00000000fa180000)
  from space 45568K, 9% used [0x00000000fa180000,0x00000000fa5a8070,0x00000000fce00000)
  to   space 44032K, 0% used [0x00000000fd380000,0x00000000fd380000,0x00000000ffe80000)
 ParOldGen       total 201728K, used 159222K [0x00000000c0000000, 0x00000000cc500000, 0x00000000eab00000)
  object space 201728K, 78% used [0x00000000c0000000,0x00000000c9b7db90,0x00000000cc500000)
 Metaspace       used 92684K, capacity 101070K, committed 101268K, reserved 1136640K
  class space    used 11596K, capacity 13461K, committed 13500K, reserved 1048576K
Event: 5510.660 GC heap after
Heap after GC invocations=68 (full 6):
 PSYoungGen      total 297472K, used 12596K [0x00000000eab00000, 0x00000000ff880000, 0x0000000100000000)
  eden space 259584K, 0% used [0x00000000eab00000,0x00000000eab00000,0x00000000fa880000)
  from space 37888K, 33% used [0x00000000fd380000,0x00000000fdfcd260,0x00000000ff880000)
  to   space 40960K, 0% used [0x00000000fa880000,0x00000000fa880000,0x00000000fd080000)
 ParOldGen       total 201728K, used 161855K [0x00000000c0000000, 0x00000000cc500000, 0x00000000eab00000)
  object space 201728K, 80% used [0x00000000c0000000,0x00000000c9e0fc50,0x00000000cc500000)
 Metaspace       used 92684K, capacity 101070K, committed 101268K, reserved 1136640K
  class space    used 11596K, capacity 13461K, committed 13500K, reserved 1048576K
}
Event: 5512.085 GC heap before
{Heap before GC invocations=69 (full 6):
 PSYoungGen      total 297472K, used 272180K [0x00000000eab00000, 0x00000000ff880000, 0x0000000100000000)
  eden space 259584K, 100% used [0x00000000eab00000,0x00000000fa880000,0x00000000fa880000)
  from space 37888K, 33% used [0x00000000fd380000,0x00000000fdfcd260,0x00000000ff880000)
  to   space 40960K, 0% used [0x00000000fa880000,0x00000000fa880000,0x00000000fd080000)
 ParOldGen       total 201728K, used 161855K [0x00000000c0000000, 0x00000000cc500000, 0x00000000eab00000)
  object space 201728K, 80% used [0x00000000c0000000,0x00000000c9e0fc50,0x00000000cc500000)
 Metaspace       used 92689K, capacity 101070K, committed 101268K, reserved 1136640K
  class space    used 11596K, capacity 13461K, committed 13500K, reserved 1048576K
Event: 5512.272 GC heap after
Heap after GC invocations=69 (full 6):
 PSYoungGen      total 300544K, used 24330K [0x00000000eab00000, 0x0000000100000000, 0x0000000100000000)
  eden space 259584K, 0% used [0x00000000eab00000,0x00000000eab00000,0x00000000fa880000)
  from space 40960K, 59% used [0x00000000fa880000,0x00000000fc042bb0,0x00000000fd080000)
  to   space 42496K, 0% used [0x00000000fd680000,0x00000000fd680000,0x0000000100000000)
 ParOldGen       total 201728K, used 164511K [0x00000000c0000000, 0x00000000cc500000, 0x00000000eab00000)
  object space 201728K, 81% used [0x00000000c0000000,0x00000000ca0a7c90,0x00000000cc500000)
 Metaspace       used 92689K, capacity 101070K, committed 101268K, reserved 1136640K
  class space    used 11596K, capacity 13461K, committed 13500K, reserved 1048576K
}
Event: 5513.221 GC heap before
{Heap before GC invocations=70 (full 6):
 PSYoungGen      total 300544K, used 283914K [0x00000000eab00000, 0x0000000100000000, 0x0000000100000000)
  eden space 259584K, 100% used [0x00000000eab00000,0x00000000fa880000,0x00000000fa880000)
  from space 40960K, 59% used [0x00000000fa880000,0x00000000fc042bb0,0x00000000fd080000)
  to   space 42496K, 0% used [0x00000000fd680000,0x00000000fd680000,0x0000000100000000)
 ParOldGen       total 201728K, used 164511K [0x00000000c0000000, 0x00000000cc500000, 0x00000000eab00000)
  object space 201728K, 81% used [0x00000000c0000000,0x00000000ca0a7c90,0x00000000cc500000)
 Metaspace       used 92693K, capacity 101070K, committed 101268K, reserved 1136640K
  class space    used 11596K, capacity 13461K, committed 13500K, reserved 1048576K
Event: 5513.536 GC heap after
Heap after GC invocations=70 (full 6):
 PSYoungGen      total 273920K, used 42486K [0x00000000eab00000, 0x0000000100000000, 0x0000000100000000)
  eden space 231424K, 0% used [0x00000000eab00000,0x00000000eab00000,0x00000000f8d00000)
  from space 42496K, 99% used [0x00000000fd680000,0x00000000ffffd818,0x0000000100000000)
  to   space 58880K, 0% used [0x00000000f8d00000,0x00000000f8d00000,0x00000000fc680000)
 ParOldGen       total 201728K, used 187107K [0x00000000c0000000, 0x00000000cc500000, 0x00000000eab00000)
  object space 201728K, 92% used [0x00000000c0000000,0x00000000cb6b8f50,0x00000000cc500000)
 Metaspace       used 92693K, capacity 101070K, committed 101268K, reserved 1136640K
  class space    used 11596K, capacity 13461K, committed 13500K, reserved 1048576K
}
Event: 5513.552 GC heap before
{Heap before GC invocations=71 (full 7):
 PSYoungGen      total 273920K, used 42486K [0x00000000eab00000, 0x0000000100000000, 0x0000000100000000)
  eden space 231424K, 0% used [0x00000000eab00000,0x00000000eab00000,0x00000000f8d00000)
  from space 42496K, 99% used [0x00000000fd680000,0x00000000ffffd818,0x0000000100000000)
  to   space 58880K, 0% used [0x00000000f8d00000,0x00000000f8d00000,0x00000000fc680000)
 ParOldGen       total 201728K, used 187107K [0x00000000c0000000, 0x00000000cc500000, 0x00000000eab00000)
  object space 201728K, 92% used [0x00000000c0000000,0x00000000cb6b8f50,0x00000000cc500000)
 Metaspace       used 92693K, capacity 101070K, committed 101268K, reserved 1136640K
  class space    used 11596K, capacity 13461K, committed 13500K, reserved 1048576K
Event: 5541.925 GC heap after
Heap after GC invocations=71 (full 7):
 PSYoungGen      total 273920K, used 0K [0x00000000eab00000, 0x0000000100000000, 0x0000000100000000)
  eden space 231424K, 0% used [0x00000000eab00000,0x00000000eab00000,0x00000000f8d00000)
  from space 42496K, 0% used [0x00000000fd680000,0x00000000fd680000,0x0000000100000000)
  to   space 58880K, 0% used [0x00000000f8d00000,0x00000000f8d00000,0x00000000fc680000)
 ParOldGen       total 251904K, used 158125K [0x00000000c0000000, 0x00000000cf600000, 0x00000000eab00000)
  object space 251904K, 62% used [0x00000000c0000000,0x00000000c9a6b758,0x00000000cf600000)
 Metaspace       used 92362K, capacity 100426K, committed 101268K, reserved 1136640K
  class space    used 11532K, capacity 13307K, committed 13500K, reserved 1048576K
}

Deoptimization events (10 events):
Event: 5507.389 Thread 0x0000000021365800 Uncommon trap: reason=array_check action=maybe_recompile pc=0x0000000007c3bd84 method=java.util.ComparableTimSort.mergeHi(IIII)V @ 171
Event: 5507.475 Thread 0x0000000021365800 Uncommon trap: reason=unstable_if action=reinterpret pc=0x0000000008609160 method=com.android.dx.cf.code.RopperMachine.run(Lcom/android/dx/cf/code/Frame;II)V @ 356
Event: 5507.487 Thread 0x0000000021365800 Uncommon trap: reason=unstable_if action=reinterpret pc=0x0000000007809020 method=com.android.dx.cf.code.Ropper.processBlock(Lcom/android/dx/cf/code/ByteBlock;Lcom/android/dx/cf/code/Frame;[I)V @ 791
Event: 5507.718 Thread 0x0000000021364000 Uncommon trap: reason=array_check action=maybe_recompile pc=0x0000000007c3bd84 method=java.util.ComparableTimSort.mergeHi(IIII)V @ 171
Event: 5510.081 Thread 0x0000000021368800 Uncommon trap: reason=unstable_if action=reinterpret pc=0x00000000087b456c method=com.android.dx.cf.code.RopperMachine.run(Lcom/android/dx/cf/code/Frame;II)V @ 1175
Event: 5511.943 Thread 0x0000000019689800 Uncommon trap: reason=unstable_if action=reinterpret pc=0x00000000057ec024 method=proguard.classfile.io.ProgramClassReader.createAttribute(Lproguard/classfile/Clazz;)Lproguard/classfile/attribute/Attribute; @ 411
Event: 5512.361 Thread 0x0000000019689800 Uncommon trap: reason=unstable_if action=reinterpret pc=0x00000000058b713c method=proguard.classfile.io.ProgramClassReader.createAttribute(Lproguard/classfile/Clazz;)Lproguard/classfile/attribute/Attribute; @ 453
Event: 5512.375 Thread 0x0000000019689800 Uncommon trap: reason=unstable_if action=reinterpret pc=0x00000000057eda70 method=proguard.classfile.io.ProgramClassReader.createStackMapFrame()Lproguard/classfile/attribute/preverification/StackMapFrame; @ 47
Event: 5513.034 Thread 0x0000000019689800 Uncommon trap: reason=unstable_if action=reinterpret pc=0x0000000007b308ec method=proguard.classfile.util.ClassUtil.externalType(Ljava/lang/String;)Ljava/lang/String; @ 46
Event: 5513.165 Thread 0x0000000019689800 Uncommon trap: reason=class_check action=maybe_recompile pc=0x0000000007ab8a58 method=proguard.classfile.LibraryClass.accept(Lproguard/classfile/visitor/ClassVisitor;)V @ 2

Classes redefined (0 events):
No events

Internal exceptions (10 events):
Event: 5511.184 Thread 0x0000000021364000 Exception <a 'sun/nio/fs/WindowsException'> (0x00000000f66f2b10) thrown at [D:\src\AOSP-openjdk-cygwin\jdk8u\hotspot\src\share\vm\prims\jni.cpp, line 709]
Event: 5511.185 Thread 0x0000000021364000 Exception <a 'sun/nio/fs/WindowsException'> (0x00000000f6710590) thrown at [D:\src\AOSP-openjdk-cygwin\jdk8u\hotspot\src\share\vm\prims\jni.cpp, line 709]
Event: 5511.186 Thread 0x0000000021364000 Exception <a 'sun/nio/fs/WindowsException'> (0x00000000f6745ce8) thrown at [D:\src\AOSP-openjdk-cygwin\jdk8u\hotspot\src\share\vm\prims\jni.cpp, line 709]
Event: 5511.187 Thread 0x0000000021364000 Exception <a 'sun/nio/fs/WindowsException'> (0x00000000f677bd50) thrown at [D:\src\AOSP-openjdk-cygwin\jdk8u\hotspot\src\share\vm\prims\jni.cpp, line 709]
Event: 5511.190 Thread 0x0000000021364000 Exception <a 'sun/nio/fs/WindowsException'> (0x00000000f67e0c08) thrown at [D:\src\AOSP-openjdk-cygwin\jdk8u\hotspot\src\share\vm\prims\jni.cpp, line 709]
Event: 5511.198 Thread 0x0000000021364000 Exception <a 'sun/nio/fs/WindowsException'> (0x00000000f6af7a68) thrown at [D:\src\AOSP-openjdk-cygwin\jdk8u\hotspot\src\share\vm\prims\jni.cpp, line 709]
Event: 5511.199 Thread 0x0000000021364000 Exception <a 'sun/nio/fs/WindowsException'> (0x00000000f6b16ad0) thrown at [D:\src\AOSP-openjdk-cygwin\jdk8u\hotspot\src\share\vm\prims\jni.cpp, line 709]
Event: 5511.203 Thread 0x0000000021364000 Exception <a 'sun/nio/fs/WindowsException'> (0x00000000f6b34188) thrown at [D:\src\AOSP-openjdk-cygwin\jdk8u\hotspot\src\share\vm\prims\jni.cpp, line 709]
Event: 5511.211 Thread 0x0000000021364000 Exception <a 'sun/nio/fs/WindowsException'> (0x00000000f6ee7900) thrown at [D:\src\AOSP-openjdk-cygwin\jdk8u\hotspot\src\share\vm\prims\jni.cpp, line 709]
Event: 5511.220 Thread 0x0000000021364000 Exception <a 'sun/nio/fs/WindowsException'> (0x00000000f7264510) thrown at [D:\src\AOSP-openjdk-cygwin\jdk8u\hotspot\src\share\vm\prims\jni.cpp, line 709]

Events (10 events):
Event: 5513.034 Thread 0x0000000019689800 DEOPT UNPACKING pc=0x000000000310556a sp=0x000000002571cee0 mode 2
Event: 5513.165 Thread 0x0000000019689800 Uncommon trap: trap_request=0xffffffde fr.pc=0x0000000007ab8a58
Event: 5513.165 Thread 0x0000000019689800 DEOPT PACKING pc=0x0000000007ab8a58 sp=0x000000002571cfd0
Event: 5513.200 Thread 0x0000000019689800 DEOPT UNPACKING pc=0x000000000310556a sp=0x000000002571ce88 mode 2
Event: 5513.213 Executing VM operation: ParallelGCFailedAllocation
Event: 5541.925 Executing VM operation: ParallelGCFailedAllocation done
Event: 5541.931 Executing VM operation: RevokeBias
Event: 5541.949 Executing VM operation: RevokeBias done
Event: 5541.949 Thread 0x0000000021364000 Thread exited: 0x0000000021364000
Event: 5541.949 Thread 0x00000000190a8000 Thread exited: 0x00000000190a8000


Dynamic libraries:
0x000007f7349e0000 - 0x000007f734a11000 	C:\Program Files\Android\Android Studio\jre\bin\java.exe
0x000007f86d3a0000 - 0x000007f86d55e000 	C:\Windows\SYSTEM32\ntdll.dll
0x000007f86a9b0000 - 0x000007f86aae6000 	C:\Windows\system32\KERNEL32.DLL
0x000007f86a450000 - 0x000007f86a543000 	C:\Windows\system32\KERNELBASE.dll
0x000007f86c700000 - 0x000007f86c7de000 	C:\Windows\system32\ADVAPI32.dll
0x000007f86adf0000 - 0x000007f86af3c000 	C:\Windows\system32\USER32.dll
0x000007f867dc0000 - 0x000007f868029000 	C:\Windows\WinSxS\amd64_microsoft.windows.common-controls_6595b64144ccf1df_6.0.9200.16384_none_418c2a697189c07f\COMCTL32.dll
0x000007f86ab10000 - 0x000007f86abb5000 	C:\Windows\system32\msvcrt.dll
0x000007f86cf30000 - 0x000007f86cf78000 	C:\Windows\SYSTEM32\sechost.dll
0x000007f86a870000 - 0x000007f86a9b0000 	C:\Windows\system32\RPCRT4.dll
0x000007f86c5c0000 - 0x000007f86c700000 	C:\Windows\system32\GDI32.dll
0x000007f86ce90000 - 0x000007f86cec9000 	C:\Windows\system32\IMM32.DLL
0x000007f86c7e0000 - 0x000007f86c8f4000 	C:\Windows\system32\MSCTF.dll
0x0000000060e90000 - 0x0000000060f62000 	C:\Program Files\Android\Android Studio\jre\jre\bin\msvcr100.dll
0x0000000061050000 - 0x000000006188e000 	C:\Program Files\Android\Android Studio\jre\jre\bin\server\jvm.dll
0x000007f8679a0000 - 0x000007f8679a9000 	C:\Windows\SYSTEM32\WSOCK32.dll
0x000007f861e30000 - 0x000007f861e50000 	C:\Windows\SYSTEM32\WINMM.dll
0x000007f8648d0000 - 0x000007f8648d9000 	C:\Windows\SYSTEM32\VERSION.dll
0x000007f86c900000 - 0x000007f86c907000 	C:\Windows\system32\PSAPI.DLL
0x000007f86a810000 - 0x000007f86a868000 	C:\Windows\system32\WS2_32.dll
0x000007f861df0000 - 0x000007f861e22000 	C:\Windows\SYSTEM32\WINMMBASE.dll
0x000007f86ab00000 - 0x000007f86ab09000 	C:\Windows\system32\NSI.dll
0x000007f867990000 - 0x000007f86799f000 	C:\Program Files\Android\Android Studio\jre\jre\bin\verify.dll
0x000007f867210000 - 0x000007f867239000 	C:\Program Files\Android\Android Studio\jre\jre\bin\java.dll
0x000007f867190000 - 0x000007f8671a6000 	C:\Program Files\Android\Android Studio\jre\jre\bin\zip.dll
0x000007f86b2d0000 - 0x000007f86c5b5000 	C:\Windows\system32\SHELL32.dll
0x000007f86c9b0000 - 0x000007f86cb60000 	C:\Windows\SYSTEM32\combase.dll
0x000007f86b280000 - 0x000007f86b2d0000 	C:\Windows\system32\SHLWAPI.dll
0x000007f8684f0000 - 0x000007f868586000 	C:\Windows\SYSTEM32\SHCORE.dll
0x000007f86a2d0000 - 0x000007f86a2e5000 	C:\Windows\SYSTEM32\profapi.dll
0x000007f863ef0000 - 0x000007f863f0a000 	C:\Program Files\Android\Android Studio\jre\jre\bin\net.dll
0x000007f869b20000 - 0x000007f869b7c000 	C:\Windows\system32\mswsock.dll
0x000007f863920000 - 0x000007f863931000 	C:\Program Files\Android\Android Studio\jre\jre\bin\nio.dll
0x000007f865ff0000 - 0x000007f86600e000 	C:\Users\softcraft\.gradle\native\25\windows-amd64\native-platform.dll
0x000007f8667c0000 - 0x000007f8667cd000 	C:\Program Files\Android\Android Studio\jre\jre\bin\management.dll
0x000007f869b80000 - 0x000007f869b9a000 	C:\Windows\SYSTEM32\CRYPTSP.dll
0x000007f869800000 - 0x000007f869849000 	C:\Windows\system32\rsaenh.dll
0x000007f869900000 - 0x000007f86991f000 	C:\Windows\SYSTEM32\USERENV.dll
0x000007f86a110000 - 0x000007f86a11a000 	C:\Windows\SYSTEM32\CRYPTBASE.dll
0x000007f86a0b0000 - 0x000007f86a10c000 	C:\Windows\SYSTEM32\bcryptPrimitives.dll
0x000007f865840000 - 0x000007f86586c000 	C:\Windows\SYSTEM32\IPHLPAPI.DLL
0x000007f865810000 - 0x000007f86581a000 	C:\Windows\SYSTEM32\WINNSI.DLL
0x000007f865630000 - 0x000007f865643000 	C:\Windows\SYSTEM32\dhcpcsvc6.DLL
0x000007f865610000 - 0x000007f865628000 	C:\Windows\SYSTEM32\dhcpcsvc.DLL
0x000007f8651d0000 - 0x000007f8651fe000 	C:\Windows\SYSTEM32\ntmarta.dll
0x000007f85fe50000 - 0x000007f85ffb3000 	C:\Windows\SYSTEM32\dbghelp.dll

VM Arguments:
jvm_args: -XX:+HeapDumpOnOutOfMemoryError -Xmx1024m -Dfile.encoding=windows-1252 -Duser.country=US -Duser.language=en -Duser.variant 
java_command: org.gradle.launcher.daemon.bootstrap.GradleDaemon 4.1
java_class_path (initial): C:\Users\softcraft\.gradle\wrapper\dists\gradle-4.1-all\bzyivzo6n839fup2jbap0tjew\gradle-4.1\lib\gradle-launcher-4.1.jar
Launcher Type: SUN_STANDARD

Environment Variables:
PATH=C:\ProgramData\Oracle\Java\javapath;C:\Windows\system32;C:\Windows;C:\Windows\System32\Wbem;C:\Windows\System32\WindowsPowerShell\v1.0\;C:\Program Files (x86)\Calibre2\;C:\Program Files (x86)\GtkSharp\2.12\bin;C:\Program Files (x86)\Common Files\lenovo\easyplussdk\bin;C:\Program Files\Java\jre7\bin;C:\adb;C:\Program Files\Java\jre7\bin
USERNAME=softcraft
OS=Windows_NT
PROCESSOR_IDENTIFIER=Intel64 Family 6 Model 58 Stepping 9, GenuineIntel



---------------  S Y S T E M  ---------------

OS: Windows 8 , 64 bit Build 9200 (6.2.9200.16384)

CPU:total 4 (initial active 4) (4 cores per cpu, 1 threads per core) family 6 model 58 stepping 9, cmov, cx8, fxsr, mmx, sse, sse2, sse3, ssse3, sse4.1, sse4.2, popcnt, avx, aes, clmul, erms, tsc, tscinvbit, tscinv

Memory: 4k page, physical 4087848k(132904k free), swap 9330728k(3531952k free)

vm_info: OpenJDK 64-Bit Server VM (25.152-b01) for windows-amd64 JRE (1.8.0_152-release-915-b01), built by "builder" with MS VC++ 10.0 (VS2010)

time: Wed Dec 06 11:54:54 2017
elapsed time: 5542 seconds (0d 1h 32m 22s)

