#
# A fatal error has been detected by the Java Runtime Environment:
#
#  EXCEPTION_ACCESS_VIOLATION (0xc0000005) at pc=0x000000005f422e29, pid=12304, tid=0x0000000000001238
#
# JRE version: OpenJDK Runtime Environment (8.0_242-b01) (build 1.8.0_242-release-1644-b01)
# Java VM: OpenJDK 64-Bit Server VM (25.242-b01 mixed mode windows-amd64 compressed oops)
# Problematic frame:
# V  [jvm.dll+0x3c2e29]
#
# Failed to write core dump. Minidumps are not enabled by default on client versions of Windows
#
# If you would like to submit a bug report, please visit:
#   
#

---------------  T H R E A D  ---------------

Current thread (0x0000000002e1b800):  GCTaskThread [stack: 0x0000000013330000,0x0000000013430000] [id=4664]

siginfo: ExceptionCode=0xc0000005, reading address 0x0000000000040122

Registers:
RAX=0x0000000000040002, RBX=0x000000001230bf81, RCX=0x00000007c021fb70, RDX=0x0000000002eebac0
RSP=0x000000001342fac0, RBP=0x000000001230bf81, RSI=0x00000006c97f0008, RDI=0x00000006c97e2040
R8 =0x00000006c97e2040, R9 =0x00000007c021fb70, R10=0x0000000012ad0000, R11=0x000000000f4d0000
R12=0x000000001230bf01, R13=0x0000000002eebac0, R14=0x0000000002e0d530, R15=0x000000000000000c
RIP=0x000000005f422e29, EFLAGS=0x0000000000010207

Top of Stack: (sp=0x000000001342fac0)
0x000000001342fac0:   000000001230bf81 000000001230bf81
0x000000001342fad0:   00000006c97f0008 00000006c97a648d
0x000000001342fae0:   000000001230be00 0000000012310b81
0x000000001342faf0:   0000000000000200 0000000000000100
0x000000001342fb00:   0000000002e01fd0 0000000002e11cf0
0x000000001342fb10:   000000005f67dbb0 0000000000000000
0x000000001342fb20:   0000000000000000 000000001c4a5790
0x000000001342fb30:   0000000002e1c1a0 0000000002e1c190
0x000000001342fb40:   0000000002eebac0 000000005f4356a2
0x000000001342fb50:   000000001230bf00 0000000002e0d6f0
0x000000001342fb60:   00000006c97f0008 00000006ca170008
0x000000001342fb70:   0000000002eebac0 0000000000000002
0x000000001342fb80:   0000000000000004 0000000002e13fe0
0x000000001342fb90:   000000001c4a5790 000000005f42482e
0x000000001342fba0:   0000000002e1b800 0000000000000000
0x000000001342fbb0:   0000000000000000 0000000000000000 

Instructions: (pc=0x000000005f422e29)
0x000000005f422e09:   a3 28 3a 00 eb 04 4c 8b 4f 08 41 81 79 08 00 00
0x000000005f422e19:   00 c0 73 12 49 8b 01 4c 8b c7 49 8b d5 49 8b c9
0x000000005f422e29:   ff 90 20 01 00 00 80 3d 1b 21 40 00 00 74 16 44
0x000000005f422e39:   8b 47 08 8b 0d 76 28 3a 00 49 d3 e0 4c 03 05 64 


Register to memory mapping:

RAX=0x0000000000040002 is an unknown value
RBX=0x000000001230bf81 is an unknown value
RCX=0x00000007c021fb70 is pointing into metadata
RDX=0x0000000002eebac0 is an unknown value
RSP=0x000000001342fac0 is an unknown value
RBP=0x000000001230bf81 is an unknown value
RSI=0x00000006c97f0008 is an oop
java.lang.Class 
 - klass: 'java/lang/Class'
RDI=
[error occurred during error reporting (printing register info), id 0xc0000005]

Stack: [0x0000000013330000,0x0000000013430000],  sp=0x000000001342fac0,  free space=1022k
Native frames: (J=compiled Java code, j=interpreted, Vv=VM code, C=native code)
V  [jvm.dll+0x3c2e29]
V  [jvm.dll+0x3d56a2]
V  [jvm.dll+0x3c482e]
V  [jvm.dll+0x27276a]
C  [msvcr100.dll+0x21d9f]
C  [msvcr100.dll+0x21e3b]
C  [KERNEL32.DLL+0x17034]
C  [ntdll.dll+0x4cec1]


---------------  P R O C E S S  ---------------

Java Threads: ( => current thread )
  0x000000001f7c3800 JavaThread "Cache worker for execution history cache (D:\LocalDiskE\Madesh\Projects\SubamTamilCalendar\SubamCalendar\.gradle\6.5\executionHistory)" [_thread_blocked, id=9780, stack(0x0000000035290000,0x0000000035390000)]
  0x000000001f7c5000 JavaThread "pool-6-thread-1" [_thread_blocked, id=6940, stack(0x000000002fdd0000,0x000000002fed0000)]
  0x000000001f7c1000 JavaThread "jar transforms Thread 387" [_thread_blocked, id=3212, stack(0x000000002fcd0000,0x000000002fdd0000)]
  0x000000001f7c0800 JavaThread "jar transforms Thread 386" [_thread_blocked, id=2064, stack(0x000000002fbd0000,0x000000002fcd0000)]
  0x000000001f7c5800 JavaThread "jar transforms Thread 385" [_thread_blocked, id=3408, stack(0x000000002fad0000,0x000000002fbd0000)]
  0x000000002350c000 JavaThread "jar transforms Thread 384" [_thread_blocked, id=5800, stack(0x000000002f9d0000,0x000000002fad0000)]
  0x0000000023511000 JavaThread "jar transforms Thread 383" [_thread_blocked, id=6924, stack(0x000000002f8d0000,0x000000002f9d0000)]
  0x000000002350d800 JavaThread "jar transforms Thread 382" [_thread_blocked, id=3380, stack(0x000000002f7d0000,0x000000002f8d0000)]
  0x0000000023512000 JavaThread "jar transforms Thread 381" [_thread_blocked, id=4404, stack(0x000000002f5d0000,0x000000002f6d0000)]
  0x000000002350f000 JavaThread "jar transforms Thread 380" [_thread_blocked, id=2000, stack(0x000000002f4d0000,0x000000002f5d0000)]
  0x000000002350c800 JavaThread "jar transforms Thread 379" [_thread_blocked, id=12372, stack(0x000000002f3d0000,0x000000002f4d0000)]
  0x0000000023510800 JavaThread "jar transforms Thread 378" [_thread_blocked, id=8288, stack(0x000000002f2d0000,0x000000002f3d0000)]
  0x000000002350b000 JavaThread "jar transforms Thread 377" [_thread_blocked, id=12980, stack(0x000000002f1d0000,0x000000002f2d0000)]
  0x000000002350e000 JavaThread "jar transforms Thread 376" [_thread_blocked, id=9912, stack(0x000000002f0d0000,0x000000002f1d0000)]
  0x000000002350f800 JavaThread "jar transforms Thread 375" [_thread_blocked, id=3788, stack(0x000000002efd0000,0x000000002f0d0000)]
  0x00000000233f5800 JavaThread "jar transforms Thread 374" [_thread_blocked, id=12280, stack(0x000000002eed0000,0x000000002efd0000)]
  0x00000000233f4800 JavaThread "jar transforms Thread 373" [_thread_blocked, id=12368, stack(0x000000002edd0000,0x000000002eed0000)]
  0x00000000233f2800 JavaThread "jar transforms Thread 372" [_thread_blocked, id=5680, stack(0x000000002ecd0000,0x000000002edd0000)]
  0x00000000233f8800 JavaThread "jar transforms Thread 371" [_thread_blocked, id=5588, stack(0x000000002ebd0000,0x000000002ecd0000)]
  0x00000000233f7800 JavaThread "jar transforms Thread 370" [_thread_blocked, id=4524, stack(0x000000002ead0000,0x000000002ebd0000)]
  0x00000000233f7000 JavaThread "jar transforms Thread 369" [_thread_blocked, id=11464, stack(0x000000002e9d0000,0x000000002ead0000)]
  0x00000000233f6000 JavaThread "jar transforms Thread 368" [_thread_blocked, id=11724, stack(0x000000002e8d0000,0x000000002e9d0000)]
  0x00000000233f3000 JavaThread "jar transforms Thread 367" [_thread_blocked, id=5100, stack(0x000000002e7d0000,0x000000002e8d0000)]
  0x00000000233f9000 JavaThread "jar transforms Thread 366" [_thread_blocked, id=5676, stack(0x000000002e6d0000,0x000000002e7d0000)]
  0x00000000233f4000 JavaThread "jar transforms Thread 365" [_thread_blocked, id=11332, stack(0x000000002e5d0000,0x000000002e6d0000)]
  0x00000000233eb000 JavaThread "jar transforms Thread 364" [_thread_blocked, id=6216, stack(0x000000002e4d0000,0x000000002e5d0000)]
  0x00000000233f1800 JavaThread "jar transforms Thread 363" [_thread_blocked, id=9548, stack(0x000000002e3d0000,0x000000002e4d0000)]
  0x00000000233f1000 JavaThread "jar transforms Thread 362" [_thread_blocked, id=3964, stack(0x000000002e2d0000,0x000000002e3d0000)]
  0x00000000233f0000 JavaThread "jar transforms Thread 361" [_thread_blocked, id=11684, stack(0x000000002e1d0000,0x000000002e2d0000)]
  0x00000000233ef800 JavaThread "jar transforms Thread 360" [_thread_blocked, id=6652, stack(0x000000002e0d0000,0x000000002e1d0000)]
  0x00000000233ee800 JavaThread "jar transforms Thread 359" [_thread_blocked, id=820, stack(0x000000002dfd0000,0x000000002e0d0000)]
  0x00000000233ed000 JavaThread "jar transforms Thread 358" [_thread_blocked, id=10128, stack(0x000000002ded0000,0x000000002dfd0000)]
  0x00000000233ea000 JavaThread "jar transforms Thread 357" [_thread_blocked, id=2452, stack(0x000000002ddd0000,0x000000002ded0000)]
  0x00000000233ec800 JavaThread "jar transforms Thread 356" [_thread_blocked, id=5596, stack(0x000000002dcd0000,0x000000002ddd0000)]
  0x00000000233eb800 JavaThread "jar transforms Thread 355" [_thread_blocked, id=13128, stack(0x000000002dbd0000,0x000000002dcd0000)]
  0x00000000233ee000 JavaThread "jar transforms Thread 354" [_thread_blocked, id=10528, stack(0x000000002dad0000,0x000000002dbd0000)]
  0x0000000036a75000 JavaThread "jar transforms Thread 353" [_thread_blocked, id=7248, stack(0x000000002d9d0000,0x000000002dad0000)]
  0x0000000036a76800 JavaThread "jar transforms Thread 352" [_thread_blocked, id=4680, stack(0x000000002d8d0000,0x000000002d9d0000)]
  0x0000000036a74000 JavaThread "jar transforms Thread 351" [_thread_blocked, id=10208, stack(0x000000002d7d0000,0x000000002d8d0000)]
  0x0000000036a73800 JavaThread "jar transforms Thread 350" [_thread_blocked, id=12188, stack(0x000000002d6d0000,0x000000002d7d0000)]
  0x0000000036a75800 JavaThread "jar transforms Thread 349" [_thread_blocked, id=12136, stack(0x000000002d5d0000,0x000000002d6d0000)]
  0x0000000036a72800 JavaThread "jar transforms Thread 348" [_thread_blocked, id=9540, stack(0x000000002d4d0000,0x000000002d5d0000)]
  0x0000000036a77000 JavaThread "jar transforms Thread 347" [_thread_blocked, id=4368, stack(0x000000002d3d0000,0x000000002d4d0000)]
  0x0000000036a72000 JavaThread "jar transforms Thread 346" [_thread_blocked, id=10516, stack(0x000000002d2d0000,0x000000002d3d0000)]
  0x0000000036a6a800 JavaThread "jar transforms Thread 345" [_thread_blocked, id=13244, stack(0x000000002d1d0000,0x000000002d2d0000)]
  0x0000000036a6c800 JavaThread "jar transforms Thread 344" [_thread_blocked, id=13240, stack(0x000000002d0d0000,0x000000002d1d0000)]
  0x0000000036a6c000 JavaThread "jar transforms Thread 343" [_thread_blocked, id=1328, stack(0x000000002cfd0000,0x000000002d0d0000)]
  0x0000000036a71000 JavaThread "jar transforms Thread 342" [_thread_blocked, id=7400, stack(0x000000002ced0000,0x000000002cfd0000)]
  0x0000000036a69800 JavaThread "jar transforms Thread 341" [_thread_blocked, id=3152, stack(0x000000002cdd0000,0x000000002ced0000)]
  0x0000000036a70800 JavaThread "jar transforms Thread 340" [_thread_blocked, id=7984, stack(0x000000002ccd0000,0x000000002cdd0000)]
  0x0000000036a6f800 JavaThread "jar transforms Thread 339" [_thread_blocked, id=10940, stack(0x000000002cbd0000,0x000000002ccd0000)]
  0x0000000036a68000 JavaThread "jar transforms Thread 338" [_thread_blocked, id=7532, stack(0x000000002cad0000,0x000000002cbd0000)]
  0x0000000036a6d800 JavaThread "jar transforms Thread 337" [_thread_blocked, id=6308, stack(0x000000002c9d0000,0x000000002cad0000)]
  0x0000000036a69000 JavaThread "jar transforms Thread 336" [_thread_blocked, id=13068, stack(0x000000002c8d0000,0x000000002c9d0000)]
  0x0000000036a6f000 JavaThread "jar transforms Thread 335" [_thread_blocked, id=12572, stack(0x000000002c7d0000,0x000000002c8d0000)]
  0x0000000036a6e000 JavaThread "jar transforms Thread 334" [_thread_blocked, id=11572, stack(0x000000002c6d0000,0x000000002c7d0000)]
  0x0000000036a6b000 JavaThread "jar transforms Thread 333" [_thread_blocked, id=5716, stack(0x000000002c5d0000,0x000000002c6d0000)]
  0x0000000020249000 JavaThread "jar transforms Thread 332" [_thread_blocked, id=11912, stack(0x000000002c4d0000,0x000000002c5d0000)]
  0x0000000020248000 JavaThread "jar transforms Thread 331" [_thread_blocked, id=5784, stack(0x000000002c3d0000,0x000000002c4d0000)]
  0x0000000020246800 JavaThread "jar transforms Thread 330" [_thread_blocked, id=12940, stack(0x000000002c2d0000,0x000000002c3d0000)]
  0x000000002024b000 JavaThread "jar transforms Thread 329" [_thread_blocked, id=8008, stack(0x000000002c1d0000,0x000000002c2d0000)]
  0x0000000020249800 JavaThread "jar transforms Thread 328" [_thread_blocked, id=3632, stack(0x000000002c0d0000,0x000000002c1d0000)]
  0x0000000020245000 JavaThread "jar transforms Thread 327" [_thread_blocked, id=12352, stack(0x000000002bfd0000,0x000000002c0d0000)]
  0x0000000020246000 JavaThread "jar transforms Thread 326" [_thread_blocked, id=5888, stack(0x000000002bed0000,0x000000002bfd0000)]
  0x000000002024a800 JavaThread "jar transforms Thread 325" [_thread_blocked, id=9248, stack(0x000000002bdd0000,0x000000002bed0000)]
  0x0000000024116000 JavaThread "jar transforms Thread 324" [_thread_blocked, id=6332, stack(0x000000002bcd0000,0x000000002bdd0000)]
  0x0000000024115800 JavaThread "jar transforms Thread 323" [_thread_blocked, id=4808, stack(0x000000002bbd0000,0x000000002bcd0000)]
  0x0000000024117000 JavaThread "jar transforms Thread 322" [_thread_blocked, id=6504, stack(0x000000002bad0000,0x000000002bbd0000)]
  0x0000000024114800 JavaThread "jar transforms Thread 321" [_thread_blocked, id=3280, stack(0x000000002b9d0000,0x000000002bad0000)]
  0x0000000024114000 JavaThread "jar transforms Thread 320" [_thread_blocked, id=4088, stack(0x000000002b8d0000,0x000000002b9d0000)]
  0x000000002410b800 JavaThread "jar transforms Thread 319" [_thread_blocked, id=4932, stack(0x000000002b7d0000,0x000000002b8d0000)]
  0x0000000024112800 JavaThread "jar transforms Thread 318" [_thread_blocked, id=1972, stack(0x000000002b6d0000,0x000000002b7d0000)]
  0x000000002410b000 JavaThread "jar transforms Thread 317" [_thread_blocked, id=1580, stack(0x000000002b5d0000,0x000000002b6d0000)]
  0x000000002410f800 JavaThread "jar transforms Thread 316" [_thread_blocked, id=11020, stack(0x000000002b4d0000,0x000000002b5d0000)]
  0x0000000024111800 JavaThread "jar transforms Thread 315" [_thread_blocked, id=5208, stack(0x000000002b3d0000,0x000000002b4d0000)]
  0x0000000024111000 JavaThread "jar transforms Thread 314" [_thread_blocked, id=10708, stack(0x000000002b2d0000,0x000000002b3d0000)]
  0x000000002410e800 JavaThread "jar transforms Thread 313" [_thread_blocked, id=4100, stack(0x000000002b1d0000,0x000000002b2d0000)]
  0x000000002410a000 JavaThread "jar transforms Thread 312" [_thread_blocked, id=6320, stack(0x000000002b0d0000,0x000000002b1d0000)]
  0x000000001f530800 JavaThread "jar transforms Thread 311" [_thread_blocked, id=13168, stack(0x000000002afd0000,0x000000002b0d0000)]
  0x000000001f52e800 JavaThread "jar transforms Thread 310" [_thread_blocked, id=2716, stack(0x000000002aed0000,0x000000002afd0000)]
  0x000000001f533800 JavaThread "jar transforms Thread 309" [_thread_blocked, id=4820, stack(0x000000002add0000,0x000000002aed0000)]
  0x000000001f52f000 JavaThread "jar transforms Thread 308" [_thread_blocked, id=1812, stack(0x000000002acd0000,0x000000002add0000)]
  0x000000001f527000 JavaThread "jar transforms Thread 307" [_thread_blocked, id=5056, stack(0x000000002abd0000,0x000000002acd0000)]
  0x000000001f527800 JavaThread "jar transforms Thread 306" [_thread_blocked, id=6952, stack(0x000000002aad0000,0x000000002abd0000)]
  0x000000001f52d800 JavaThread "jar transforms Thread 305" [_thread_blocked, id=12928, stack(0x000000002a9d0000,0x000000002aad0000)]
  0x000000001f526000 JavaThread "jar transforms Thread 304" [_thread_blocked, id=6792, stack(0x000000002a8d0000,0x000000002a9d0000)]
  0x000000001f52d000 JavaThread "jar transforms Thread 303" [_thread_blocked, id=4372, stack(0x000000002a7d0000,0x000000002a8d0000)]
  0x000000001f52c000 JavaThread "jar transforms Thread 302" [_thread_blocked, id=10564, stack(0x000000002a6d0000,0x000000002a7d0000)]
  0x000000001f524800 JavaThread "jar transforms Thread 301" [_thread_blocked, id=12260, stack(0x000000002a5d0000,0x000000002a6d0000)]
  0x000000001f52b800 JavaThread "jar transforms Thread 300" [_thread_blocked, id=8432, stack(0x000000002a4d0000,0x000000002a5d0000)]
  0x000000001f529000 JavaThread "jar transforms Thread 299" [_thread_blocked, id=12588, stack(0x000000002a3d0000,0x000000002a4d0000)]
  0x000000001f525800 JavaThread "jar transforms Thread 298" [_thread_blocked, id=5420, stack(0x000000002a2d0000,0x000000002a3d0000)]
  0x0000000020267000 JavaThread "jar transforms Thread 297" [_thread_blocked, id=6968, stack(0x000000002a1d0000,0x000000002a2d0000)]
  0x0000000020267800 JavaThread "jar transforms Thread 296" [_thread_blocked, id=1064, stack(0x000000002a0d0000,0x000000002a1d0000)]
  0x000000002026b800 JavaThread "jar transforms Thread 295" [_thread_blocked, id=9704, stack(0x0000000029fd0000,0x000000002a0d0000)]
  0x000000002025f800 JavaThread "jar transforms Thread 294" [_thread_blocked, id=1080, stack(0x0000000029ed0000,0x0000000029fd0000)]
  0x000000002025e800 JavaThread "jar transforms Thread 293" [_thread_blocked, id=12580, stack(0x0000000029dd0000,0x0000000029ed0000)]
  0x0000000020265800 JavaThread "jar transforms Thread 292" [_thread_blocked, id=8732, stack(0x0000000029cd0000,0x0000000029dd0000)]
  0x0000000020264800 JavaThread "jar transforms Thread 291" [_thread_blocked, id=12880, stack(0x0000000029bd0000,0x0000000029cd0000)]
  0x0000000020264000 JavaThread "jar transforms Thread 290" [_thread_blocked, id=5600, stack(0x0000000029ad0000,0x0000000029bd0000)]
  0x000000002025e000 JavaThread "jar transforms Thread 289" [_thread_blocked, id=9624, stack(0x00000000299d0000,0x0000000029ad0000)]
  0x000000002025c800 JavaThread "jar transforms Thread 288" [_thread_blocked, id=2368, stack(0x00000000298d0000,0x00000000299d0000)]
  0x000000002025d000 JavaThread "jar transforms Thread 287" [_thread_blocked, id=2036, stack(0x00000000297d0000,0x00000000298d0000)]
  0x0000000020263000 JavaThread "jar transforms Thread 286" [_thread_blocked, id=5948, stack(0x00000000296d0000,0x00000000297d0000)]
  0x0000000020262800 JavaThread "jar transforms Thread 285" [_thread_blocked, id=12512, stack(0x00000000295d0000,0x00000000296d0000)]
  0x0000000020261000 JavaThread "jar transforms Thread 284" [_thread_blocked, id=6164, stack(0x00000000294d0000,0x00000000295d0000)]
  0x0000000020260000 JavaThread "jar transforms Thread 283" [_thread_blocked, id=12564, stack(0x00000000293d0000,0x00000000294d0000)]
  0x0000000020261800 JavaThread "jar transforms Thread 282" [_thread_blocked, id=12832, stack(0x00000000292d0000,0x00000000293d0000)]
  0x0000000020727000 JavaThread "jar transforms Thread 281" [_thread_blocked, id=7520, stack(0x00000000291d0000,0x00000000292d0000)]
  0x0000000020726000 JavaThread "jar transforms Thread 280" [_thread_blocked, id=4112, stack(0x00000000290d0000,0x00000000291d0000)]
  0x000000002071e800 JavaThread "jar transforms Thread 279" [_thread_blocked, id=8920, stack(0x0000000028d10000,0x0000000028e10000)]
  0x0000000020725800 JavaThread "jar transforms Thread 278" [_thread_blocked, id=3996, stack(0x0000000028c10000,0x0000000028d10000)]
  0x0000000020724800 JavaThread "jar transforms Thread 277" [_thread_blocked, id=12628, stack(0x0000000028b10000,0x0000000028c10000)]
  0x0000000020723000 JavaThread "jar transforms Thread 276" [_thread_blocked, id=6516, stack(0x00000000285a0000,0x00000000286a0000)]
  0x0000000020722800 JavaThread "jar transforms Thread 275" [_thread_blocked, id=12732, stack(0x0000000027e80000,0x0000000027f80000)]
  0x0000000020724000 JavaThread "jar transforms Thread 274" [_thread_blocked, id=3200, stack(0x0000000027580000,0x0000000027680000)]
  0x000000002071d000 JavaThread "jar transforms Thread 273" [_thread_blocked, id=6564, stack(0x0000000027480000,0x0000000027580000)]
  0x000000002071e000 JavaThread "jar transforms Thread 272" [_thread_blocked, id=252, stack(0x0000000027380000,0x0000000027480000)]
  0x000000002071b000 JavaThread "Build operations Thread 4" [_thread_blocked, id=4920, stack(0x0000000027080000,0x0000000027180000)]
  0x0000000020721800 JavaThread "Build operations Thread 3" [_thread_blocked, id=11104, stack(0x0000000026e80000,0x0000000026f80000)]
  0x000000002071f800 JavaThread "Build operations Thread 2" [_thread_blocked, id=7900, stack(0x0000000026d80000,0x0000000026e80000)]
  0x000000002071a000 JavaThread "Build operations" [_thread_blocked, id=10536, stack(0x0000000026c80000,0x0000000026d80000)]
  0x000000002071c800 JavaThread "Cache worker for Build Output Cleanup Cache (D:\LocalDiskE\Madesh\Projects\SubamTamilCalendar\SubamCalendar\.gradle\buildOutputCleanup)" [_thread_blocked, id=11276, stack(0x0000000026b80000,0x0000000026c80000)]
  0x0000000020721000 JavaThread "jar transforms Thread 271" [_thread_blocked, id=10308, stack(0x0000000026880000,0x0000000026980000)]
  0x0000000020720000 JavaThread "jar transforms Thread 270" [_thread_blocked, id=10916, stack(0x0000000026780000,0x0000000026880000)]
  0x0000000020718800 JavaThread "jar transforms Thread 269" [_thread_blocked, id=2260, stack(0x0000000026680000,0x0000000026780000)]
  0x0000000020719800 JavaThread "jar transforms Thread 268" [_thread_blocked, id=4840, stack(0x0000000026580000,0x0000000026680000)]
  0x00000000232b4000 JavaThread "jar transforms Thread 267" [_thread_blocked, id=2376, stack(0x0000000026480000,0x0000000026580000)]
  0x00000000232b2800 JavaThread "jar transforms Thread 266" [_thread_blocked, id=4796, stack(0x0000000026380000,0x0000000026480000)]
  0x00000000232b3000 JavaThread "jar transforms Thread 265" [_thread_blocked, id=3024, stack(0x0000000026280000,0x0000000026380000)]
  0x00000000232b0000 JavaThread "jar transforms Thread 264" [_thread_blocked, id=5884, stack(0x0000000026180000,0x0000000026280000)]
  0x00000000232b1800 JavaThread "jar transforms Thread 263" [_thread_blocked, id=7264, stack(0x0000000026080000,0x0000000026180000)]
  0x00000000232af800 JavaThread "jar transforms Thread 262" [_thread_blocked, id=8804, stack(0x0000000025f80000,0x0000000026080000)]
  0x00000000232b1000 JavaThread "jar transforms Thread 261" [_thread_blocked, id=9864, stack(0x0000000025e80000,0x0000000025f80000)]
  0x00000000232b4800 JavaThread "jar transforms Thread 260" [_thread_blocked, id=7260, stack(0x0000000024ce0000,0x0000000024de0000)]
  0x00000000232a8000 JavaThread "jar transforms Thread 259" [_thread_blocked, id=7436, stack(0x0000000023b50000,0x0000000023c50000)]
  0x00000000232a9800 JavaThread "Cache worker for cache directory md-rule (C:\Users\Madeshwaran.Softcraft\.gradle\caches\6.5\md-rule)" [_thread_blocked, id=8488, stack(0x0000000022550000,0x0000000022650000)]
  0x00000000232ad000 JavaThread "Cache worker for cache directory md-supplier (C:\Users\Madeshwaran.Softcraft\.gradle\caches\6.5\md-supplier)" [_thread_blocked, id=11532, stack(0x0000000022050000,0x0000000022150000)]
  0x00000000232ae800 JavaThread "Cache worker for checksums cache (D:\LocalDiskE\Madesh\Projects\SubamTamilCalendar\SubamCalendar\.gradle\checksums)" [_thread_blocked, id=5744, stack(0x0000000021d50000,0x0000000021e50000)]
  0x00000000232ae000 JavaThread "Cache worker for file hash cache (D:\LocalDiskE\Madesh\Projects\SubamTamilCalendar\SubamCalendar\.gradle\6.5\fileHashes)" [_thread_blocked, id=4420, stack(0x0000000021c50000,0x0000000021d50000)]
  0x00000000232a7000 JavaThread "Thread-317" [_thread_blocked, id=1888, stack(0x0000000021b50000,0x0000000021c50000)]
  0x00000000232ab000 JavaThread "Stdin handler" [_thread_blocked, id=4712, stack(0x0000000021950000,0x0000000021a50000)]
  0x00000000232a8800 JavaThread "Asynchronous log dispatcher for DefaultDaemonConnection: socket connection from /127.0.0.1:57645 to /127.0.0.1:58000" [_thread_blocked, id=7256, stack(0x0000000021410000,0x0000000021510000)]
  0x00000000232a6800 JavaThread "Daemon worker Thread 2" [_thread_blocked, id=12744, stack(0x0000000021310000,0x0000000021410000)]
  0x00000000232aa000 JavaThread "Cancel handler" [_thread_blocked, id=9356, stack(0x0000000001200000,0x0000000001300000)]
  0x00000000232ab800 JavaThread "Handler for socket connection from /127.0.0.1:57645 to /127.0.0.1:58000" [_thread_in_native, id=11548, stack(0x0000000001100000,0x0000000001200000)]
  0x00000000232ac800 JavaThread "Daemon Thread 2" [_thread_blocked, id=12224, stack(0x0000000001000000,0x0000000001100000)]
  0x000000001f530000 JavaThread "Memory manager" [_thread_blocked, id=12380, stack(0x0000000033380000,0x0000000033480000)]
  0x0000000020268800 JavaThread "Cache worker for file content cache (C:\Users\Madeshwaran.Softcraft\.gradle\caches\6.5\fileContent)" [_thread_blocked, id=4924, stack(0x0000000027d80000,0x0000000027e80000)]
  0x000000002026a800 JavaThread "Cache worker for execution history cache (C:\Users\Madeshwaran.Softcraft\.gradle\caches\6.5\executionHistory)" [_thread_blocked, id=6568, stack(0x0000000027880000,0x0000000027980000)]
  0x0000000020247800 JavaThread "Cache worker for file hash cache (C:\Users\Madeshwaran.Softcraft\.gradle\caches\6.5\fileHashes)" [_thread_blocked, id=4824, stack(0x0000000022680000,0x0000000022780000)]
  0x0000000020244800 JavaThread "File lock request listener" [_thread_in_native, id=5712, stack(0x0000000022450000,0x0000000022550000)]
  0x00000000201dd800 JavaThread "Cache worker for journal cache (C:\Users\Madeshwaran.Softcraft\.gradle\caches\journal-1)" [_thread_blocked, id=10968, stack(0x0000000022350000,0x0000000022450000)]
  0x000000001efa7800 JavaThread "Daemon periodic checks" [_thread_blocked, id=6088, stack(0x0000000021a50000,0x0000000021b50000)]
  0x0000000020000000 JavaThread "Incoming local TCP Connector on port 57645" [_thread_in_native, id=9140, stack(0x0000000021510000,0x0000000021610000)]
  0x000000001e54b000 JavaThread "Daemon health stats" [_thread_blocked, id=10604, stack(0x0000000020ed0000,0x0000000020fd0000)]
  0x000000001c62c000 JavaThread "Service Thread" daemon [_thread_blocked, id=12768, stack(0x000000001e330000,0x000000001e430000)]
  0x000000001c623000 JavaThread "C1 CompilerThread2" daemon [_thread_blocked, id=12116, stack(0x000000001de30000,0x000000001df30000)]
  0x000000001c5f8000 JavaThread "C2 CompilerThread1" daemon [_thread_blocked, id=10320, stack(0x000000001dd30000,0x000000001de30000)]
  0x000000001c5d7800 JavaThread "C2 CompilerThread0" daemon [_thread_blocked, id=4232, stack(0x000000001dc30000,0x000000001dd30000)]
  0x000000001c5d6000 JavaThread "Attach Listener" daemon [_thread_blocked, id=500, stack(0x000000001db30000,0x000000001dc30000)]
  0x000000001c5d2800 JavaThread "Signal Dispatcher" daemon [_thread_blocked, id=3252, stack(0x000000001da30000,0x000000001db30000)]
  0x0000000002efc000 JavaThread "Finalizer" daemon [_thread_blocked, id=12108, stack(0x000000001d830000,0x000000001d930000)]
  0x000000001c5b9000 JavaThread "Reference Handler" daemon [_thread_blocked, id=7204, stack(0x000000001d730000,0x000000001d830000)]
  0x0000000002cfe000 JavaThread "main" [_thread_blocked, id=9384, stack(0x0000000002d00000,0x0000000002e00000)]

Other Threads:
  0x000000001c597000 VMThread [stack: 0x000000001d630000,0x000000001d730000] [id=7404]
  0x000000001c62c800 WatcherThread [stack: 0x000000001e430000,0x000000001e530000] [id=11476]

=>0x0000000002e1b800 (exited) GCTaskThread [stack: 0x0000000013330000,0x0000000013430000] [id=4664]

VM state:at safepoint (normal execution)

VM Mutex/Monitor currently owned by a thread:  ([mutex/lock_event])
[0x0000000002cfca00] Threads_lock - owner thread: 0x000000001c597000
[0x0000000002cfc600] Heap_lock - owner thread: 0x00000000201dd800

heap address: 0x00000006c0000000, size: 4096 MB, Compressed Oops mode: Zero based, Oop shift amount: 3
Narrow klass base: 0x0000000000000000, Narrow klass shift: 3
Compressed class space size: 1073741824 Address: 0x00000007c0000000

Heap:
 PSYoungGen      total 988672K, used 978264K [0x000000076ab00000, 0x00000007b2c80000, 0x00000007c0000000)
  eden space 946176K, 100% used [0x000000076ab00000,0x00000007a4700000,0x00000007a4700000)
  from space 42496K, 75% used [0x00000007a9580000,0x00000007ab4d6080,0x00000007abf00000)
  to   space 80384K, 98% used [0x00000007a4700000,0x00000007a948fff8,0x00000007a9580000)
 ParOldGen       total 297984K, used 165320K [0x00000006c0000000, 0x00000006d2300000, 0x000000076ab00000)
  object space 297984K, 55% used [0x00000006c0000000,0x00000006ca172008,0x00000006d2300000)
 Metaspace       used 109920K, capacity 115846K, committed 115968K, reserved 1148928K
  class space    used 14399K, capacity 15607K, committed 15616K, reserved 1048576K

Card table byte_map: [0x00000000122c0000,0x0000000012ad0000] byte_map_base: 0x000000000ecc0000

Marking Bits: (ParMarkBitMap*) 0x000000005f82f030
 Begin Bits: [0x0000000013430000, 0x0000000017430000)
 End Bits:   [0x0000000017430000, 0x000000001b430000)

Polling page: 0x0000000001350000

CodeCache: size=245760Kb used=59338Kb max_used=59352Kb free=186421Kb
 bounds [0x0000000002f00000, 0x0000000006940000, 0x0000000011f00000]
 total_blobs=18137 nmethods=17200 adapters=848
 compilation: enabled

Compilation events (10 events):
Event: 207.575 Thread 0x000000001c5f8000 nmethod 21162 0x00000000068f5050 code [0x00000000068f51a0, 0x00000000068f52c8]
Event: 207.575 Thread 0x000000001c5f8000 21161       4       java.lang.ClassLoader::getSystemClassLoader (32 bytes)
Event: 207.577 Thread 0x000000001c5f8000 nmethod 21161 0x00000000068f4b50 code [0x00000000068f4ca0, 0x00000000068f4f38]
Event: 207.581 Thread 0x000000001c5f8000 21164       4       org.gradle.cache.internal.filelock.LockFileAccess::markClean (21 bytes)
Event: 207.582 Thread 0x000000001c5f8000 nmethod 21164 0x00000000069242d0 code [0x0000000006924420, 0x00000000069245c8]
Event: 207.582 Thread 0x000000001c5f8000 21165       4       org.gradle.internal.fingerprint.classpath.impl.ClasspathFingerprintingStrategy$ClasspathFingerprintVisitor::visit (61 bytes)
Event: 207.586 Thread 0x000000001c5d7800 nmethod 21138 0x0000000006933ed0 code [0x0000000006934140, 0x00000000069355a8]
Event: 207.586 Thread 0x000000001c5d7800 21166       4       org.gradle.internal.component.external.model.DefaultModuleComponentArtifactIdentifier::getFileName (144 bytes)
Event: 207.593 Thread 0x000000001c623000 21169       3       org.gradle.internal.snapshot.MerkleDirectorySnapshotBuilder::visitFile (38 bytes)
Event: 207.594 Thread 0x000000001c623000 nmethod 21169 0x00000000068f6f50 code [0x00000000068f70e0, 0x00000000068f7618]

GC Heap History (10 events):
Event: 88.541 GC heap after
Heap after GC invocations=21 (full 4):
 PSYoungGen      total 752128K, used 26289K [0x000000076ab00000, 0x00000007a3000000, 0x00000007c0000000)
  eden space 707584K, 0% used [0x000000076ab00000,0x000000076ab00000,0x0000000795e00000)
  from space 44544K, 59% used [0x0000000795e00000,0x00000007977ac790,0x0000000798980000)
  to   space 44544K, 0% used [0x00000007a0480000,0x00000007a0480000,0x00000007a3000000)
 ParOldGen       total 165376K, used 74943K [0x00000006c0000000, 0x00000006ca180000, 0x000000076ab00000)
  object space 165376K, 45% used [0x00000006c0000000,0x00000006c492fff0,0x00000006ca180000)
 Metaspace       used 104783K, capacity 110210K, committed 110464K, reserved 1144832K
  class space    used 13808K, capacity 14898K, committed 14976K, reserved 1048576K
}
Event: 90.449 GC heap before
{Heap before GC invocations=22 (full 4):
 PSYoungGen      total 752128K, used 733873K [0x000000076ab00000, 0x00000007a3000000, 0x00000007c0000000)
  eden space 707584K, 100% used [0x000000076ab00000,0x0000000795e00000,0x0000000795e00000)
  from space 44544K, 59% used [0x0000000795e00000,0x00000007977ac790,0x0000000798980000)
  to   space 44544K, 0% used [0x00000007a0480000,0x00000007a0480000,0x00000007a3000000)
 ParOldGen       total 165376K, used 74943K [0x00000006c0000000, 0x00000006ca180000, 0x000000076ab00000)
  object space 165376K, 45% used [0x00000006c0000000,0x00000006c492fff0,0x00000006ca180000)
 Metaspace       used 104859K, capacity 110338K, committed 110464K, reserved 1144832K
  class space    used 13815K, capacity 14898K, committed 14976K, reserved 1048576K
Event: 90.494 GC heap after
Heap after GC invocations=22 (full 4):
 PSYoungGen      total 879104K, used 23568K [0x000000076ab00000, 0x00000007a3380000, 0x00000007c0000000)
  eden space 834560K, 0% used [0x000000076ab00000,0x000000076ab00000,0x000000079da00000)
  from space 44544K, 52% used [0x00000007a0480000,0x00000007a1b841d8,0x00000007a3000000)
  to   space 43520K, 0% used [0x000000079da00000,0x000000079da00000,0x00000007a0480000)
 ParOldGen       total 165376K, used 74943K [0x00000006c0000000, 0x00000006ca180000, 0x000000076ab00000)
  object space 165376K, 45% used [0x00000006c0000000,0x00000006c492fff0,0x00000006ca180000)
 Metaspace       used 104859K, capacity 110338K, committed 110464K, reserved 1144832K
  class space    used 13815K, capacity 14898K, committed 14976K, reserved 1048576K
}
Event: 93.132 GC heap before
{Heap before GC invocations=23 (full 4):
 PSYoungGen      total 879104K, used 858128K [0x000000076ab00000, 0x00000007a3380000, 0x00000007c0000000)
  eden space 834560K, 100% used [0x000000076ab00000,0x000000079da00000,0x000000079da00000)
  from space 44544K, 52% used [0x00000007a0480000,0x00000007a1b841d8,0x00000007a3000000)
  to   space 43520K, 0% used [0x000000079da00000,0x000000079da00000,0x00000007a0480000)
 ParOldGen       total 165376K, used 74943K [0x00000006c0000000, 0x00000006ca180000, 0x000000076ab00000)
  object space 165376K, 45% used [0x00000006c0000000,0x00000006c492fff0,0x00000006ca180000)
 Metaspace       used 104998K, capacity 110488K, committed 110720K, reserved 1144832K
  class space    used 13836K, capacity 14903K, committed 14976K, reserved 1048576K
Event: 93.169 GC heap after
Heap after GC invocations=23 (full 4):
 PSYoungGen      total 878080K, used 24431K [0x000000076ab00000, 0x00000007abf00000, 0x00000007c0000000)
  eden space 834560K, 0% used [0x000000076ab00000,0x000000076ab00000,0x000000079da00000)
  from space 43520K, 56% used [0x000000079da00000,0x000000079f1dbf78,0x00000007a0480000)
  to   space 42496K, 0% used [0x00000007a9580000,0x00000007a9580000,0x00000007abf00000)
 ParOldGen       total 165376K, used 74951K [0x00000006c0000000, 0x00000006ca180000, 0x000000076ab00000)
  object space 165376K, 45% used [0x00000006c0000000,0x00000006c4931ff0,0x00000006ca180000)
 Metaspace       used 104998K, capacity 110488K, committed 110720K, reserved 1144832K
  class space    used 13836K, capacity 14903K, committed 14976K, reserved 1048576K
}
Event: 96.580 GC heap before
{Heap before GC invocations=24 (full 4):
 PSYoungGen      total 878080K, used 858991K [0x000000076ab00000, 0x00000007abf00000, 0x00000007c0000000)
  eden space 834560K, 100% used [0x000000076ab00000,0x000000079da00000,0x000000079da00000)
  from space 43520K, 56% used [0x000000079da00000,0x000000079f1dbf78,0x00000007a0480000)
  to   space 42496K, 0% used [0x00000007a9580000,0x00000007a9580000,0x00000007abf00000)
 ParOldGen       total 165376K, used 74951K [0x00000006c0000000, 0x00000006ca180000, 0x000000076ab00000)
  object space 165376K, 45% used [0x00000006c0000000,0x00000006c4931ff0,0x00000006ca180000)
 Metaspace       used 106043K, capacity 111666K, committed 111872K, reserved 1146880K
  class space    used 13938K, capacity 15044K, committed 15104K, reserved 1048576K
Event: 96.778 GC heap after
Heap after GC invocations=24 (full 4):
 PSYoungGen      total 988672K, used 42481K [0x000000076ab00000, 0x00000007b2c80000, 0x00000007c0000000)
  eden space 946176K, 0% used [0x000000076ab00000,0x000000076ab00000,0x00000007a4700000)
  from space 42496K, 99% used [0x00000007a9580000,0x00000007abefc640,0x00000007abf00000)
  to   space 80384K, 0% used [0x00000007a4700000,0x00000007a4700000,0x00000007a9580000)
 ParOldGen       total 165376K, used 161655K [0x00000006c0000000, 0x00000006ca180000, 0x000000076ab00000)
  object space 165376K, 97% used [0x00000006c0000000,0x00000006c9dddf98,0x00000006ca180000)
 Metaspace       used 106043K, capacity 111666K, committed 111872K, reserved 1146880K
  class space    used 13938K, capacity 15044K, committed 15104K, reserved 1048576K
}
Event: 96.778 GC heap before
{Heap before GC invocations=25 (full 5):
 PSYoungGen      total 988672K, used 42481K [0x000000076ab00000, 0x00000007b2c80000, 0x00000007c0000000)
  eden space 946176K, 0% used [0x000000076ab00000,0x000000076ab00000,0x00000007a4700000)
  from space 42496K, 99% used [0x00000007a9580000,0x00000007abefc640,0x00000007abf00000)
  to   space 80384K, 0% used [0x00000007a4700000,0x00000007a4700000,0x00000007a9580000)
 ParOldGen       total 165376K, used 161655K [0x00000006c0000000, 0x00000006ca180000, 0x000000076ab00000)
  object space 165376K, 97% used [0x00000006c0000000,0x00000006c9dddf98,0x00000006ca180000)
 Metaspace       used 106043K, capacity 111666K, committed 111872K, reserved 1146880K
  class space    used 13938K, capacity 15044K, committed 15104K, reserved 1048576K
Event: 97.647 GC heap after
Heap after GC invocations=25 (full 5):
 PSYoungGen      total 988672K, used 32088K [0x000000076ab00000, 0x00000007b2c80000, 0x00000007c0000000)
  eden space 946176K, 0% used [0x000000076ab00000,0x000000076ab00000,0x00000007a4700000)
  from space 42496K, 75% used [0x00000007a9580000,0x00000007ab4d6080,0x00000007abf00000)
  to   space 80384K, 0% used [0x00000007a4700000,0x00000007a4700000,0x00000007a9580000)
 ParOldGen       total 297984K, used 165312K [0x00000006c0000000, 0x00000006d2300000, 0x000000076ab00000)
  object space 297984K, 55% used [0x00000006c0000000,0x00000006ca170008,0x00000006d2300000)
 Metaspace       used 105981K, capacity 111506K, committed 111872K, reserved 1146880K
  class space    used 13917K, capacity 15008K, committed 15104K, reserved 1048576K
}
Event: 207.608 GC heap before
{Heap before GC invocations=26 (full 5):
 PSYoungGen      total 988672K, used 978264K [0x000000076ab00000, 0x00000007b2c80000, 0x00000007c0000000)
  eden space 946176K, 100% used [0x000000076ab00000,0x00000007a4700000,0x00000007a4700000)
  from space 42496K, 75% used [0x00000007a9580000,0x00000007ab4d6080,0x00000007abf00000)
  to   space 80384K, 0% used [0x00000007a4700000,0x00000007a4700000,0x00000007a9580000)
 ParOldGen       total 297984K, used 165312K [0x00000006c0000000, 0x00000006d2300000, 0x000000076ab00000)
  object space 297984K, 55% used [0x00000006c0000000,0x00000006ca170008,0x00000006d2300000)
 Metaspace       used 109920K, capacity 115846K, committed 115968K, reserved 1148928K
  class space    used 14399K, capacity 15607K, committed 15616K, reserved 1048576K

Deoptimization events (10 events):
Event: 206.070 Thread 0x00000000232a6800 Uncommon trap: reason=bimorphic action=maybe_recompile pc=0x000000000513adf8 method=org.gradle.api.internal.artifacts.ivyservice.resolveengine.artifact.ParallelResolveArtifactSet$VisitingSet$AsyncArtifactListenerAdapter.requireArtifactFiles()Z @ 4
Event: 206.070 Thread 0x00000000232a6800 Uncommon trap: reason=bimorphic action=maybe_recompile pc=0x000000000513adf8 method=org.gradle.api.internal.artifacts.ivyservice.resolveengine.artifact.ParallelResolveArtifactSet$VisitingSet$AsyncArtifactListenerAdapter.requireArtifactFiles()Z @ 4
Event: 206.073 Thread 0x00000000232a6800 Uncommon trap: reason=bimorphic action=maybe_recompile pc=0x0000000004d51464 method=org.gradle.api.internal.artifacts.ivyservice.modulecache.ModuleComponentAtRepositoryKey.<init>(Ljava/lang/String;Lorg/gradle/api/artifacts/component/ModuleComponentIdentif
Event: 206.073 Thread 0x00000000232a6800 Uncommon trap: reason=bimorphic action=maybe_recompile pc=0x0000000004d51464 method=org.gradle.api.internal.artifacts.ivyservice.modulecache.ModuleComponentAtRepositoryKey.<init>(Ljava/lang/String;Lorg/gradle/api/artifacts/component/ModuleComponentIdentif
Event: 206.075 Thread 0x00000000232a6800 Uncommon trap: reason=bimorphic action=maybe_recompile pc=0x0000000004d51464 method=org.gradle.api.internal.artifacts.ivyservice.modulecache.ModuleComponentAtRepositoryKey.<init>(Ljava/lang/String;Lorg/gradle/api/artifacts/component/ModuleComponentIdentif
Event: 206.076 Thread 0x00000000232a6800 Uncommon trap: reason=bimorphic action=maybe_recompile pc=0x0000000004d51464 method=org.gradle.api.internal.artifacts.ivyservice.modulecache.ModuleComponentAtRepositoryKey.<init>(Ljava/lang/String;Lorg/gradle/api/artifacts/component/ModuleComponentIdentif
Event: 206.207 Thread 0x00000000232a6800 Uncommon trap: reason=class_check action=maybe_recompile pc=0x000000000558c5b8 method=java.util.Collections$UnmodifiableList.get(I)Ljava/lang/Object; @ 5
Event: 206.207 Thread 0x00000000232a6800 Uncommon trap: reason=class_check action=maybe_recompile pc=0x000000000558c5b8 method=java.util.Collections$UnmodifiableList.get(I)Ljava/lang/Object; @ 5
Event: 206.222 Thread 0x00000000232a6800 Uncommon trap: reason=class_check action=maybe_recompile pc=0x000000000558c5b8 method=java.util.Collections$UnmodifiableList.get(I)Ljava/lang/Object; @ 5
Event: 206.222 Thread 0x00000000232a6800 Uncommon trap: reason=class_check action=maybe_recompile pc=0x000000000558c5b8 method=java.util.Collections$UnmodifiableList.get(I)Ljava/lang/Object; @ 5

Classes redefined (0 events):
No events

Internal exceptions (10 events):
Event: 206.231 Thread 0x00000000232a6800 Exception <a 'java/lang/NoSuchMethodError': <clinit>> (0x00000007a11b8ff0) thrown at [C:\src\AOSP-openjdk-git\hotspot\src\share\vm\prims\jni.cpp, line 1615]
Event: 206.233 Thread 0x00000000232a6800 Exception <a 'java/lang/NoSuchMethodError': <clinit>> (0x00000007a1241170) thrown at [C:\src\AOSP-openjdk-git\hotspot\src\share\vm\prims\jni.cpp, line 1615]
Event: 206.235 Thread 0x00000000232a6800 Exception <a 'java/lang/NoSuchMethodError': <clinit>> (0x00000007a12bc380) thrown at [C:\src\AOSP-openjdk-git\hotspot\src\share\vm\prims\jni.cpp, line 1615]
Event: 206.243 Thread 0x00000000232a6800 Exception <a 'java/lang/NoSuchMethodError': <clinit>> (0x00000007a14f2b88) thrown at [C:\src\AOSP-openjdk-git\hotspot\src\share\vm\prims\jni.cpp, line 1615]
Event: 206.250 Thread 0x00000000232a6800 Exception <a 'java/lang/NoSuchMethodError': <clinit>> (0x00000007a15c9050) thrown at [C:\src\AOSP-openjdk-git\hotspot\src\share\vm\prims\jni.cpp, line 1615]
Event: 206.252 Thread 0x00000000232a6800 Exception <a 'java/lang/NoSuchMethodError': <clinit>> (0x00000007a1680da8) thrown at [C:\src\AOSP-openjdk-git\hotspot\src\share\vm\prims\jni.cpp, line 1615]
Event: 206.317 Thread 0x00000000232a6800 Exception <a 'sun/nio/fs/WindowsException'> (0x00000007a1acb720) thrown at [C:\src\AOSP-openjdk-git\hotspot\src\share\vm\prims\jni.cpp, line 710]
Event: 206.363 Thread 0x00000000232a6800 Exception <a 'java/lang/ClassNotFoundException': org/jetbrains/plugins/gradle/tooling/util/JavaPluginUtilBeanInfo> (0x00000007a1e796b8) thrown at [C:\src\AOSP-openjdk-git\hotspot\src\share\vm\classfile\systemDictionary.cpp, line 210]
Event: 206.364 Thread 0x00000000232a6800 Exception <a 'java/lang/ClassNotFoundException': org/jetbrains/plugins/gradle/tooling/util/JavaPluginUtilCustomizer> (0x00000007a1e8c378) thrown at [C:\src\AOSP-openjdk-git\hotspot\src\share\vm\classfile\systemDictionary.cpp, line 210]
Event: 206.408 Thread 0x00000000232a6800 Exception <a 'java/lang/reflect/InvocationTargetException'> (0x00000007a2154428) thrown at [C:\src\AOSP-openjdk-git\hotspot\src\share\vm\runtime\reflection.cpp, line 1092]

Events (10 events):
Event: 207.039 loading class org/gradle/internal/typeconversion/NotationConverterToNotationParserAdapter$1 done
Event: 207.504 Executing VM operation: RevokeBias
Event: 207.505 Executing VM operation: RevokeBias done
Event: 207.505 Executing VM operation: RevokeBias
Event: 207.505 Executing VM operation: RevokeBias done
Event: 207.505 Executing VM operation: RevokeBias
Event: 207.505 Executing VM operation: RevokeBias done
Event: 207.506 Executing VM operation: RevokeBias
Event: 207.506 Executing VM operation: RevokeBias done
Event: 207.607 Executing VM operation: ParallelGCFailedAllocation


Dynamic libraries:
0x00007ff7a1c50000 - 0x00007ff7a1c81000 	C:\Program Files\Android\Android Studio\jre\bin\java.exe
0x00007ffbdaf50000 - 0x00007ffbdb146000 	C:\WINDOWS\SYSTEM32\ntdll.dll
0x00007ffbda6e0000 - 0x00007ffbda79d000 	C:\WINDOWS\System32\KERNEL32.DLL
0x00007ffbd8720000 - 0x00007ffbd89e8000 	C:\WINDOWS\System32\KERNELBASE.dll
0x00007ffbda880000 - 0x00007ffbda92c000 	C:\WINDOWS\System32\ADVAPI32.dll
0x00007ffbd9fa0000 - 0x00007ffbda03e000 	C:\WINDOWS\System32\msvcrt.dll
0x00007ffbda040000 - 0x00007ffbda0db000 	C:\WINDOWS\System32\sechost.dll
0x00007ffbda4d0000 - 0x00007ffbda5f4000 	C:\WINDOWS\System32\RPCRT4.dll
0x00007ffbdaa60000 - 0x00007ffbdac00000 	C:\WINDOWS\System32\USER32.dll
0x00007ffbd8cf0000 - 0x00007ffbd8d12000 	C:\WINDOWS\System32\win32u.dll
0x00007ffbdacf0000 - 0x00007ffbdad1a000 	C:\WINDOWS\System32\GDI32.dll
0x00007ffbd8dd0000 - 0x00007ffbd8ed9000 	C:\WINDOWS\System32\gdi32full.dll
0x00007ffbd8c50000 - 0x00007ffbd8ced000 	C:\WINDOWS\System32\msvcp_win.dll
0x00007ffbd8b00000 - 0x00007ffbd8c00000 	C:\WINDOWS\System32\ucrtbase.dll
0x00007ffbc0230000 - 0x00007ffbc04cb000 	C:\WINDOWS\WinSxS\amd64_microsoft.windows.common-controls_6595b64144ccf1df_6.0.19041.488_none_ca04af081b815d21\COMCTL32.dll
0x00007ffbda0e0000 - 0x00007ffbda110000 	C:\WINDOWS\System32\IMM32.DLL
0x000000005eea0000 - 0x000000005ef72000 	C:\Program Files\Android\Android Studio\jre\jre\bin\msvcr100.dll
0x000000005f060000 - 0x000000005f8ab000 	C:\Program Files\Android\Android Studio\jre\jre\bin\server\jvm.dll
0x00007ffbda600000 - 0x00007ffbda608000 	C:\WINDOWS\System32\PSAPI.DLL
0x00007ffbc1720000 - 0x00007ffbc1747000 	C:\WINDOWS\SYSTEM32\WINMM.dll
0x00007ffbd4280000 - 0x00007ffbd4289000 	C:\WINDOWS\SYSTEM32\WSOCK32.dll
0x00007ffbcc670000 - 0x00007ffbcc67a000 	C:\WINDOWS\SYSTEM32\VERSION.dll
0x00007ffbda800000 - 0x00007ffbda86b000 	C:\WINDOWS\System32\WS2_32.dll
0x00007ffbcb900000 - 0x00007ffbcb90f000 	C:\Program Files\Android\Android Studio\jre\jre\bin\verify.dll
0x00007ffbcb8d0000 - 0x00007ffbcb8f9000 	C:\Program Files\Android\Android Studio\jre\jre\bin\java.dll
0x00007ffbcb840000 - 0x00007ffbcb856000 	C:\Program Files\Android\Android Studio\jre\jre\bin\zip.dll
0x00007ffbd9730000 - 0x00007ffbd9e71000 	C:\WINDOWS\System32\SHELL32.dll
0x00007ffbd6890000 - 0x00007ffbd7025000 	C:\WINDOWS\SYSTEM32\windows.storage.dll
0x00007ffbda170000 - 0x00007ffbda4c5000 	C:\WINDOWS\System32\combase.dll
0x00007ffbd80c0000 - 0x00007ffbd80ec000 	C:\WINDOWS\SYSTEM32\Wldp.dll
0x00007ffbda610000 - 0x00007ffbda6be000 	C:\WINDOWS\System32\SHCORE.dll
0x00007ffbda110000 - 0x00007ffbda165000 	C:\WINDOWS\System32\shlwapi.dll
0x00007ffbd8650000 - 0x00007ffbd8676000 	C:\WINDOWS\SYSTEM32\profapi.dll
0x00007ffbcb800000 - 0x00007ffbcb81a000 	C:\Program Files\Android\Android Studio\jre\jre\bin\net.dll
0x00007ffbd7e40000 - 0x00007ffbd7eaa000 	C:\WINDOWS\system32\mswsock.dll
0x00007ffbcb7e0000 - 0x00007ffbcb7f3000 	C:\Program Files\Android\Android Studio\jre\jre\bin\nio.dll
0x00007ffbc7e10000 - 0x00007ffbc7e37000 	C:\Users\Madeshwaran.Softcraft\.gradle\native\f6784746aeab05261644944871eae4fe03e0ef1612fff0a4a95f87b438bc6780\windows-amd64\native-platform.dll
0x00007ffbcb8c0000 - 0x00007ffbcb8cd000 	C:\Program Files\Android\Android Studio\jre\jre\bin\management.dll
0x00007ffbd8010000 - 0x00007ffbd8028000 	C:\WINDOWS\SYSTEM32\CRYPTSP.dll
0x00007ffbd77d0000 - 0x00007ffbd7804000 	C:\WINDOWS\system32\rsaenh.dll
0x00007ffbd8a70000 - 0x00007ffbd8a97000 	C:\WINDOWS\System32\bcrypt.dll
0x00007ffbd85c0000 - 0x00007ffbd85ee000 	C:\WINDOWS\SYSTEM32\USERENV.dll
0x00007ffbd89f0000 - 0x00007ffbd8a6f000 	C:\WINDOWS\System32\bcryptprimitives.dll
0x00007ffbd8030000 - 0x00007ffbd803c000 	C:\WINDOWS\SYSTEM32\CRYPTBASE.dll
0x00007ffbd7b30000 - 0x00007ffbd7b6b000 	C:\WINDOWS\SYSTEM32\IPHLPAPI.DLL
0x00007ffbda870000 - 0x00007ffbda878000 	C:\WINDOWS\System32\NSI.dll
0x00007ffbd2a50000 - 0x00007ffbd2a67000 	C:\WINDOWS\SYSTEM32\dhcpcsvc6.DLL
0x00007ffbd2950000 - 0x00007ffbd296d000 	C:\WINDOWS\SYSTEM32\dhcpcsvc.DLL
0x00007ffbd7b70000 - 0x00007ffbd7c3b000 	C:\WINDOWS\SYSTEM32\DNSAPI.dll
0x00007ffbd2ad0000 - 0x00007ffbd2adb000 	C:\WINDOWS\SYSTEM32\WINNSI.DLL
0x00007ffbc8190000 - 0x00007ffbc81b4000 	C:\Program Files\Android\Android Studio\jre\jre\bin\sunec.dll
0x00007ffbd1bf0000 - 0x00007ffbd1bfa000 	C:\Windows\System32\rasadhlp.dll
0x00007ffbd0690000 - 0x00007ffbd070f000 	C:\WINDOWS\System32\fwpuclnt.dll
0x00007ffbc8180000 - 0x00007ffbc818b000 	C:\Program Files\Android\Android Studio\jre\jre\bin\sunmscapi.dll
0x00007ffbd8ee0000 - 0x00007ffbd903d000 	C:\WINDOWS\System32\CRYPT32.dll
0x00007ffbcaad0000 - 0x00007ffbcacb4000 	C:\WINDOWS\SYSTEM32\dbghelp.dll

VM Arguments:
jvm_args: -Xmx4096m -Dfile.encoding=windows-1252 -Duser.country=US -Duser.language=en -Duser.variant 
java_command: org.gradle.launcher.daemon.bootstrap.GradleDaemon 6.5
java_class_path (initial): C:\Users\Madeshwaran.Softcraft\.gradle\wrapper\dists\gradle-6.5-all\2oz4ud9k3tuxjg84bbf55q0tn\gradle-6.5\lib\gradle-launcher-6.5.jar
Launcher Type: SUN_STANDARD

Environment Variables:
PATH=C:\WINDOWS\system32;C:\WINDOWS;C:\WINDOWS\System32\Wbem;C:\WINDOWS\System32\WindowsPowerShell\v1.0\;C:\Program Files\Java\jdk-13.0.2\bin;C:\Program Files\Git\cmd;C:\WINDOWS\System32\OpenSSH\;C:\Users\Madeshwaran.Softcraft\AppData\Local\Microsoft\WindowsApps;
USERNAME=Madeshwaran
OS=Windows_NT
PROCESSOR_IDENTIFIER=Intel64 Family 6 Model 58 Stepping 9, GenuineIntel



---------------  S Y S T E M  ---------------

OS: Windows 10.0 , 64 bit Build 19041 (10.0.19041.546)

CPU:total 4 (initial active 4) (4 cores per cpu, 1 threads per core) family 6 model 58 stepping 9, cmov, cx8, fxsr, mmx, sse, sse2, sse3, ssse3, sse4.1, sse4.2, popcnt, avx, aes, clmul, erms, tsc, tscinvbit, tscinv

Memory: 4k page, physical 8282164k(845716k free), swap 13525044k(2861684k free)

vm_info: OpenJDK 64-Bit Server VM (25.242-b01) for windows-amd64 JRE (1.8.0_242-release-1644-b01), built by "builder" with MS VC++ 10.0 (VS2010)

time: Mon Dec 07 15:13:16 2020
timezone: India Standard Time
elapsed time: 207 seconds (0d 0h 3m 27s)

