#
# A fatal error has been detected by the Java Runtime Environment:
#
#  EXCEPTION_ACCESS_VIOLATION (0xc0000005) at pc=0x000000006f1acecd, pid=5544, tid=0x0000000000001f18
#
# JRE version: OpenJDK Runtime Environment (8.0_212-b04) (build 1.8.0_212-release-1586-b04)
# Java VM: OpenJDK 64-Bit Server VM (25.212-b04 mixed mode windows-amd64 compressed oops)
# Problematic frame:
# V  [jvm.dll+0x9cecd]
#
# Failed to write core dump. Minidumps are not enabled by default on client versions of Windows
#
# If you would like to submit a bug report, please visit:
#   
#

---------------  T H R E A D  ---------------

Current thread (0x000000001df7c000):  JavaThread "ForkJoinPool-293-worker-6" daemon [_thread_in_vm, id=7960, stack(0x00000000307d0000,0x00000000308d0000)]

siginfo: ExceptionCode=0xc0000005, reading address 0x0000000558baca60

Registers:
RAX=0x0000000558bac848, RBX=0x00000000242986a0, RCX=0x0000000000009002, RDX=0x00000000242986a0
RSP=0x00000000308cd6e0, RBP=0x000000001df7c000, RSI=0x000000001df7c000, RDI=0x000000001e018fc0
R8 =0x0000000100a397f8, R9 =0x000000001d4b7958, R10=0x00000000242986a0, R11=0x0000000000000021
R12=0x000000000000000e, R13=0x00000000308cd7c0, R14=0x0000000000000001, R15=0x00000000308ce120
RIP=0x000000006f1acecd, EFLAGS=0x0000000000010203

Top of Stack: (sp=0x00000000308cd6e0)
0x00000000308cd6e0:   0000000100aa2298 000000006f6cce2c
0x00000000308cd6f0:   000000001df7c000 0000000100abde60
0x00000000308cd700:   000000001df7c000 00000000242986a0
0x00000000308cd710:   0000fd0e5ed0def8 000000006f1aefb2
0x00000000308cd720:   00000000308cd830 000000001d4b7950
0x00000000308cd730:   0000000000000000 0000000000000000
0x00000000308cd740:   00000000308ce120 000000001e018fc0
0x00000000308cd750:   000000001abe4680 00000000022332a0
0x00000000308cd760:   00000000308cd860 000000006f1ae627
0x00000000308cd770:   00000000242986a0 000000001df7c000
0x00000000308cd780:   0000000100a397f8 000000001df7c000
0x00000000308cd790:   0000000558bac848 00000000308cd801
0x00000000308cd7a0:   000000001df7c000 00000000308cd910
0x00000000308cd7b0:   00000000242986a0 000000001df7c000
0x00000000308cd7c0:   00000000242986a0 000000001df7c000
0x00000000308cd7d0:   0000000558bac848 0000000100a397f8 

Instructions: (pc=0x000000006f1acecd)
0x000000006f1acead:   50 49 8b d5 e8 da dd f6 ff 48 8b 74 24 58 48 8b
0x000000006f1acebd:   7c 24 50 e9 e8 00 00 00 48 8b 84 24 b0 00 00 00
0x000000006f1acecd:   4a 8b bc e0 a8 01 00 00 48 85 ff 0f 84 54 03 00
0x000000006f1acedd:   00 48 8b 9d 28 01 00 00 8b 13 3b 53 04 75 08 48 


Register to memory mapping:

RAX=0x0000000558bac848 is an unknown value
RBX={method} {0x00000000242986a8} 'getOffset' '(Lcom/android/tools/r8/graph/ObjectToOffsetMapping;)I' in 'com/android/tools/r8/graph/IndexedDexItem'
RCX=0x0000000000009002 is an unknown value
RDX={method} {0x00000000242986a8} 'getOffset' '(Lcom/android/tools/r8/graph/ObjectToOffsetMapping;)I' in 'com/android/tools/r8/graph/IndexedDexItem'
RSP=0x00000000308cd6e0 is pointing into the stack for thread: 0x000000001df7c000
RBP=0x000000001df7c000 is a thread
RSI=0x000000001df7c000 is a thread
RDI=0x000000001e018fc0 is an unknown value
R8 =0x0000000100a397f8 is pointing into metadata
R9 =0x000000001d4b7958 is an unknown value
R10={method} {0x00000000242986a8} 'getOffset' '(Lcom/android/tools/r8/graph/ObjectToOffsetMapping;)I' in 'com/android/tools/r8/graph/IndexedDexItem'
R11=0x0000000000000021 is an unknown value
R12=0x000000000000000e is an unknown value
R13=0x00000000308cd7c0 is pointing into the stack for thread: 0x000000001df7c000
R14=0x0000000000000001 is an unknown value
R15=0x00000000308ce120 is pointing into the stack for thread: 0x000000001df7c000


Stack: [0x00000000307d0000,0x00000000308d0000],  sp=0x00000000308cd6e0,  free space=1013k
Native frames: (J=compiled Java code, j=interpreted, Vv=VM code, C=native code)
V  [jvm.dll+0x9cecd]
V  [jvm.dll+0x9e627]
V  [jvm.dll+0x9efaa]
V  [jvm.dll+0x9f607]
V  [jvm.dll+0x2072be]
V  [jvm.dll+0x20a05c]
V  [jvm.dll+0x20a81f]
C  0x0000000002305d1e

Java frames: (J=compiled Java code, j=interpreted, Vv=VM code)
v  ~RuntimeStub::ic_miss_stub
J 33551 C2 com.android.tools.r8.code.SgetObject.write(Ljava/nio/ShortBuffer;Lcom/android/tools/r8/graph/ObjectToOffsetMapping;)V (7 bytes) @ 0x000000000780b9ec [0x000000000780b900+0xec]
J 33469 C2 com.android.tools.r8.dex.FileWriter.writeCodeItem(Lcom/android/tools/r8/graph/DexCode;)V (502 bytes) @ 0x000000000720d0e8 [0x000000000720c680+0xa68]
J 37351 C2 java.util.Arrays$ArrayList.forEach(Ljava/util/function/Consumer;)V (43 bytes) @ 0x0000000004d9421c [0x0000000004d94160+0xbc]
J 40995 C2 com.android.tools.r8.dex.FileWriter.writeItems(Ljava/util/Collection;Ljava/util/function/Consumer;Ljava/util/function/Consumer;I)V (48 bytes) @ 0x00000000090877e4 [0x0000000009087640+0x1a4]
J 33179 C1 com.android.tools.r8.dex.FileWriter.generate()[B (660 bytes) @ 0x0000000007ba32e4 [0x0000000007ba2f00+0x3e4]
J 33176 C1 com.android.tools.r8.dex.ApplicationWriter.lambda$write$2(Lcom/android/tools/r8/graph/ObjectToOffsetMapping;Lcom/android/tools/r8/dex/VirtualFile;)Ljava/lang/Boolean; (112 bytes) @ 0x0000000007b9fb34 [0x0000000007b9fa40+0xf4]
J 33109 C1 com.android.tools.r8.dex.ApplicationWriter$$Lambda$532.call()Ljava/lang/Object; (16 bytes) @ 0x00000000070b6bb4 [0x00000000070b6b40+0x74]
j  java.util.concurrent.ForkJoinTask$AdaptedCallable.exec()Z+5
J 36069 C2 java.util.concurrent.ForkJoinPool$WorkQueue.runTask(Ljava/util/concurrent/ForkJoinTask;)V (86 bytes) @ 0x0000000007c27aa0 [0x0000000007c27800+0x2a0]
J 37837 C1 java.util.concurrent.ForkJoinPool.runWorker(Ljava/util/concurrent/ForkJoinPool$WorkQueue;)V (77 bytes) @ 0x00000000086fa74c [0x00000000086fa540+0x20c]
j  java.util.concurrent.ForkJoinWorkerThread.run()V+24
v  ~StubRoutines::call_stub

---------------  P R O C E S S  ---------------

Java Threads: ( => current thread )
  0x000000001df80800 JavaThread "ForkJoinPool-293-worker-11" daemon [_thread_blocked, id=5708, stack(0x0000000030ad0000,0x0000000030bd0000)]
  0x000000001df80000 JavaThread "ForkJoinPool-293-worker-5" daemon [_thread_blocked, id=7948, stack(0x00000000309d0000,0x0000000030ad0000)]
  0x000000001df7b800 JavaThread "ForkJoinPool-293-worker-7" daemon [_thread_blocked, id=4564, stack(0x00000000308d0000,0x00000000309d0000)]
=>0x000000001df7c000 JavaThread "ForkJoinPool-293-worker-6" daemon [_thread_in_vm, id=7960, stack(0x00000000307d0000,0x00000000308d0000)]
  0x000000001df7e800 JavaThread "ForkJoinPool-293-worker-4" daemon [_thread_blocked, id=1352, stack(0x00000000306d0000,0x00000000307d0000)]
  0x000000001df7d800 JavaThread "ForkJoinPool-293-worker-0" daemon [_thread_blocked, id=2900, stack(0x000000002feb0000,0x000000002ffb0000)]
  0x000000001df7a800 JavaThread "ForkJoinPool-293-worker-3" daemon [_thread_blocked, id=7544, stack(0x000000002fdb0000,0x000000002feb0000)]
  0x000000001df7a000 JavaThread "ForkJoinPool-293-worker-2" daemon [_thread_blocked, id=8788, stack(0x000000002fcb0000,0x000000002fdb0000)]
  0x000000001df78800 JavaThread "ForkJoinPool-292-worker-0" daemon [_thread_blocked, id=5988, stack(0x000000002cea0000,0x000000002cfa0000)]
  0x000000001df79000 JavaThread "ForkJoinPool-292-worker-2" daemon [_thread_blocked, id=4172, stack(0x000000002b670000,0x000000002b770000)]
  0x000000001df75800 JavaThread "ForkJoinPool-292-worker-1" daemon [_thread_blocked, id=2244, stack(0x00000000288b0000,0x00000000289b0000)]
  0x000000001b3bc800 JavaThread "ForkJoinPool.commonPool-worker-1" daemon [_thread_blocked, id=8228, stack(0x000000002b470000,0x000000002b570000)]
  0x0000000016aa8000 JavaThread "WorkerExecutor Queue Thread 5" [_thread_blocked, id=6008, stack(0x000000002a030000,0x000000002a130000)]
  0x0000000016aa4000 JavaThread "WorkerExecutor Queue Thread 4" [_thread_blocked, id=4876, stack(0x00000000289b0000,0x0000000028ab0000)]
  0x0000000022c94800 JavaThread "Cache worker for Java compile cache (C:\Users\Madesh Waran\Desktop\SubamCalendar\.gradle\4.10.1\javaCompile)" [_thread_blocked, id=4984, stack(0x00000000284b0000,0x00000000285b0000)]
  0x0000000022c8e000 JavaThread "stdout" daemon [_thread_in_native, id=7428, stack(0x000000002c870000,0x000000002c970000)]
  0x0000000022c90000 JavaThread "stderr" daemon [_thread_in_native, id=1136, stack(0x000000002a310000,0x000000002a410000)]
  0x0000000022c8a000 JavaThread "stdout" daemon [_thread_in_native, id=7832, stack(0x000000002a210000,0x000000002a310000)]
  0x000000001b3c7000 JavaThread "stderr" daemon [_thread_in_native, id=4952, stack(0x0000000028db0000,0x0000000028eb0000)]
  0x000000001b3c1800 JavaThread "stdout" daemon [_thread_in_native, id=7732, stack(0x0000000028cb0000,0x0000000028db0000)]
  0x000000001b3c1000 JavaThread "stderr" daemon [_thread_in_native, id=7868, stack(0x00000000287b0000,0x00000000288b0000)]
  0x000000001b3c2800 JavaThread "pool-142-thread-1" [_thread_blocked, id=8416, stack(0x00000000285b0000,0x00000000286b0000)]
  0x000000001db70000 JavaThread "Cache worker for Build Output Cleanup Cache (C:\Users\Madesh Waran\Desktop\SubamCalendar\.gradle\buildOutputCleanup)" [_thread_blocked, id=4808, stack(0x0000000027ea0000,0x0000000027fa0000)]
  0x000000001db6a000 JavaThread "Cache worker for task history cache (C:\Users\Madesh Waran\Desktop\SubamCalendar\.gradle\4.10.1\taskHistory)" [_thread_blocked, id=9056, stack(0x0000000027da0000,0x0000000027ea0000)]
  0x000000001db6c800 JavaThread "Task worker for ':' Thread 3" [_thread_blocked, id=8496, stack(0x0000000027ca0000,0x0000000027da0000)]
  0x000000001db6d000 JavaThread "Task worker for ':' Thread 2" [_thread_blocked, id=8780, stack(0x0000000026cd0000,0x0000000026dd0000)]
  0x000000001db66800 JavaThread "Task worker for ':'" [_thread_blocked, id=1236, stack(0x0000000025720000,0x0000000025820000)]
  0x000000001db62800 JavaThread "Cache worker for file content cache (C:\Users\Madesh Waran\Desktop\SubamCalendar\.gradle\4.10.1\fileContent)" [_thread_blocked, id=6784, stack(0x0000000024d40000,0x0000000024e40000)]
  0x000000001db65800 JavaThread "Build operations Thread 4" [_thread_blocked, id=8284, stack(0x0000000022240000,0x0000000022340000)]
  0x000000001db64000 JavaThread "Build operations Thread 3" [_thread_blocked, id=3340, stack(0x0000000022140000,0x0000000022240000)]
  0x000000001db62000 JavaThread "Build operations Thread 2" [_thread_blocked, id=9124, stack(0x0000000021a40000,0x0000000021b40000)]
  0x000000001c095800 JavaThread "Build operations" [_thread_blocked, id=5520, stack(0x0000000020530000,0x0000000020630000)]
  0x000000001c091800 JavaThread "Cache worker for cache directory md-rule (C:\Users\Madesh Waran\.gradle\caches\4.10.1\md-rule)" [_thread_blocked, id=8508, stack(0x000000001e2b0000,0x000000001e3b0000)]
  0x000000001c094800 JavaThread "Cache worker for cache directory md-supplier (C:\Users\Madesh Waran\.gradle\caches\4.10.1\md-supplier)" [_thread_blocked, id=4084, stack(0x000000001b710000,0x000000001b810000)]
  0x000000001c08c800 JavaThread "Cache worker for file hash cache (C:\Users\Madesh Waran\Desktop\SubamCalendar\.gradle\4.10.1\fileHashes)" [_thread_blocked, id=6040, stack(0x000000001a440000,0x000000001a540000)]
  0x000000001c08b800 JavaThread "Stdin handler" [_thread_blocked, id=2860, stack(0x0000000019f40000,0x000000001a040000)]
  0x000000001c088800 JavaThread "Asynchronous log dispatcher for DefaultDaemonConnection: socket connection from /127.0.0.1:63743 to /127.0.0.1:54562" [_thread_blocked, id=4756, stack(0x0000000019e40000,0x0000000019f40000)]
  0x000000001c087000 JavaThread "Cancel handler" [_thread_blocked, id=5348, stack(0x0000000019c40000,0x0000000019d40000)]
  0x000000001c08a000 JavaThread "Handler for socket connection from /127.0.0.1:63743 to /127.0.0.1:54562" [_thread_in_native, id=2928, stack(0x0000000019940000,0x0000000019a40000)]
  0x0000000022c93000 JavaThread "Daemon worker Thread 21" [_thread_blocked, id=8980, stack(0x0000000019d40000,0x0000000019e40000)]
  0x0000000022c8c800 JavaThread "Daemon Thread 21" [_thread_blocked, id=6096, stack(0x0000000019840000,0x0000000019940000)]
  0x000000001b3c8800 JavaThread "Cache worker for Java compile cache (C:\Users\Madesh Waran\.gradle\caches\4.10.1\javaCompile)" [_thread_blocked, id=9172, stack(0x0000000022340000,0x0000000022440000)]
  0x000000001b3c4800 JavaThread "Cache worker for file content cache (C:\Users\Madesh Waran\.gradle\caches\4.10.1\fileContent)" [_thread_blocked, id=7448, stack(0x000000001f060000,0x000000001f160000)]
  0x000000001b3bd000 JavaThread "Memory manager" [_thread_blocked, id=4680, stack(0x000000001ecb0000,0x000000001edb0000)]
  0x000000001b3bb800 JavaThread "pool-1-thread-1" [_thread_blocked, id=2120, stack(0x000000001f230000,0x000000001f330000)]
  0x0000000016aa9800 JavaThread "Cache worker for Artifact transforms cache (C:\Users\Madesh Waran\.gradle\caches\transforms-1)" [_thread_blocked, id=3228, stack(0x000000001e3b0000,0x000000001e4b0000)]
  0x0000000016aa5000 JavaThread "Cache worker for journal cache (C:\Users\Madesh Waran\.gradle\caches\journal-1)" [_thread_blocked, id=2572, stack(0x000000001c9e0000,0x000000001cae0000)]
  0x00000000165b2800 JavaThread "File lock request listener" [_thread_in_native, id=2344, stack(0x000000001a340000,0x000000001a440000)]
  0x00000000177ec000 JavaThread "Cache worker for file hash cache (C:\Users\Madesh Waran\.gradle\caches\4.10.1\fileHashes)" [_thread_blocked, id=4136, stack(0x000000001a240000,0x000000001a340000)]
  0x0000000017a6a800 JavaThread "Daemon periodic checks" [_thread_blocked, id=7540, stack(0x0000000019740000,0x0000000019840000)]
  0x0000000017a7b000 JavaThread "Incoming local TCP Connector on port 63743" [_thread_in_native, id=2076, stack(0x0000000019550000,0x0000000019650000)]
  0x00000000162fc800 JavaThread "Service Thread" daemon [_thread_blocked, id=7352, stack(0x00000000166d0000,0x00000000167d0000)]
  0x0000000014993000 JavaThread "C1 CompilerThread2" daemon [_thread_blocked, id=4700, stack(0x00000000161d0000,0x00000000162d0000)]
  0x000000001498c800 JavaThread "C2 CompilerThread1" daemon [_thread_blocked, id=1004, stack(0x00000000160d0000,0x00000000161d0000)]
  0x0000000014989000 JavaThread "C2 CompilerThread0" daemon [_thread_blocked, id=7788, stack(0x0000000015fd0000,0x00000000160d0000)]
  0x0000000014997800 JavaThread "Attach Listener" daemon [_thread_blocked, id=8032, stack(0x0000000015ed0000,0x0000000015fd0000)]
  0x0000000014996000 JavaThread "Signal Dispatcher" daemon [_thread_blocked, id=4416, stack(0x0000000015dd0000,0x0000000015ed0000)]
  0x00000000022ba800 JavaThread "Finalizer" daemon [_thread_blocked, id=4520, stack(0x0000000015bf0000,0x0000000015cf0000)]
  0x0000000014979000 JavaThread "Reference Handler" daemon [_thread_blocked, id=4636, stack(0x0000000015af0000,0x0000000015bf0000)]
  0x0000000001ffd800 JavaThread "main" [_thread_blocked, id=7092, stack(0x00000000020c0000,0x00000000021c0000)]

Other Threads:
  0x0000000014957000 VMThread [stack: 0x00000000159f0000,0x0000000015af0000] [id=6220]
  0x00000000162fd000 WatcherThread [stack: 0x00000000167d0000,0x00000000168d0000] [id=8452]

VM state:synchronizing (normal execution)

VM Mutex/Monitor currently owned by a thread:  ([mutex/lock_event])
[0x0000000001ffc870] Threads_lock - owner thread: 0x0000000014957000
[0x0000000001ffc370] Heap_lock - owner thread: 0x000000001df7d800

heap address: 0x00000000c0000000, size: 1024 MB, Compressed Oops mode: 32-bit
Narrow klass base: 0x0000000000000000, Narrow klass shift: 3
Compressed class space size: 1073741824 Address: 0x0000000100000000

Heap:
 PSYoungGen      total 245760K, used 139096K [0x00000000eab00000, 0x0000000100000000, 0x0000000100000000)
  eden space 142336K, 97% used [0x00000000eab00000,0x00000000f32d62c8,0x00000000f3600000)
  from space 103424K, 0% used [0x00000000f3600000,0x00000000f3600000,0x00000000f9b00000)
  to   space 96768K, 0% used [0x00000000fa180000,0x00000000fa180000,0x0000000100000000)
 ParOldGen       total 608768K, used 232606K [0x00000000c0000000, 0x00000000e5280000, 0x00000000eab00000)
  object space 608768K, 38% used [0x00000000c0000000,0x00000000ce3278b8,0x00000000e5280000)
 Metaspace       used 127371K, capacity 136022K, committed 137776K, reserved 1169408K
  class space    used 15808K, capacity 17485K, committed 17968K, reserved 1048576K

Card table byte_map: [0x0000000011680000,0x0000000011890000] byte_map_base: 0x0000000011080000

Marking Bits: (ParMarkBitMap*) 0x000000006f8d9f30
 Begin Bits: [0x0000000011df0000, 0x0000000012df0000)
 End Bits:   [0x0000000012df0000, 0x0000000013df0000)

Polling page: 0x0000000001fe0000

CodeCache: size=245760Kb used=111162Kb max_used=112069Kb free=134597Kb
 bounds [0x00000000022c0000, 0x00000000090f0000, 0x00000000112c0000]
 total_blobs=28932 nmethods=28009 adapters=834
 compilation: enabled

Compilation events (10 events):
Event: 21432.134 Thread 0x0000000014993000 41171       1       com.android.tools.r8.code.AddDouble::getOpcode (4 bytes)
Event: 21432.134 Thread 0x0000000014993000 nmethod 41171 0x000000000412aed0 code [0x000000000412b020, 0x000000000412b130]
Event: 21432.147 Thread 0x0000000014993000 41172       3       com.android.tools.r8.graph.DexValue$DexValueChar::writeTo (37 bytes)
Event: 21432.147 Thread 0x0000000014989000 41173       4       com.android.tools.r8.graph.DexValue::access$100 (7 bytes)
Event: 21432.148 Thread 0x0000000014993000 nmethod 41172 0x0000000007407390 code [0x00000000074075c0, 0x00000000074080e8]
Event: 21432.150 Thread 0x000000001498c800 41174       4       com.android.tools.r8.graph.ParameterAnnotationsList::get (52 bytes)
Event: 21432.152 Thread 0x000000001498c800 nmethod 41174 0x00000000046f1910 code [0x00000000046f1a60, 0x00000000046f1b38]
Event: 21432.153 Thread 0x0000000014989000 nmethod 41173 0x0000000006cdbd50 code [0x0000000006cdbee0, 0x0000000006cdc3b8]
Event: 21432.171 Thread 0x0000000014993000 41175       3       com.android.tools.r8.code.DivLong::write (7 bytes)
Event: 21432.173 Thread 0x0000000014993000 nmethod 41175 0x000000000773eb90 code [0x000000000773ed40, 0x000000000773f338]

GC Heap History (10 events):
Event: 21429.599 GC heap before
{Heap before GC invocations=294 (full 14):
 PSYoungGen      total 263168K, used 218121K [0x00000000eab00000, 0x0000000100000000, 0x0000000100000000)
  eden space 177152K, 99% used [0x00000000eab00000,0x00000000f570e138,0x00000000f5800000)
  from space 86016K, 48% used [0x00000000f5800000,0x00000000f80f44a0,0x00000000fac00000)
  to   space 86016K, 0% used [0x00000000fac00000,0x00000000fac00000,0x0000000100000000)
 ParOldGen       total 547840K, used 409046K [0x00000000c0000000, 0x00000000e1700000, 0x00000000eab00000)
  object space 547840K, 74% used [0x00000000c0000000,0x00000000d8f75a18,0x00000000e1700000)
 Metaspace       used 127510K, capacity 136194K, committed 137776K, reserved 1169408K
  class space    used 15828K, capacity 17525K, committed 17968K, reserved 1048576K
Event: 21429.609 GC heap after
Heap after GC invocations=294 (full 14):
 PSYoungGen      total 260096K, used 1568K [0x00000000eab00000, 0x00000000ffd00000, 0x0000000100000000)
  eden space 177152K, 0% used [0x00000000eab00000,0x00000000eab00000,0x00000000f5800000)
  from space 82944K, 1% used [0x00000000fac00000,0x00000000fad88040,0x00000000ffd00000)
  to   space 84480K, 0% used [0x00000000f5800000,0x00000000f5800000,0x00000000faa80000)
 ParOldGen       total 547840K, used 413318K [0x00000000c0000000, 0x00000000e1700000, 0x00000000eab00000)
  object space 547840K, 75% used [0x00000000c0000000,0x00000000d93a1a28,0x00000000e1700000)
 Metaspace       used 127510K, capacity 136194K, committed 137776K, reserved 1169408K
  class space    used 15828K, capacity 17525K, committed 17968K, reserved 1048576K
}
Event: 21429.871 GC heap before
{Heap before GC invocations=295 (full 14):
 PSYoungGen      total 260096K, used 178720K [0x00000000eab00000, 0x00000000ffd00000, 0x0000000100000000)
  eden space 177152K, 100% used [0x00000000eab00000,0x00000000f5800000,0x00000000f5800000)
  from space 82944K, 1% used [0x00000000fac00000,0x00000000fad88040,0x00000000ffd00000)
  to   space 84480K, 0% used [0x00000000f5800000,0x00000000f5800000,0x00000000faa80000)
 ParOldGen       total 547840K, used 413318K [0x00000000c0000000, 0x00000000e1700000, 0x00000000eab00000)
  object space 547840K, 75% used [0x00000000c0000000,0x00000000d93a1a28,0x00000000e1700000)
 Metaspace       used 127513K, capacity 136194K, committed 137776K, reserved 1169408K
  class space    used 15828K, capacity 17525K, committed 17968K, reserved 1048576K
Event: 21429.923 GC heap after
Heap after GC invocations=295 (full 14):
 PSYoungGen      total 261632K, used 84465K [0x00000000eab00000, 0x0000000100000000, 0x0000000100000000)
  eden space 177152K, 0% used [0x00000000eab00000,0x00000000eab00000,0x00000000f5800000)
  from space 84480K, 99% used [0x00000000f5800000,0x00000000faa7c418,0x00000000faa80000)
  to   space 87552K, 0% used [0x00000000faa80000,0x00000000faa80000,0x0000000100000000)
 ParOldGen       total 547840K, used 415204K [0x00000000c0000000, 0x00000000e1700000, 0x00000000eab00000)
  object space 547840K, 75% used [0x00000000c0000000,0x00000000d9579210,0x00000000e1700000)
 Metaspace       used 127513K, capacity 136194K, committed 137776K, reserved 1169408K
  class space    used 15828K, capacity 17525K, committed 17968K, reserved 1048576K
}
Event: 21430.459 GC heap before
{Heap before GC invocations=296 (full 14):
 PSYoungGen      total 261632K, used 261617K [0x00000000eab00000, 0x0000000100000000, 0x0000000100000000)
  eden space 177152K, 100% used [0x00000000eab00000,0x00000000f5800000,0x00000000f5800000)
  from space 84480K, 99% used [0x00000000f5800000,0x00000000faa7c418,0x00000000faa80000)
  to   space 87552K, 0% used [0x00000000faa80000,0x00000000faa80000,0x0000000100000000)
 ParOldGen       total 547840K, used 415204K [0x00000000c0000000, 0x00000000e1700000, 0x00000000eab00000)
  object space 547840K, 75% used [0x00000000c0000000,0x00000000d9579210,0x00000000e1700000)
 Metaspace       used 127520K, capacity 136194K, committed 137776K, reserved 1169408K
  class space    used 15828K, capacity 17525K, committed 17968K, reserved 1048576K
Event: 21430.536 GC heap after
Heap after GC invocations=296 (full 14):
 PSYoungGen      total 229888K, used 54796K [0x00000000eab00000, 0x0000000100000000, 0x0000000100000000)
  eden space 142336K, 0% used [0x00000000eab00000,0x00000000eab00000,0x00000000f3600000)
  from space 87552K, 62% used [0x00000000faa80000,0x00000000fe0030e0,0x0000000100000000)
  to   space 103424K, 0% used [0x00000000f3600000,0x00000000f3600000,0x00000000f9b00000)
 ParOldGen       total 547840K, used 469952K [0x00000000c0000000, 0x00000000e1700000, 0x00000000eab00000)
  object space 547840K, 85% used [0x00000000c0000000,0x00000000dcaf0160,0x00000000e1700000)
 Metaspace       used 127520K, capacity 136194K, committed 137776K, reserved 1169408K
  class space    used 15828K, capacity 17525K, committed 17968K, reserved 1048576K
}
Event: 21431.105 GC heap before
{Heap before GC invocations=297 (full 14):
 PSYoungGen      total 229888K, used 197132K [0x00000000eab00000, 0x0000000100000000, 0x0000000100000000)
  eden space 142336K, 100% used [0x00000000eab00000,0x00000000f3600000,0x00000000f3600000)
  from space 87552K, 62% used [0x00000000faa80000,0x00000000fe0030e0,0x0000000100000000)
  to   space 103424K, 0% used [0x00000000f3600000,0x00000000f3600000,0x00000000f9b00000)
 ParOldGen       total 547840K, used 469952K [0x00000000c0000000, 0x00000000e1700000, 0x00000000eab00000)
  object space 547840K, 85% used [0x00000000c0000000,0x00000000dcaf0160,0x00000000e1700000)
 Metaspace       used 127520K, capacity 136194K, committed 137776K, reserved 1169408K
  class space    used 15828K, capacity 17525K, committed 17968K, reserved 1048576K
Event: 21431.159 GC heap after
Heap after GC invocations=297 (full 14):
 PSYoungGen      total 245760K, used 31217K [0x00000000eab00000, 0x0000000100000000, 0x0000000100000000)
  eden space 142336K, 0% used [0x00000000eab00000,0x00000000eab00000,0x00000000f3600000)
  from space 103424K, 30% used [0x00000000f3600000,0x00000000f547c478,0x00000000f9b00000)
  to   space 96768K, 0% used [0x00000000fa180000,0x00000000fa180000,0x0000000100000000)
 ParOldGen       total 547840K, used 522239K [0x00000000c0000000, 0x00000000e1700000, 0x00000000eab00000)
  object space 547840K, 95% used [0x00000000c0000000,0x00000000dfdffd00,0x00000000e1700000)
 Metaspace       used 127520K, capacity 136194K, committed 137776K, reserved 1169408K
  class space    used 15828K, capacity 17525K, committed 17968K, reserved 1048576K
}
Event: 21431.159 GC heap before
{Heap before GC invocations=298 (full 15):
 PSYoungGen      total 245760K, used 31217K [0x00000000eab00000, 0x0000000100000000, 0x0000000100000000)
  eden space 142336K, 0% used [0x00000000eab00000,0x00000000eab00000,0x00000000f3600000)
  from space 103424K, 30% used [0x00000000f3600000,0x00000000f547c478,0x00000000f9b00000)
  to   space 96768K, 0% used [0x00000000fa180000,0x00000000fa180000,0x0000000100000000)
 ParOldGen       total 547840K, used 522239K [0x00000000c0000000, 0x00000000e1700000, 0x00000000eab00000)
  object space 547840K, 95% used [0x00000000c0000000,0x00000000dfdffd00,0x00000000e1700000)
 Metaspace       used 127520K, capacity 136194K, committed 137776K, reserved 1169408K
  class space    used 15828K, capacity 17525K, committed 17968K, reserved 1048576K
Event: 21431.986 GC heap after
Heap after GC invocations=298 (full 15):
 PSYoungGen      total 245760K, used 0K [0x00000000eab00000, 0x0000000100000000, 0x0000000100000000)
  eden space 142336K, 0% used [0x00000000eab00000,0x00000000eab00000,0x00000000f3600000)
  from space 103424K, 0% used [0x00000000f3600000,0x00000000f3600000,0x00000000f9b00000)
  to   space 96768K, 0% used [0x00000000fa180000,0x00000000fa180000,0x0000000100000000)
 ParOldGen       total 608768K, used 232606K [0x00000000c0000000, 0x00000000e5280000, 0x00000000eab00000)
  object space 608768K, 38% used [0x00000000c0000000,0x00000000ce3278b8,0x00000000e5280000)
 Metaspace       used 127370K, capacity 136022K, committed 137776K, reserved 1169408K
  class space    used 15808K, capacity 17485K, committed 17968K, reserved 1048576K
}

Deoptimization events (10 events):
Event: 21419.352 Thread 0x000000001b3c0000 Uncommon trap: reason=unstable_if action=reinterpret pc=0x0000000008d6d740 method=com.android.ide.common.blame.SourceFile.print(Z)Ljava/lang/String; @ 50
Event: 21420.678 Thread 0x000000001db66800 Uncommon trap: reason=null_check action=make_not_entrant pc=0x000000000466b2e4 method=sun.nio.fs.WindowsPath.getPathForWin32Calls()Ljava/lang/String; @ 38
Event: 21423.665 Thread 0x0000000022c95800 Uncommon trap: reason=bimorphic action=maybe_recompile pc=0x0000000008f97008 method=com.android.tools.r8.com.google.common.collect.ImmutableCollection.toArray()[Ljava/lang/Object; @ 1
Event: 21423.679 Thread 0x0000000022c95800 Uncommon trap: reason=bimorphic action=maybe_recompile pc=0x0000000008f97008 method=com.android.tools.r8.com.google.common.collect.ImmutableCollection.toArray()[Ljava/lang/Object; @ 1
Event: 21425.460 Thread 0x0000000022c95800 Uncommon trap: reason=class_check action=maybe_recompile pc=0x00000000090935a0 method=com.google.common.util.concurrent.TrustedListenableFutureTask$TrustedFutureInterruptibleTask.<init>(Lcom/google/common/util/concurrent/TrustedListenableFutureTask;Ljava/
Event: 21425.461 Thread 0x0000000022c95800 Uncommon trap: reason=class_check action=maybe_recompile pc=0x00000000090935a0 method=com.google.common.util.concurrent.TrustedListenableFutureTask$TrustedFutureInterruptibleTask.<init>(Lcom/google/common/util/concurrent/TrustedListenableFutureTask;Ljava/
Event: 21425.462 Thread 0x0000000022c95800 Uncommon trap: reason=class_check action=maybe_recompile pc=0x00000000090935a0 method=com.google.common.util.concurrent.TrustedListenableFutureTask$TrustedFutureInterruptibleTask.<init>(Lcom/google/common/util/concurrent/TrustedListenableFutureTask;Ljava/
Event: 21425.463 Thread 0x0000000022c95800 Uncommon trap: reason=class_check action=maybe_recompile pc=0x00000000090935a0 method=com.google.common.util.concurrent.TrustedListenableFutureTask$TrustedFutureInterruptibleTask.<init>(Lcom/google/common/util/concurrent/TrustedListenableFutureTask;Ljava/
Event: 21425.480 Thread 0x0000000022c95800 Uncommon trap: reason=class_check action=maybe_recompile pc=0x00000000090b198c method=com.google.common.util.concurrent.TrustedListenableFutureTask$TrustedFutureInterruptibleTask.<init>(Lcom/google/common/util/concurrent/TrustedListenableFutureTask;Ljava/
Event: 21425.577 Thread 0x000000001db66800 Uncommon trap: reason=class_check action=maybe_recompile pc=0x0000000008fbd778 method=java.util.Collections$SetFromMap.clear()V @ 4

Classes redefined (0 events):
No events

Internal exceptions (10 events):
Event: 21430.090 Thread 0x000000001df7c000 Exception <a 'sun/nio/fs/WindowsException'> (0x00000000f062af68) thrown at [D:\src\AOSP-openjdk-cygwin\jdk8u\hotspot\src\share\vm\prims\jni.cpp, line 710]
Event: 21430.095 Thread 0x000000001df7b800 Exception <a 'sun/nio/fs/WindowsException'> (0x00000000f07d99e8) thrown at [D:\src\AOSP-openjdk-cygwin\jdk8u\hotspot\src\share\vm\prims\jni.cpp, line 710]
Event: 21430.103 Thread 0x000000001df80000 Exception <a 'sun/nio/fs/WindowsException'> (0x00000000f089b988) thrown at [D:\src\AOSP-openjdk-cygwin\jdk8u\hotspot\src\share\vm\prims\jni.cpp, line 710]
Event: 21430.110 Thread 0x000000001df80800 Exception <a 'sun/nio/fs/WindowsException'> (0x00000000f0c8dbe8) thrown at [D:\src\AOSP-openjdk-cygwin\jdk8u\hotspot\src\share\vm\prims\jni.cpp, line 710]
Event: 21430.151 Thread 0x000000001df7b800 Exception <a 'sun/nio/fs/WindowsException'> (0x00000000f1190110) thrown at [D:\src\AOSP-openjdk-cygwin\jdk8u\hotspot\src\share\vm\prims\jni.cpp, line 710]
Event: 21430.162 Thread 0x000000001df80800 Exception <a 'sun/nio/fs/WindowsException'> (0x00000000f1364060) thrown at [D:\src\AOSP-openjdk-cygwin\jdk8u\hotspot\src\share\vm\prims\jni.cpp, line 710]
Event: 21430.190 Thread 0x000000001df7c000 Exception <a 'sun/nio/fs/WindowsException'> (0x00000000f151a080) thrown at [D:\src\AOSP-openjdk-cygwin\jdk8u\hotspot\src\share\vm\prims\jni.cpp, line 710]
Event: 21430.194 Thread 0x000000001df7b800 Exception <a 'sun/nio/fs/WindowsException'> (0x00000000f1ab4d80) thrown at [D:\src\AOSP-openjdk-cygwin\jdk8u\hotspot\src\share\vm\prims\jni.cpp, line 710]
Event: 21430.198 Thread 0x000000001df7d800 Exception <a 'sun/nio/fs/WindowsException'> (0x00000000f1f177c0) thrown at [D:\src\AOSP-openjdk-cygwin\jdk8u\hotspot\src\share\vm\prims\jni.cpp, line 710]
Event: 21430.358 Thread 0x000000001df7c000 Exception <a 'sun/nio/fs/WindowsException'> (0x00000000f467e8f0) thrown at [D:\src\AOSP-openjdk-cygwin\jdk8u\hotspot\src\share\vm\prims\jni.cpp, line 710]

Events (10 events):
Event: 21432.140 Thread 0x0000000014993000 flushing nmethod 0x0000000008e04950
Event: 21432.141 Thread 0x0000000014993000 flushing nmethod 0x0000000008e46e10
Event: 21432.141 Thread 0x0000000014993000 flushing nmethod 0x0000000008e47310
Event: 21432.141 Thread 0x0000000014993000 flushing nmethod 0x0000000008e54a90
Event: 21432.141 Thread 0x0000000014993000 flushing nmethod 0x0000000008e5b7d0
Event: 21432.141 Thread 0x0000000014993000 flushing nmethod 0x0000000008e6d1d0
Event: 21432.141 Thread 0x0000000014993000 flushing nmethod 0x0000000008e6f310
Event: 21432.141 Thread 0x0000000014993000 flushing nmethod 0x0000000008e7ac10
Event: 21432.141 Thread 0x0000000014993000 flushing nmethod 0x0000000008e7ba90
Event: 21432.141 Thread 0x0000000014993000 flushing nmethod 0x0000000008e80e90


Dynamic libraries:
0x00007ff7c8d40000 - 0x00007ff7c8d71000 	C:\Program Files\Android\Android Studio\jre\bin\java.exe
0x00007ff964750000 - 0x00007ff9648fd000 	C:\Windows\SYSTEM32\ntdll.dll
0x00007ff962c60000 - 0x00007ff962d9f000 	C:\Windows\system32\KERNEL32.DLL
0x00007ff956bb0000 - 0x00007ff956bc5000 	C:\Program Files\AVAST Software\Avast\aswhook.dll
0x00007ff961c10000 - 0x00007ff961d26000 	C:\Windows\system32\KERNELBASE.dll
0x00007ff962390000 - 0x00007ff96243a000 	C:\Windows\system32\ADVAPI32.dll
0x00007ff9630a0000 - 0x00007ff963217000 	C:\Windows\system32\USER32.dll
0x00007ff95f5a0000 - 0x00007ff95f81b000 	C:\Windows\WinSxS\amd64_microsoft.windows.common-controls_6595b64144ccf1df_6.0.9600.19394_none_62486577ecb635cf\COMCTL32.dll
0x00007ff962950000 - 0x00007ff9629fa000 	C:\Windows\system32\msvcrt.dll
0x00007ff962a00000 - 0x00007ff962a59000 	C:\Windows\SYSTEM32\sechost.dll
0x00007ff9627f0000 - 0x00007ff962930000 	C:\Windows\system32\RPCRT4.dll
0x00007ff962240000 - 0x00007ff96238c000 	C:\Windows\system32\GDI32.dll
0x00007ff9619b0000 - 0x00007ff9619de000 	C:\Windows\system32\SspiCli.dll
0x00007ff961df0000 - 0x00007ff961e26000 	C:\Windows\system32\IMM32.DLL
0x00007ff961ea0000 - 0x00007ff961ff2000 	C:\Windows\system32\MSCTF.dll
0x000000006ef50000 - 0x000000006f022000 	C:\Program Files\Android\Android Studio\jre\jre\bin\msvcr100.dll
0x000000006f110000 - 0x000000006f956000 	C:\Program Files\Android\Android Studio\jre\jre\bin\server\jvm.dll
0x00007ff95bc20000 - 0x00007ff95bc29000 	C:\Windows\SYSTEM32\WSOCK32.dll
0x00007ff95d840000 - 0x00007ff95d862000 	C:\Windows\SYSTEM32\WINMM.dll
0x00007ff95b160000 - 0x00007ff95b16a000 	C:\Windows\SYSTEM32\VERSION.dll
0x00007ff962060000 - 0x00007ff962067000 	C:\Windows\system32\PSAPI.DLL
0x00007ff962da0000 - 0x00007ff962dfa000 	C:\Windows\system32\WS2_32.dll
0x00007ff95d2d0000 - 0x00007ff95d2fa000 	C:\Windows\SYSTEM32\WINMMBASE.dll
0x00007ff962c50000 - 0x00007ff962c59000 	C:\Windows\system32\NSI.dll
0x00007ff961bc0000 - 0x00007ff961c0f000 	C:\Windows\SYSTEM32\cfgmgr32.dll
0x00007ff960690000 - 0x00007ff9606b8000 	C:\Windows\SYSTEM32\DEVOBJ.dll
0x00007ff960570000 - 0x00007ff96057f000 	C:\Program Files\Android\Android Studio\jre\jre\bin\verify.dll
0x00007ff95dc20000 - 0x00007ff95dc49000 	C:\Program Files\Android\Android Studio\jre\jre\bin\java.dll
0x00007ff9602d0000 - 0x00007ff9602e6000 	C:\Program Files\Android\Android Studio\jre\jre\bin\zip.dll
0x00007ff963220000 - 0x00007ff96474b000 	C:\Windows\system32\SHELL32.dll
0x00007ff9625e0000 - 0x00007ff9627f0000 	C:\Windows\SYSTEM32\combase.dll
0x00007ff962b20000 - 0x00007ff962b74000 	C:\Windows\system32\SHLWAPI.dll
0x00007ff95fe10000 - 0x00007ff95fec2000 	C:\Windows\SYSTEM32\SHCORE.dll
0x00007ff961880000 - 0x00007ff961895000 	C:\Windows\SYSTEM32\profapi.dll
0x00007ff95ed80000 - 0x00007ff95ed9a000 	C:\Program Files\Android\Android Studio\jre\jre\bin\net.dll
0x00007ff9567b0000 - 0x00007ff95693a000 	C:\Windows\SYSTEM32\urlmon.dll
0x00007ff962440000 - 0x00007ff9625d4000 	C:\Windows\system32\ole32.dll
0x00007ff95a4c0000 - 0x00007ff95a78c000 	C:\Windows\SYSTEM32\iertutil.dll
0x00007ff95acb0000 - 0x00007ff95b15c000 	C:\Windows\SYSTEM32\WININET.dll
0x00007ff960e70000 - 0x00007ff960e91000 	C:\Windows\SYSTEM32\USERENV.dll
0x00007ff9610a0000 - 0x00007ff9610f9000 	C:\Windows\system32\mswsock.dll
0x00007ff95e240000 - 0x00007ff95e253000 	C:\Program Files\Android\Android Studio\jre\jre\bin\nio.dll
0x00007ff95e1d0000 - 0x00007ff95e1ee000 	C:\Users\Madesh Waran\.gradle\native\25\windows-amd64\native-platform.dll
0x00007ff960560000 - 0x00007ff96056d000 	C:\Program Files\Android\Android Studio\jre\jre\bin\management.dll
0x00007ff961210000 - 0x00007ff961230000 	C:\Windows\SYSTEM32\CRYPTSP.dll
0x00007ff960bc0000 - 0x00007ff960bf6000 	C:\Windows\system32\rsaenh.dll
0x00007ff961360000 - 0x00007ff961386000 	C:\Windows\SYSTEM32\bcrypt.dll
0x00007ff961680000 - 0x00007ff9616e3000 	C:\Windows\system32\bcryptprimitives.dll
0x00007ff9616f0000 - 0x00007ff9616fb000 	C:\Windows\SYSTEM32\CRYPTBASE.dll
0x00007ff95bfd0000 - 0x00007ff95bffa000 	C:\Windows\SYSTEM32\IPHLPAPI.DLL
0x00007ff95bfb0000 - 0x00007ff95bfba000 	C:\Windows\SYSTEM32\WINNSI.DLL
0x00007ff95bd80000 - 0x00007ff95bd96000 	C:\Windows\SYSTEM32\dhcpcsvc6.DLL
0x00007ff95bd60000 - 0x00007ff95bd7a000 	C:\Windows\SYSTEM32\dhcpcsvc.DLL
0x00007ff95daf0000 - 0x00007ff95db22000 	C:\Windows\SYSTEM32\ntmarta.dll
0x00007ff9538a0000 - 0x00007ff9538c4000 	C:\Program Files\Android\Android Studio\jre\jre\bin\sunec.dll
0x00007ff960ea0000 - 0x00007ff960f44000 	C:\Windows\SYSTEM32\DNSAPI.dll
0x00007ff9566a0000 - 0x00007ff9566aa000 	C:\Windows\System32\rasadhlp.dll
0x00007ff95bdf0000 - 0x00007ff95be5b000 	C:\Windows\System32\fwpuclnt.dll
0x00007ff960510000 - 0x00007ff96051b000 	C:\Program Files\Android\Android Studio\jre\jre\bin\sunmscapi.dll
0x00007ff9619e0000 - 0x00007ff961bbf000 	C:\Windows\system32\CRYPT32.dll
0x00007ff961930000 - 0x00007ff961941000 	C:\Windows\system32\MSASN1.dll
0x00007ff95ebf0000 - 0x00007ff95ed79000 	C:\Windows\SYSTEM32\dbghelp.dll

VM Arguments:
jvm_args: -XX:+HeapDumpOnOutOfMemoryError -Xmx1024m -Dfile.encoding=windows-1252 -Duser.country=US -Duser.language=en -Duser.variant 
java_command: org.gradle.launcher.daemon.bootstrap.GradleDaemon 4.10.1
java_class_path (initial): C:\Users\Madesh Waran\.gradle\wrapper\dists\gradle-4.10.1-all\455itskqi2qtf0v2sja68alqd\gradle-4.10.1\lib\gradle-launcher-4.10.1.jar
Launcher Type: SUN_STANDARD

Environment Variables:
PATH=C:\Windows\system32;C:\Windows;C:\Windows\System32\Wbem;C:\Windows\System32\WindowsPowerShell\v1.0\;C:\Program Files\Java\jdk-13.0.2\bin;C:\Program Files\Git\cmd;
USERNAME=Madesh Waran
OS=Windows_NT
PROCESSOR_IDENTIFIER=Intel64 Family 6 Model 58 Stepping 9, GenuineIntel



---------------  S Y S T E M  ---------------

OS: Windows 8.1 , 64 bit Build 9600 (6.3.9600.19538)

CPU:total 4 (initial active 4) (4 cores per cpu, 1 threads per core) family 6 model 58 stepping 9, cmov, cx8, fxsr, mmx, sse, sse2, sse3, ssse3, sse4.1, sse4.2, popcnt, avx, aes, clmul, erms, tsc, tscinvbit, tscinv

Memory: 4k page, physical 8282160k(1718304k free), swap 14973532k(5091864k free)

vm_info: OpenJDK 64-Bit Server VM (25.212-b04) for windows-amd64 JRE (1.8.0_212-release-1586-b04), built by "builder" with MS VC++ 10.0 (VS2010)

time: Thu Mar 19 18:25:08 2020
timezone: India Standard Time
elapsed time: 21432 seconds (0d 5h 57m 12s)

