#
# A fatal error has been detected by the Java Runtime Environment:
#
#  EXCEPTION_ACCESS_VIOLATION (0xc0000005) at pc=0x0000000000000000, pid=4264, tid=0x0000000000000b74
#
# JRE version: OpenJDK Runtime Environment (8.0_152-b01) (build 1.8.0_152-release-915-b01)
# Java VM: OpenJDK 64-Bit Server VM (25.152-b01 mixed mode windows-amd64 compressed oops)
# Problematic frame:
# C  0x0000000000000000
#
# Failed to write core dump. Minidumps are not enabled by default on client versions of Windows
#
# If you would like to submit a bug report, please visit:
#   http://bugreport.java.com/bugreport/crash.jsp
#

---------------  T H R E A D  ---------------

Current thread (0x0000000002828800):  GCTaskThread [stack: 0x0000000012140000,0x0000000012240000] [id=2932]

siginfo: ExceptionCode=0xc0000005, ExceptionInformation=0x0000000000000008 0x0000000000000000

Registers:
RAX=0x0000000100cc80a0, RBX=0x00000000feb52dd0, RCX=0x0000000100cc9b90, RDX=0x0000000014fa31c0
RSP=0x000000001223f728, RBP=0x00000000001992d6, RSI=0x0000000014fa31c0, RDI=0x00000000cb09acb8
R8 =0x00000000cb09acb8, R9 =0x0000000100cc9b90, R10=0x0000000000000000, R11=0x00000000cb09acb8
R12=0x0000000011d17c01, R13=0x0000000000000015, R14=0x0000000000000001, R15=0x000000000281d720
RIP=0x0000000000000000, EFLAGS=0x0000000000010203

Top of Stack: (sp=0x000000001223f728)
0x000000001223f728:   00000000668ac351 00000000feb52dd0
0x000000001223f738:   0000000000000004 0000000014fa31c0
0x000000001223f748:   000000000000000a 00000000f9b60000
0x000000001223f758:   00000000668ac81b 00000000cb090cb8
0x000000001223f768:   0000000000000400 0000000000000000
0x000000001223f778:   0000000014fa3100 0000000011d17c01
0x000000001223f788:   00000000668ac440 00000000cb092af4
0x000000001223f798:   0000000011d17c81 0000000014fa31c0
0x000000001223f7a8:   00000000c8f85db8 00000000cb092af4
0x000000001223f7b8:   00000000668acfe5 00000000fe9d6740
0x000000001223f7c8:   0000000011d17c81 0000000014fa31c0
0x000000001223f7d8:   000000001223f930 0000000014fa31c0
0x000000001223f7e8:   0000000014fa31c0 00000000c1a4c46c
0x000000001223f7f8:   00000000665cf247 0000000014fa31c0
0x000000001223f808:   00000000665cd403 00000000c590ec09
0x000000001223f818:   00000000c590ec09 00000000c8f85b90 

Instructions: (pc=0x0000000000000000)
0xffffffffffffffe0:   


Register to memory mapping:

RAX=0x0000000100cc80a0 is pointing into metadata
RBX=0x00000000feb52dd0 is an oop

[error occurred during error reporting (printing register info), id 0xc0000005]

Stack: [0x0000000012140000,0x0000000012240000],  sp=0x000000001223f728,  free space=1021k
Native frames: (J=compiled Java code, j=interpreted, Vv=VM code, C=native code)


---------------  P R O C E S S  ---------------

Java Threads: ( => current thread )
  0x0000000019835800 JavaThread "ForkJoinPool.commonPool-worker-1" daemon [_thread_blocked, id=2956, stack(0x0000000027ab0000,0x0000000027bb0000)]
  0x000000001d107800 JavaThread "ForkJoinPool.commonPool-worker-0" daemon [_thread_blocked, id=4740, stack(0x00000000279b0000,0x0000000027ab0000)]
  0x0000000019767000 JavaThread "ForkJoinPool.commonPool-worker-3" daemon [_thread_blocked, id=5104, stack(0x00000000278b0000,0x00000000279b0000)]
  0x0000000019768800 JavaThread "ForkJoinPool.commonPool-worker-2" daemon [_thread_blocked, id=5308, stack(0x00000000277b0000,0x00000000278b0000)]
  0x00000000187c5800 JavaThread "Worker Daemon Execution Thread 4" [_thread_blocked, id=4424, stack(0x00000000276b0000,0x00000000277b0000)]
  0x00000000187c9000 JavaThread "Worker Daemon Execution Thread 3" [_thread_blocked, id=2752, stack(0x00000000273b0000,0x00000000274b0000)]
  0x000000001b2ca800 JavaThread "Worker Daemon Execution Thread 2" [_thread_blocked, id=5920, stack(0x0000000026ab0000,0x0000000026bb0000)]
  0x000000001b2cc000 JavaThread "Worker Daemon Execution" [_thread_blocked, id=68, stack(0x0000000019a50000,0x0000000019b50000)]
  0x000000001976e000 JavaThread "Cache worker for Java compile cache (E:\SubamTamilCalendar(version1.4)\Tamil Calendar11\.gradle\4.1\javaCompile)" [_thread_blocked, id=700, stack(0x00000000263b0000,0x00000000264b0000)]
  0x000000001976c800 JavaThread "Task worker for ':' Thread 3" [_thread_blocked, id=4576, stack(0x0000000025bb0000,0x0000000025cb0000)]
  0x000000001d9de800 JavaThread "Task worker for ':' Thread 2" [_thread_blocked, id=2872, stack(0x0000000024ac0000,0x0000000024bc0000)]
  0x000000001d9da000 JavaThread "Task worker for ':'" [_thread_blocked, id=5976, stack(0x00000000245c0000,0x00000000246c0000)]
  0x000000001d9de000 JavaThread "Cache worker for task history cache (E:\SubamTamilCalendar(version1.4)\Tamil Calendar11\.gradle\4.1\taskHistory)" [_thread_blocked, id=3644, stack(0x00000000230f0000,0x00000000231f0000)]
  0x000000001d9d9800 JavaThread "Cache worker for file content cache (E:\SubamTamilCalendar(version1.4)\Tamil Calendar11\.gradle\4.1\fileContent)" [_thread_blocked, id=6128, stack(0x000000001eb90000,0x000000001ec90000)]
  0x000000001d105000 JavaThread "build operations Thread 4" [_thread_blocked, id=6000, stack(0x000000001e190000,0x000000001e290000)]
  0x000000001d103800 JavaThread "build operations Thread 3" [_thread_blocked, id=4332, stack(0x000000001ca00000,0x000000001cb00000)]
  0x000000001d104800 JavaThread "build operations Thread 2" [_thread_blocked, id=5844, stack(0x000000001c020000,0x000000001c120000)]
  0x000000001d106800 JavaThread "build operations" [_thread_blocked, id=6104, stack(0x000000001bf20000,0x000000001c020000)]
  0x000000001d103000 JavaThread "Cache worker for Artifact transforms cache (C:\Users\softcraft\.gradle\caches\transforms-1)" [_thread_blocked, id=5088, stack(0x000000001a850000,0x000000001a950000)]
  0x000000001d108000 JavaThread "Cache worker for file hash cache (E:\SubamTamilCalendar(version1.4)\Tamil Calendar11\.gradle\4.1\fileHashes)" [_thread_blocked, id=5912, stack(0x000000001a550000,0x000000001a650000)]
  0x000000001d101800 JavaThread "Asynchronous log dispatcher for DefaultDaemonConnection: socket connection from /127.0.0.1:49307 to /127.0.0.1:54757" [_thread_blocked, id=3132, stack(0x0000000000710000,0x0000000000810000)]
  0x000000001d96d000 JavaThread "Daemon worker Thread 23" [_thread_blocked, id=1476, stack(0x0000000000610000,0x0000000000710000)]
  0x000000001d96a800 JavaThread "Cancel handler" [_thread_blocked, id=5900, stack(0x0000000000510000,0x0000000000610000)]
  0x000000001d96f000 JavaThread "Handler for socket connection from /127.0.0.1:49307 to /127.0.0.1:54757" [_thread_in_native, id=5324, stack(0x0000000000410000,0x0000000000510000)]
  0x000000001d96c000 JavaThread "Daemon Thread 23" [_thread_blocked, id=3716, stack(0x0000000000310000,0x0000000000410000)]
  0x00000000187c7800 JavaThread "Memory manager" [_thread_blocked, id=1288, stack(0x000000001e890000,0x000000001e990000)]
  0x00000000182a4000 JavaThread "File lock request listener" [_thread_in_native, id=1604, stack(0x000000001aa50000,0x000000001ab50000)]
  0x000000001865b000 JavaThread "Cache worker for file hash cache (C:\Users\softcraft\.gradle\caches\4.1\fileHashes)" [_thread_blocked, id=4800, stack(0x000000001a950000,0x000000001aa50000)]
  0x0000000017f2c000 JavaThread "Daemon periodic checks" [_thread_blocked, id=4508, stack(0x000000001a050000,0x000000001a150000)]
  0x0000000017bd9000 JavaThread "Incoming local TCP Connector on port 49307" [_thread_in_native, id=2760, stack(0x0000000019b50000,0x0000000019c50000)]
  0x0000000016ad8800 JavaThread "Service Thread" daemon [_thread_blocked, id=4308, stack(0x0000000016eb0000,0x0000000016fb0000)]
  0x0000000014fe2000 JavaThread "C1 CompilerThread2" daemon [_thread_blocked, id=2192, stack(0x00000000169b0000,0x0000000016ab0000)]
  0x0000000014fde800 JavaThread "C2 CompilerThread1" daemon [_thread_blocked, id=3212, stack(0x00000000168b0000,0x00000000169b0000)]
  0x0000000014fd8000 JavaThread "C2 CompilerThread0" daemon [_thread_blocked, id=1580, stack(0x00000000167b0000,0x00000000168b0000)]
  0x0000000014fe6000 JavaThread "Attach Listener" daemon [_thread_blocked, id=4372, stack(0x00000000166b0000,0x00000000167b0000)]
  0x0000000014fe4800 JavaThread "Signal Dispatcher" daemon [_thread_blocked, id=4812, stack(0x00000000165b0000,0x00000000166b0000)]
  0x000000000290c000 JavaThread "Finalizer" daemon [_thread_blocked, id=3724, stack(0x0000000016250000,0x0000000016350000)]
  0x0000000002901000 JavaThread "Reference Handler" daemon [_thread_blocked, id=4144, stack(0x0000000016150000,0x0000000016250000)]
  0x000000000252d800 JavaThread "main" [_thread_blocked, id=4280, stack(0x0000000002400000,0x0000000002500000)]

Other Threads:
  0x0000000014fa6800 VMThread [stack: 0x0000000016050000,0x0000000016150000] [id=1944]
  0x000000001503d800 WatcherThread [stack: 0x0000000016fb0000,0x00000000170b0000] [id=3524]

=>0x0000000002828800 (exited) GCTaskThread [stack: 0x0000000012140000,0x0000000012240000] [id=2932]

VM state:at safepoint (normal execution)

VM Mutex/Monitor currently owned by a thread:  ([mutex/lock_event])
[0x000000000252d180] Threads_lock - owner thread: 0x0000000014fa6800
[0x000000000252cb80] Heap_lock - owner thread: 0x0000000019768800

Heap:
 PSYoungGen      total 286208K, used 276592K [0x00000000eab00000, 0x0000000100000000, 0x0000000100000000)
  eden space 245760K, 100% used [0x00000000eab00000,0x00000000f9b00000,0x00000000f9b00000)
  from space 40448K, 76% used [0x00000000fd880000,0x00000000ff69c2d8,0x0000000100000000)
  to   space 51712K, 14% used [0x00000000f9b00000,0x00000000fa262928,0x00000000fcd80000)
 ParOldGen       total 253952K, used 209663K [0x00000000c0000000, 0x00000000cf800000, 0x00000000eab00000)
  object space 253952K, 82% used [0x00000000c0000000,0x00000000cccbfe70,0x00000000cf800000)
 Metaspace       used 128157K, capacity 140664K, committed 140800K, reserved 1171456K
  class space    used 15979K, capacity 18892K, committed 18944K, reserved 1048576K

Card table byte_map: [0x0000000011cd0000,0x0000000011ee0000] byte_map_base: 0x00000000116d0000

Marking Bits: (ParMarkBitMap*) 0x0000000066ca3950
 Begin Bits: [0x0000000012440000, 0x0000000013440000)
 End Bits:   [0x0000000013440000, 0x0000000014440000)

Polling page: 0x0000000000b00000

CodeCache: size=245760Kb used=112450Kb max_used=112450Kb free=133309Kb
 bounds [0x0000000002910000, 0x0000000009790000, 0x0000000011910000]
 total_blobs=30019 nmethods=29114 adapters=815
 compilation: enabled

Compilation events (10 events):
Event: 20762.756 Thread 0x0000000014fe2000 nmethod 40896 0x0000000009781c10 code [0x0000000009781de0, 0x0000000009782378]
Event: 20762.758 Thread 0x0000000014fe2000 40899 % !   3       com.android.dx.dex.file.MixedItemSection::placeItems @ 72 (185 bytes)
Event: 20762.760 Thread 0x0000000014fe2000 nmethod 40899% 0x0000000009782890 code [0x0000000009782c40, 0x0000000009784e08]
Event: 20762.760 Thread 0x0000000014fe2000 40898       2       com.android.dx.dex.code.form.Form35c::compatibleRegs (69 bytes)
Event: 20762.761 Thread 0x0000000014fe2000 nmethod 40898 0x0000000009786190 code [0x0000000009786340, 0x00000000097866d8]
Event: 20762.761 Thread 0x0000000014fe2000 40901       2       com.android.dx.dex.file.DebugInfoEncoder::emitUnsignedLeb128 (41 bytes)
Event: 20762.761 Thread 0x0000000014fe2000 nmethod 40901 0x0000000009786a90 code [0x0000000009786c40, 0x00000000097870b8]
Event: 20762.761 Thread 0x0000000014fe2000 40902       2       com.android.dx.dex.code.form.Form22b::writeTo (54 bytes)
Event: 20762.762 Thread 0x0000000014fe2000 nmethod 40902 0x0000000009787390 code [0x0000000009787560, 0x0000000009787948]
Event: 20762.762 Thread 0x0000000014fe2000 40900       2       com.android.dx.dex.file.DebugInfoEncoder::emitLocalStart (108 bytes)

GC Heap History (10 events):
Event: 20450.844 GC heap after
Heap after GC invocations=219 (full 11):
 PSYoungGen      total 308736K, used 17184K [0x00000000eab00000, 0x00000000ffc00000, 0x0000000100000000)
  eden space 273408K, 0% used [0x00000000eab00000,0x00000000eab00000,0x00000000fb600000)
  from space 35328K, 48% used [0x00000000fd980000,0x00000000fea48000,0x00000000ffc00000)
  to   space 35840K, 0% used [0x00000000fb600000,0x00000000fb600000,0x00000000fd900000)
 ParOldGen       total 253952K, used 135205K [0x00000000c0000000, 0x00000000cf800000, 0x00000000eab00000)
  object space 253952K, 53% used [0x00000000c0000000,0x00000000c84095b0,0x00000000cf800000)
 Metaspace       used 120148K, capacity 131460K, committed 131712K, reserved 1163264K
  class space    used 15049K, capacity 17726K, committed 17792K, reserved 1048576K
}
Event: 20669.277 GC heap before
{Heap before GC invocations=220 (full 11):
 PSYoungGen      total 308736K, used 290592K [0x00000000eab00000, 0x00000000ffc00000, 0x0000000100000000)
  eden space 273408K, 100% used [0x00000000eab00000,0x00000000fb600000,0x00000000fb600000)
  from space 35328K, 48% used [0x00000000fd980000,0x00000000fea48000,0x00000000ffc00000)
  to   space 35840K, 0% used [0x00000000fb600000,0x00000000fb600000,0x00000000fd900000)
 ParOldGen       total 253952K, used 135205K [0x00000000c0000000, 0x00000000cf800000, 0x00000000eab00000)
  object space 253952K, 53% used [0x00000000c0000000,0x00000000c84095b0,0x00000000cf800000)
 Metaspace       used 120707K, capacity 132572K, committed 132736K, reserved 1163264K
  class space    used 15137K, capacity 17928K, committed 18048K, reserved 1048576K
Event: 20670.411 GC heap after
Heap after GC invocations=220 (full 11):
 PSYoungGen      total 309248K, used 8170K [0x00000000eab00000, 0x00000000ffe80000, 0x0000000100000000)
  eden space 273408K, 0% used [0x00000000eab00000,0x00000000eab00000,0x00000000fb600000)
  from space 35840K, 22% used [0x00000000fb600000,0x00000000fbdfaaf0,0x00000000fd900000)
  to   space 34816K, 0% used [0x00000000fdc80000,0x00000000fdc80000,0x00000000ffe80000)
 ParOldGen       total 253952K, used 146849K [0x00000000c0000000, 0x00000000cf800000, 0x00000000eab00000)
  object space 253952K, 57% used [0x00000000c0000000,0x00000000c8f68650,0x00000000cf800000)
 Metaspace       used 120707K, capacity 132572K, committed 132736K, reserved 1163264K
  class space    used 15137K, capacity 17928K, committed 18048K, reserved 1048576K
}
Event: 20688.181 GC heap before
{Heap before GC invocations=221 (full 11):
 PSYoungGen      total 309248K, used 281578K [0x00000000eab00000, 0x00000000ffe80000, 0x0000000100000000)
  eden space 273408K, 100% used [0x00000000eab00000,0x00000000fb600000,0x00000000fb600000)
  from space 35840K, 22% used [0x00000000fb600000,0x00000000fbdfaaf0,0x00000000fd900000)
  to   space 34816K, 0% used [0x00000000fdc80000,0x00000000fdc80000,0x00000000ffe80000)
 ParOldGen       total 253952K, used 146849K [0x00000000c0000000, 0x00000000cf800000, 0x00000000eab00000)
  object space 253952K, 57% used [0x00000000c0000000,0x00000000c8f68650,0x00000000cf800000)
 Metaspace       used 123022K, capacity 135348K, committed 135680K, reserved 1167360K
  class space    used 15473K, capacity 18344K, committed 18432K, reserved 1048576K
Event: 20689.127 GC heap after
Heap after GC invocations=221 (full 11):
 PSYoungGen      total 303104K, used 33888K [0x00000000eab00000, 0x0000000100000000, 0x0000000100000000)
  eden space 268288K, 0% used [0x00000000eab00000,0x00000000eab00000,0x00000000fb100000)
  from space 34816K, 97% used [0x00000000fdc80000,0x00000000ffd98048,0x00000000ffe80000)
  to   space 40448K, 0% used [0x00000000fb100000,0x00000000fb100000,0x00000000fd880000)
 ParOldGen       total 253952K, used 146849K [0x00000000c0000000, 0x00000000cf800000, 0x00000000eab00000)
  object space 253952K, 57% used [0x00000000c0000000,0x00000000c8f68650,0x00000000cf800000)
 Metaspace       used 123022K, capacity 135348K, committed 135680K, reserved 1167360K
  class space    used 15473K, capacity 18344K, committed 18432K, reserved 1048576K
}
Event: 20742.422 GC heap before
{Heap before GC invocations=222 (full 11):
 PSYoungGen      total 303104K, used 302176K [0x00000000eab00000, 0x0000000100000000, 0x0000000100000000)
  eden space 268288K, 100% used [0x00000000eab00000,0x00000000fb100000,0x00000000fb100000)
  from space 34816K, 97% used [0x00000000fdc80000,0x00000000ffd98048,0x00000000ffe80000)
  to   space 40448K, 0% used [0x00000000fb100000,0x00000000fb100000,0x00000000fd880000)
 ParOldGen       total 253952K, used 146849K [0x00000000c0000000, 0x00000000cf800000, 0x00000000eab00000)
  object space 253952K, 57% used [0x00000000c0000000,0x00000000c8f68650,0x00000000cf800000)
 Metaspace       used 124269K, capacity 136608K, committed 136832K, reserved 1167360K
  class space    used 15617K, capacity 18494K, committed 18560K, reserved 1048576K
Event: 20746.845 GC heap after
Heap after GC invocations=222 (full 11):
 PSYoungGen      total 308736K, used 40416K [0x00000000eab00000, 0x0000000100000000, 0x0000000100000000)
  eden space 268288K, 0% used [0x00000000eab00000,0x00000000eab00000,0x00000000fb100000)
  from space 40448K, 99% used [0x00000000fb100000,0x00000000fd878098,0x00000000fd880000)
  to   space 40448K, 0% used [0x00000000fd880000,0x00000000fd880000,0x0000000100000000)
 ParOldGen       total 253952K, used 154715K [0x00000000c0000000, 0x00000000cf800000, 0x00000000eab00000)
  object space 253952K, 60% used [0x00000000c0000000,0x00000000c9716d98,0x00000000cf800000)
 Metaspace       used 124269K, capacity 136608K, committed 136832K, reserved 1167360K
  class space    used 15617K, capacity 18494K, committed 18560K, reserved 1048576K
}
Event: 20760.130 GC heap before
{Heap before GC invocations=223 (full 11):
 PSYoungGen      total 308736K, used 308704K [0x00000000eab00000, 0x0000000100000000, 0x0000000100000000)
  eden space 268288K, 100% used [0x00000000eab00000,0x00000000fb100000,0x00000000fb100000)
  from space 40448K, 99% used [0x00000000fb100000,0x00000000fd878098,0x00000000fd880000)
  to   space 40448K, 0% used [0x00000000fd880000,0x00000000fd880000,0x0000000100000000)
 ParOldGen       total 253952K, used 154715K [0x00000000c0000000, 0x00000000cf800000, 0x00000000eab00000)
  object space 253952K, 60% used [0x00000000c0000000,0x00000000c9716d98,0x00000000cf800000)
 Metaspace       used 127727K, capacity 140220K, committed 140544K, reserved 1171456K
  class space    used 15966K, capacity 18854K, committed 18944K, reserved 1048576K
Event: 20761.489 GC heap after
Heap after GC invocations=223 (full 11):
 PSYoungGen      total 286208K, used 30832K [0x00000000eab00000, 0x0000000100000000, 0x0000000100000000)
  eden space 245760K, 0% used [0x00000000eab00000,0x00000000eab00000,0x00000000f9b00000)
  from space 40448K, 76% used [0x00000000fd880000,0x00000000ff69c2d8,0x0000000100000000)
  to   space 51712K, 0% used [0x00000000f9b00000,0x00000000f9b00000,0x00000000fcd80000)
 ParOldGen       total 253952K, used 172184K [0x00000000c0000000, 0x00000000cf800000, 0x00000000eab00000)
  object space 253952K, 67% used [0x00000000c0000000,0x00000000ca8263e0,0x00000000cf800000)
 Metaspace       used 127727K, capacity 140220K, committed 140544K, reserved 1171456K
  class space    used 15966K, capacity 18854K, committed 18944K, reserved 1048576K
}
Event: 20763.199 GC heap before
{Heap before GC invocations=224 (full 11):
 PSYoungGen      total 286208K, used 276592K [0x00000000eab00000, 0x0000000100000000, 0x0000000100000000)
  eden space 245760K, 100% used [0x00000000eab00000,0x00000000f9b00000,0x00000000f9b00000)
  from space 40448K, 76% used [0x00000000fd880000,0x00000000ff69c2d8,0x0000000100000000)
  to   space 51712K, 0% used [0x00000000f9b00000,0x00000000f9b00000,0x00000000fcd80000)
 ParOldGen       total 253952K, used 172184K [0x00000000c0000000, 0x00000000cf800000, 0x00000000eab00000)
  object space 253952K, 67% used [0x00000000c0000000,0x00000000ca8263e0,0x00000000cf800000)
 Metaspace       used 128157K, capacity 140664K, committed 140800K, reserved 1171456K
  class space    used 15979K, capacity 18892K, committed 18944K, reserved 1048576K

Deoptimization events (10 events):
Event: 20762.434 Thread 0x0000000019835800 Uncommon trap: reason=unstable_if action=reinterpret pc=0x00000000051f9dd0 method=com.android.dx.ssa.SsaRenamer$BlockRenamer.process()V @ 59
Event: 20762.435 Thread 0x0000000019768800 Uncommon trap: reason=unstable_if action=reinterpret pc=0x0000000009650a74 method=com.android.dx.dex.code.LocalList$MakeState.filterSpec(Lcom/android/dx/rop/code/RegisterSpec;)Lcom/android/dx/rop/code/RegisterSpec; @ 1
Event: 20762.435 Thread 0x0000000019835800 Uncommon trap: reason=unstable_if action=reinterpret pc=0x00000000092ce5d0 method=com.android.dx.rop.code.RegisterSpec.equals(ILcom/android/dx/rop/type/TypeBearer;Lcom/android/dx/rop/code/LocalItem;)Z @ 24
Event: 20762.435 Thread 0x0000000019835800 Uncommon trap: reason=unstable_if action=reinterpret pc=0x00000000092cc870 method=com.android.dx.rop.code.RegisterSpec.equals(ILcom/android/dx/rop/type/TypeBearer;Lcom/android/dx/rop/code/LocalItem;)Z @ 24
Event: 20762.435 Thread 0x0000000019835800 Uncommon trap: reason=unstable_if action=reinterpret pc=0x000000000952dc6c method=com.android.dx.cf.code.BaseMachine.getLocalTarget(Z)Lcom/android/dx/rop/code/RegisterSpec; @ 131
Event: 20762.437 Thread 0x0000000019835800 Uncommon trap: reason=unstable_if action=reinterpret pc=0x0000000003d36998 method=com.android.dx.ssa.SsaRenamer$BlockRenamer.process()V @ 59
Event: 20762.438 Thread 0x0000000019835800 Uncommon trap: reason=unstable_if action=reinterpret pc=0x0000000005d5a0e0 method=com.android.dx.ssa.SsaMethod.isRegALocal(Lcom/android/dx/rop/code/RegisterSpec;)Z @ 80
Event: 20762.438 Thread 0x0000000019835800 Uncommon trap: reason=unstable_if action=reinterpret pc=0x000000000863e06c method=com.android.dx.ssa.NormalSsaInsn.getLocalAssignment()Lcom/android/dx/rop/code/RegisterSpec; @ 12
Event: 20762.459 Thread 0x0000000019835800 Uncommon trap: reason=unstable_if action=reinterpret pc=0x00000000095ed89c method=com.android.dx.dex.code.LocalList$MakeState.filterSpec(Lcom/android/dx/rop/code/RegisterSpec;)Lcom/android/dx/rop/code/RegisterSpec; @ 1
Event: 20762.555 Thread 0x0000000019835800 Uncommon trap: reason=unstable_if action=reinterpret pc=0x0000000009603e34 method=com.android.dx.cf.code.RopperMachine.updateReturnOp(Lcom/android/dx/rop/code/Rop;Lcom/android/dx/rop/code/SourcePosition;)V @ 106

Classes redefined (0 events):
No events

Internal exceptions (10 events):
Event: 20757.806 Thread 0x000000001d9da000 Exception <a 'sun/nio/fs/WindowsException'> (0x00000000f0f34058) thrown at [D:\src\AOSP-openjdk-cygwin\jdk8u\hotspot\src\share\vm\prims\jni.cpp, line 709]
Event: 20757.917 Thread 0x000000001d9da000 Exception <a 'sun/nio/fs/WindowsException'> (0x00000000f0f4b8e0) thrown at [D:\src\AOSP-openjdk-cygwin\jdk8u\hotspot\src\share\vm\prims\jni.cpp, line 709]
Event: 20757.996 Thread 0x000000001d9da000 Exception <a 'sun/nio/fs/WindowsException'> (0x00000000f0f63720) thrown at [D:\src\AOSP-openjdk-cygwin\jdk8u\hotspot\src\share\vm\prims\jni.cpp, line 709]
Event: 20758.111 Thread 0x000000001d9da000 Exception <a 'sun/nio/fs/WindowsException'> (0x00000000f0f7ac38) thrown at [D:\src\AOSP-openjdk-cygwin\jdk8u\hotspot\src\share\vm\prims\jni.cpp, line 709]
Event: 20758.156 Thread 0x000000001d9da000 Exception <a 'sun/nio/fs/WindowsException'> (0x00000000f0f924c8) thrown at [D:\src\AOSP-openjdk-cygwin\jdk8u\hotspot\src\share\vm\prims\jni.cpp, line 709]
Event: 20762.311 Thread 0x000000001d107800 Exception <a 'sun/nio/fs/WindowsException'> (0x00000000f477d4f8) thrown at [D:\src\AOSP-openjdk-cygwin\jdk8u\hotspot\src\share\vm\prims\jni.cpp, line 709]
Event: 20762.380 Thread 0x0000000019835800 Exception <a 'sun/nio/fs/WindowsException'> (0x00000000f553bd00) thrown at [D:\src\AOSP-openjdk-cygwin\jdk8u\hotspot\src\share\vm\prims\jni.cpp, line 709]
Event: 20762.383 Thread 0x0000000019768800 Exception <a 'sun/nio/fs/WindowsException'> (0x00000000f5691228) thrown at [D:\src\AOSP-openjdk-cygwin\jdk8u\hotspot\src\share\vm\prims\jni.cpp, line 709]
Event: 20762.384 Thread 0x0000000019767000 Exception <a 'sun/nio/fs/WindowsException'> (0x00000000f56198f0) thrown at [D:\src\AOSP-openjdk-cygwin\jdk8u\hotspot\src\share\vm\prims\jni.cpp, line 709]
Event: 20762.416 Thread 0x0000000019835800 Implicit null exception at 0x0000000007e3e190 to 0x0000000007e3e22a

Events (10 events):
Event: 20762.623 Thread 0x000000001d107800 DEOPT UNPACKING pc=0x00000000029575bf sp=0x0000000027aae650 mode 0
Event: 20762.679 Thread 0x0000000019767000 DEOPT PACKING pc=0x000000000650f265 sp=0x00000000279ae9c0
Event: 20762.679 Thread 0x0000000019767000 DEOPT UNPACKING pc=0x00000000029575bf sp=0x00000000279ae6f0 mode 0
Event: 20762.679 Thread 0x0000000019835800 DEOPT PACKING pc=0x0000000007cfe851 sp=0x0000000027baeac0
Event: 20762.679 Thread 0x0000000019835800 DEOPT UNPACKING pc=0x00000000029575bf sp=0x0000000027bae8f0 mode 0
Event: 20762.702 Thread 0x0000000019835800 DEOPT PACKING pc=0x0000000007e44f2a sp=0x0000000027bae7b0
Event: 20762.702 Thread 0x0000000019835800 DEOPT UNPACKING pc=0x00000000029575bf sp=0x0000000027bae590 mode 0
Event: 20762.736 Thread 0x000000001d107800 DEOPT PACKING pc=0x0000000009593a0a sp=0x0000000027aaec90
Event: 20762.736 Thread 0x000000001d107800 DEOPT UNPACKING pc=0x00000000029575bf sp=0x0000000027aaea70 mode 0
Event: 20762.765 Executing VM operation: ParallelGCFailedAllocation


Dynamic libraries:
0x000007f790400000 - 0x000007f790431000 	C:\Program Files\Android\Android Studio\jre\bin\java.exe
0x000007f9d4040000 - 0x000007f9d41fe000 	C:\Windows\SYSTEM32\ntdll.dll
0x000007f9d2100000 - 0x000007f9d2236000 	C:\Windows\system32\KERNEL32.DLL
0x000007f9d1040000 - 0x000007f9d1133000 	C:\Windows\system32\KERNELBASE.dll
0x000007f9d1980000 - 0x000007f9d1a5e000 	C:\Windows\system32\ADVAPI32.dll
0x000007f9d3ef0000 - 0x000007f9d403c000 	C:\Windows\system32\USER32.dll
0x000007f9ced50000 - 0x000007f9cefb9000 	C:\Windows\WinSxS\amd64_microsoft.windows.common-controls_6595b64144ccf1df_6.0.9200.16384_none_418c2a697189c07f\COMCTL32.dll
0x000007f9d2620000 - 0x000007f9d26c5000 	C:\Windows\system32\msvcrt.dll
0x000007f9d3ea0000 - 0x000007f9d3ee8000 	C:\Windows\SYSTEM32\sechost.dll
0x000007f9d14c0000 - 0x000007f9d1600000 	C:\Windows\system32\RPCRT4.dll
0x000007f9d1fc0000 - 0x000007f9d2100000 	C:\Windows\system32\GDI32.dll
0x000007f9d1f80000 - 0x000007f9d1fb9000 	C:\Windows\system32\IMM32.DLL
0x000007f9d1600000 - 0x000007f9d1714000 	C:\Windows\system32\MSCTF.dll
0x0000000066000000 - 0x00000000660d2000 	C:\Program Files\Android\Android Studio\jre\jre\bin\msvcr100.dll
0x00000000664e0000 - 0x0000000066d1e000 	C:\Program Files\Android\Android Studio\jre\jre\bin\server\jvm.dll
0x000007f9c6860000 - 0x000007f9c6869000 	C:\Windows\SYSTEM32\WSOCK32.dll
0x000007f9c81a0000 - 0x000007f9c81c0000 	C:\Windows\SYSTEM32\WINMM.dll
0x000007f9cac40000 - 0x000007f9cac49000 	C:\Windows\SYSTEM32\VERSION.dll
0x000007f9d3e90000 - 0x000007f9d3e97000 	C:\Windows\system32\PSAPI.DLL
0x000007f9d18c0000 - 0x000007f9d1918000 	C:\Windows\system32\WS2_32.dll
0x000007f9c8160000 - 0x000007f9c8192000 	C:\Windows\SYSTEM32\WINMMBASE.dll
0x000007f9d14b0000 - 0x000007f9d14b9000 	C:\Windows\system32\NSI.dll
0x000007f9bf910000 - 0x000007f9bf91f000 	C:\Program Files\Android\Android Studio\jre\jre\bin\verify.dll
0x000007f9bf8e0000 - 0x000007f9bf909000 	C:\Program Files\Android\Android Studio\jre\jre\bin\java.dll
0x000007f9bf8c0000 - 0x000007f9bf8d6000 	C:\Program Files\Android\Android Studio\jre\jre\bin\zip.dll
0x000007f9d2a30000 - 0x000007f9d3d15000 	C:\Windows\system32\SHELL32.dll
0x000007f9d2240000 - 0x000007f9d23f0000 	C:\Windows\SYSTEM32\combase.dll
0x000007f9d1720000 - 0x000007f9d1770000 	C:\Windows\system32\SHLWAPI.dll
0x000007f9cf740000 - 0x000007f9cf7d6000 	C:\Windows\SYSTEM32\SHCORE.dll
0x000007f9d0f70000 - 0x000007f9d0f85000 	C:\Windows\SYSTEM32\profapi.dll
0x000007f9bf8a0000 - 0x000007f9bf8ba000 	C:\Program Files\Android\Android Studio\jre\jre\bin\net.dll
0x000007f9d07c0000 - 0x000007f9d081c000 	C:\Windows\system32\mswsock.dll
0x000007f9bf880000 - 0x000007f9bf891000 	C:\Program Files\Android\Android Studio\jre\jre\bin\nio.dll
0x000007f9bb390000 - 0x000007f9bb3ae000 	C:\Users\softcraft\.gradle\native\25\windows-amd64\native-platform.dll
0x000007f9ce0c0000 - 0x000007f9ce0cd000 	C:\Program Files\Android\Android Studio\jre\jre\bin\management.dll
0x000007f9d0820000 - 0x000007f9d083a000 	C:\Windows\SYSTEM32\CRYPTSP.dll
0x000007f9d04a0000 - 0x000007f9d04e9000 	C:\Windows\system32\rsaenh.dll
0x000007f9d05a0000 - 0x000007f9d05bf000 	C:\Windows\SYSTEM32\USERENV.dll
0x000007f9d0db0000 - 0x000007f9d0dba000 	C:\Windows\SYSTEM32\CRYPTBASE.dll
0x000007f9d0d50000 - 0x000007f9d0dac000 	C:\Windows\SYSTEM32\bcryptPrimitives.dll
0x000007f9cc2e0000 - 0x000007f9cc30c000 	C:\Windows\SYSTEM32\IPHLPAPI.DLL
0x000007f9cc130000 - 0x000007f9cc13a000 	C:\Windows\SYSTEM32\WINNSI.DLL
0x000007f9cbf50000 - 0x000007f9cbf63000 	C:\Windows\SYSTEM32\dhcpcsvc6.DLL
0x000007f9cbf30000 - 0x000007f9cbf48000 	C:\Windows\SYSTEM32\dhcpcsvc.DLL
0x000007f9c1e10000 - 0x000007f9c1e34000 	C:\Program Files\Android\Android Studio\jre\jre\bin\sunec.dll
0x000007f9d0600000 - 0x000007f9d0698000 	C:\Windows\SYSTEM32\DNSAPI.dll
0x000007f9c7bf0000 - 0x000007f9c7bf8000 	C:\Windows\System32\rasadhlp.dll
0x000007f9cbfe0000 - 0x000007f9cc03f000 	C:\Windows\System32\fwpuclnt.dll
0x000007f9bb3b0000 - 0x000007f9bb3bb000 	C:\Program Files\Android\Android Studio\jre\jre\bin\sunmscapi.dll
0x000007f9d1140000 - 0x000007f9d1317000 	C:\Windows\system32\CRYPT32.dll
0x000007f9d1020000 - 0x000007f9d1036000 	C:\Windows\system32\MSASN1.dll
0x000007f9cb4d0000 - 0x000007f9cb4fe000 	C:\Windows\SYSTEM32\ntmarta.dll
0x000007f9cca70000 - 0x000007f9ccb0f000 	C:\Windows\system32\apphelp.dll
0x000007f9bc3c0000 - 0x000007f9bc523000 	C:\Windows\SYSTEM32\dbghelp.dll

VM Arguments:
jvm_args: -XX:+HeapDumpOnOutOfMemoryError -Xmx1024m -Dfile.encoding=windows-1252 -Duser.country=US -Duser.language=en -Duser.variant 
java_command: org.gradle.launcher.daemon.bootstrap.GradleDaemon 4.1
java_class_path (initial): C:\Users\softcraft\.gradle\wrapper\dists\gradle-4.1-all\bzyivzo6n839fup2jbap0tjew\gradle-4.1\lib\gradle-launcher-4.1.jar
Launcher Type: SUN_STANDARD

Environment Variables:
PATH=C:\ProgramData\Oracle\Java\javapath;C:\Windows\system32;C:\Windows;C:\Windows\System32\Wbem;C:\Windows\System32\WindowsPowerShell\v1.0\;C:\Program Files (x86)\Calibre2\;C:\Program Files (x86)\GtkSharp\2.12\bin;C:\Program Files (x86)\Common Files\lenovo\easyplussdk\bin;C:\Program Files\Java\jre7\bin;C:\adb;C:\Program Files\Java\jre7\bin
USERNAME=softcraft
OS=Windows_NT
PROCESSOR_IDENTIFIER=Intel64 Family 6 Model 58 Stepping 9, GenuineIntel



---------------  S Y S T E M  ---------------

OS: Windows 8 , 64 bit Build 9200 (6.2.9200.16384)

CPU:total 4 (initial active 4) (4 cores per cpu, 1 threads per core) family 6 model 58 stepping 9, cmov, cx8, fxsr, mmx, sse, sse2, sse3, ssse3, sse4.1, sse4.2, popcnt, avx, aes, clmul, erms, tsc, tscinvbit, tscinv

Memory: 4k page, physical 4087848k(176076k free), swap 9330728k(3394148k free)

vm_info: OpenJDK 64-Bit Server VM (25.152-b01) for windows-amd64 JRE (1.8.0_152-release-915-b01), built by "builder" with MS VC++ 10.0 (VS2010)

time: Thu Dec 07 18:54:41 2017
elapsed time: 20766 seconds (0d 5h 46m 6s)

